[INFO] Scanning for projects...
[INFO] Inspecting build with total of 13 modules...
[INFO] Installing Nexus Staging features:
[INFO]   ... total of 9 executions of maven-deploy-plugin replaced with nexus-staging-maven-plugin
[INFO] ------------------------------------------------------------------------
[INFO] Reactor Build Order:
[INFO] 
[INFO] Jave windows 32 bit native package                                 [jar]
[INFO] Jave windows 64 bit native package                                 [jar]
[INFO] Jave linux 32 bit native package                                   [jar]
[INFO] Jave linux 64 bit native package                                   [jar]
[INFO] Jave OSX 64 bit native package                                     [jar]
[INFO] Jave linux arm 64 bit native package                               [jar]
[INFO] Jave linux arm 32 bit native package                               [jar]
[INFO] Jave core package                                                  [jar]
[INFO] jave-core-test                                                     [jar]
[INFO] jave-core-test-java11                                              [jar]
[INFO] jave-example                                                       [jar]
[INFO] Jave all native dependencies package                               [jar]
[INFO] Jave master project                                                [pom]
[INFO] 
[INFO] -------------------< ws.schild:jave-nativebin-win32 >-------------------
[INFO] Building Jave windows 32 bit native package 3.1.0-SNAPSHOT        [1/13]
[INFO] --------------------------------[ jar ]---------------------------------
[INFO] 
[INFO] --- maven-clean-plugin:2.5:clean (default-clean) @ jave-nativebin-win32 ---
[INFO] Deleting /home/codegex/Documents/workspace/rbugs/experiment/top100repos/jave2/jave-nativebin-win32/target
[INFO] 
[INFO] --- maven-resources-plugin:3.1.0:resources (default-resources) @ jave-nativebin-win32 ---
[INFO] Using 'UTF-8' encoding to copy filtered resources.
[INFO] Copying 1 resource
[INFO] 
[INFO] --- maven-compiler-plugin:3.8.1:compile (default-compile) @ jave-nativebin-win32 ---
[INFO] No sources to compile
[INFO] 
[INFO] --- maven-resources-plugin:3.1.0:testResources (default-testResources) @ jave-nativebin-win32 ---
[INFO] Using 'UTF-8' encoding to copy filtered resources.
[INFO] skip non existing resourceDirectory /home/codegex/Documents/workspace/rbugs/experiment/top100repos/jave2/jave-nativebin-win32/src/test/resources
[INFO] 
[INFO] --- maven-compiler-plugin:3.8.1:testCompile (default-testCompile) @ jave-nativebin-win32 ---
[INFO] No sources to compile
[INFO] 
[INFO] --- maven-surefire-plugin:2.12.4:test (default-test) @ jave-nativebin-win32 ---
[INFO] Tests are skipped.
[INFO] 
[INFO] --- maven-jar-plugin:2.4:jar (default-jar) @ jave-nativebin-win32 ---
[INFO] Building jar: /home/codegex/Documents/workspace/rbugs/experiment/top100repos/jave2/jave-nativebin-win32/target/jave-nativebin-win32-3.1.0-SNAPSHOT.jar
[INFO] 
[INFO] --- maven-source-plugin:3.1.0:jar-no-fork (attach-sources) @ jave-nativebin-win32 ---
[INFO] Building jar: /home/codegex/Documents/workspace/rbugs/experiment/top100repos/jave2/jave-nativebin-win32/target/jave-nativebin-win32-3.1.0-SNAPSHOT-sources.jar
[INFO] 
[INFO] --- maven-javadoc-plugin:3.1.0:jar (attach-javadocs) @ jave-nativebin-win32 ---
[INFO] Skipping javadoc generation
[INFO] 
[INFO] --- maven-gpg-plugin:1.6:sign (sign-artifacts) @ jave-nativebin-win32 ---
[INFO] 
[INFO] --- maven-install-plugin:2.4:install (default-install) @ jave-nativebin-win32 ---
[INFO] Installing /home/codegex/Documents/workspace/rbugs/experiment/top100repos/jave2/jave-nativebin-win32/target/jave-nativebin-win32-3.1.0-SNAPSHOT.jar to /home/codegex/.m2/repository/ws/schild/jave-nativebin-win32/3.1.0-SNAPSHOT/jave-nativebin-win32-3.1.0-SNAPSHOT.jar
[INFO] Installing /home/codegex/Documents/workspace/rbugs/experiment/top100repos/jave2/jave-nativebin-win32/pom.xml to /home/codegex/.m2/repository/ws/schild/jave-nativebin-win32/3.1.0-SNAPSHOT/jave-nativebin-win32-3.1.0-SNAPSHOT.pom
[INFO] Installing /home/codegex/Documents/workspace/rbugs/experiment/top100repos/jave2/jave-nativebin-win32/target/jave-nativebin-win32-3.1.0-SNAPSHOT-sources.jar to /home/codegex/.m2/repository/ws/schild/jave-nativebin-win32/3.1.0-SNAPSHOT/jave-nativebin-win32-3.1.0-SNAPSHOT-sources.jar
[INFO] 
[INFO] -------------------< ws.schild:jave-nativebin-win64 >-------------------
[INFO] Building Jave windows 64 bit native package 3.1.0-SNAPSHOT        [2/13]
[INFO] --------------------------------[ jar ]---------------------------------
[INFO] 
[INFO] --- maven-clean-plugin:2.5:clean (default-clean) @ jave-nativebin-win64 ---
[INFO] Deleting /home/codegex/Documents/workspace/rbugs/experiment/top100repos/jave2/jave-nativebin-win64/target
[INFO] 
[INFO] --- maven-resources-plugin:3.1.0:resources (default-resources) @ jave-nativebin-win64 ---
[INFO] Using 'UTF-8' encoding to copy filtered resources.
[INFO] Copying 1 resource
[INFO] 
[INFO] --- maven-compiler-plugin:3.8.1:compile (default-compile) @ jave-nativebin-win64 ---
[INFO] No sources to compile
[INFO] 
[INFO] --- maven-resources-plugin:3.1.0:testResources (default-testResources) @ jave-nativebin-win64 ---
[INFO] Using 'UTF-8' encoding to copy filtered resources.
[INFO] skip non existing resourceDirectory /home/codegex/Documents/workspace/rbugs/experiment/top100repos/jave2/jave-nativebin-win64/src/test/resources
[INFO] 
[INFO] --- maven-compiler-plugin:3.8.1:testCompile (default-testCompile) @ jave-nativebin-win64 ---
[INFO] No sources to compile
[INFO] 
[INFO] --- maven-surefire-plugin:2.12.4:test (default-test) @ jave-nativebin-win64 ---
[INFO] Tests are skipped.
[INFO] 
[INFO] --- maven-jar-plugin:2.4:jar (default-jar) @ jave-nativebin-win64 ---
[INFO] Building jar: /home/codegex/Documents/workspace/rbugs/experiment/top100repos/jave2/jave-nativebin-win64/target/jave-nativebin-win64-3.1.0-SNAPSHOT.jar
[INFO] 
[INFO] --- maven-source-plugin:3.1.0:jar-no-fork (attach-sources) @ jave-nativebin-win64 ---
[INFO] Building jar: /home/codegex/Documents/workspace/rbugs/experiment/top100repos/jave2/jave-nativebin-win64/target/jave-nativebin-win64-3.1.0-SNAPSHOT-sources.jar
[INFO] 
[INFO] --- maven-javadoc-plugin:3.1.0:jar (attach-javadocs) @ jave-nativebin-win64 ---
[INFO] Skipping javadoc generation
[INFO] 
[INFO] --- maven-gpg-plugin:1.6:sign (sign-artifacts) @ jave-nativebin-win64 ---
[INFO] 
[INFO] --- maven-install-plugin:2.4:install (default-install) @ jave-nativebin-win64 ---
[INFO] Installing /home/codegex/Documents/workspace/rbugs/experiment/top100repos/jave2/jave-nativebin-win64/target/jave-nativebin-win64-3.1.0-SNAPSHOT.jar to /home/codegex/.m2/repository/ws/schild/jave-nativebin-win64/3.1.0-SNAPSHOT/jave-nativebin-win64-3.1.0-SNAPSHOT.jar
[INFO] Installing /home/codegex/Documents/workspace/rbugs/experiment/top100repos/jave2/jave-nativebin-win64/pom.xml to /home/codegex/.m2/repository/ws/schild/jave-nativebin-win64/3.1.0-SNAPSHOT/jave-nativebin-win64-3.1.0-SNAPSHOT.pom
[INFO] Installing /home/codegex/Documents/workspace/rbugs/experiment/top100repos/jave2/jave-nativebin-win64/target/jave-nativebin-win64-3.1.0-SNAPSHOT-sources.jar to /home/codegex/.m2/repository/ws/schild/jave-nativebin-win64/3.1.0-SNAPSHOT/jave-nativebin-win64-3.1.0-SNAPSHOT-sources.jar
[INFO] 
[INFO] ------------------< ws.schild:jave-nativebin-linux32 >------------------
[INFO] Building Jave linux 32 bit native package 3.1.0-SNAPSHOT          [3/13]
[INFO] --------------------------------[ jar ]---------------------------------
[INFO] 
[INFO] --- maven-clean-plugin:2.5:clean (default-clean) @ jave-nativebin-linux32 ---
[INFO] Deleting /home/codegex/Documents/workspace/rbugs/experiment/top100repos/jave2/jave-nativebin-linux32/target
[INFO] 
[INFO] --- maven-resources-plugin:3.1.0:resources (default-resources) @ jave-nativebin-linux32 ---
[INFO] Using 'UTF-8' encoding to copy filtered resources.
[INFO] Copying 1 resource
[INFO] 
[INFO] --- maven-compiler-plugin:3.8.1:compile (default-compile) @ jave-nativebin-linux32 ---
[INFO] No sources to compile
[INFO] 
[INFO] --- maven-resources-plugin:3.1.0:testResources (default-testResources) @ jave-nativebin-linux32 ---
[INFO] Using 'UTF-8' encoding to copy filtered resources.
[INFO] skip non existing resourceDirectory /home/codegex/Documents/workspace/rbugs/experiment/top100repos/jave2/jave-nativebin-linux32/src/test/resources
[INFO] 
[INFO] --- maven-compiler-plugin:3.8.1:testCompile (default-testCompile) @ jave-nativebin-linux32 ---
[INFO] No sources to compile
[INFO] 
[INFO] --- maven-surefire-plugin:2.12.4:test (default-test) @ jave-nativebin-linux32 ---
[INFO] Tests are skipped.
[INFO] 
[INFO] --- maven-jar-plugin:2.4:jar (default-jar) @ jave-nativebin-linux32 ---
[INFO] Building jar: /home/codegex/Documents/workspace/rbugs/experiment/top100repos/jave2/jave-nativebin-linux32/target/jave-nativebin-linux32-3.1.0-SNAPSHOT.jar
[INFO] 
[INFO] --- maven-source-plugin:3.1.0:jar-no-fork (attach-sources) @ jave-nativebin-linux32 ---
[INFO] Building jar: /home/codegex/Documents/workspace/rbugs/experiment/top100repos/jave2/jave-nativebin-linux32/target/jave-nativebin-linux32-3.1.0-SNAPSHOT-sources.jar
[INFO] 
[INFO] --- maven-javadoc-plugin:3.1.0:jar (attach-javadocs) @ jave-nativebin-linux32 ---
[INFO] Skipping javadoc generation
[INFO] 
[INFO] --- maven-gpg-plugin:1.6:sign (sign-artifacts) @ jave-nativebin-linux32 ---
[INFO] 
[INFO] --- maven-install-plugin:2.4:install (default-install) @ jave-nativebin-linux32 ---
[INFO] Installing /home/codegex/Documents/workspace/rbugs/experiment/top100repos/jave2/jave-nativebin-linux32/target/jave-nativebin-linux32-3.1.0-SNAPSHOT.jar to /home/codegex/.m2/repository/ws/schild/jave-nativebin-linux32/3.1.0-SNAPSHOT/jave-nativebin-linux32-3.1.0-SNAPSHOT.jar
[INFO] Installing /home/codegex/Documents/workspace/rbugs/experiment/top100repos/jave2/jave-nativebin-linux32/pom.xml to /home/codegex/.m2/repository/ws/schild/jave-nativebin-linux32/3.1.0-SNAPSHOT/jave-nativebin-linux32-3.1.0-SNAPSHOT.pom
[INFO] Installing /home/codegex/Documents/workspace/rbugs/experiment/top100repos/jave2/jave-nativebin-linux32/target/jave-nativebin-linux32-3.1.0-SNAPSHOT-sources.jar to /home/codegex/.m2/repository/ws/schild/jave-nativebin-linux32/3.1.0-SNAPSHOT/jave-nativebin-linux32-3.1.0-SNAPSHOT-sources.jar
[INFO] 
[INFO] ------------------< ws.schild:jave-nativebin-linux64 >------------------
[INFO] Building Jave linux 64 bit native package 3.1.0-SNAPSHOT          [4/13]
[INFO] --------------------------------[ jar ]---------------------------------
[INFO] 
[INFO] --- maven-clean-plugin:2.5:clean (default-clean) @ jave-nativebin-linux64 ---
[INFO] Deleting /home/codegex/Documents/workspace/rbugs/experiment/top100repos/jave2/jave-nativebin-linux64/target
[INFO] 
[INFO] --- maven-resources-plugin:3.1.0:resources (default-resources) @ jave-nativebin-linux64 ---
[INFO] Using 'UTF-8' encoding to copy filtered resources.
[INFO] Copying 1 resource
[INFO] 
[INFO] --- maven-compiler-plugin:3.8.1:compile (default-compile) @ jave-nativebin-linux64 ---
[INFO] No sources to compile
[INFO] 
[INFO] --- maven-resources-plugin:3.1.0:testResources (default-testResources) @ jave-nativebin-linux64 ---
[INFO] Using 'UTF-8' encoding to copy filtered resources.
[INFO] skip non existing resourceDirectory /home/codegex/Documents/workspace/rbugs/experiment/top100repos/jave2/jave-nativebin-linux64/src/test/resources
[INFO] 
[INFO] --- maven-compiler-plugin:3.8.1:testCompile (default-testCompile) @ jave-nativebin-linux64 ---
[INFO] No sources to compile
[INFO] 
[INFO] --- maven-surefire-plugin:2.12.4:test (default-test) @ jave-nativebin-linux64 ---
[INFO] Tests are skipped.
[INFO] 
[INFO] --- maven-jar-plugin:2.4:jar (default-jar) @ jave-nativebin-linux64 ---
[INFO] Building jar: /home/codegex/Documents/workspace/rbugs/experiment/top100repos/jave2/jave-nativebin-linux64/target/jave-nativebin-linux64-3.1.0-SNAPSHOT.jar
[INFO] 
[INFO] --- maven-source-plugin:3.1.0:jar-no-fork (attach-sources) @ jave-nativebin-linux64 ---
[INFO] Building jar: /home/codegex/Documents/workspace/rbugs/experiment/top100repos/jave2/jave-nativebin-linux64/target/jave-nativebin-linux64-3.1.0-SNAPSHOT-sources.jar
[INFO] 
[INFO] --- maven-javadoc-plugin:3.1.0:jar (attach-javadocs) @ jave-nativebin-linux64 ---
[INFO] Skipping javadoc generation
[INFO] 
[INFO] --- maven-gpg-plugin:1.6:sign (sign-artifacts) @ jave-nativebin-linux64 ---
[INFO] 
[INFO] --- maven-install-plugin:2.4:install (default-install) @ jave-nativebin-linux64 ---
[INFO] Installing /home/codegex/Documents/workspace/rbugs/experiment/top100repos/jave2/jave-nativebin-linux64/target/jave-nativebin-linux64-3.1.0-SNAPSHOT.jar to /home/codegex/.m2/repository/ws/schild/jave-nativebin-linux64/3.1.0-SNAPSHOT/jave-nativebin-linux64-3.1.0-SNAPSHOT.jar
[INFO] Installing /home/codegex/Documents/workspace/rbugs/experiment/top100repos/jave2/jave-nativebin-linux64/pom.xml to /home/codegex/.m2/repository/ws/schild/jave-nativebin-linux64/3.1.0-SNAPSHOT/jave-nativebin-linux64-3.1.0-SNAPSHOT.pom
[INFO] Installing /home/codegex/Documents/workspace/rbugs/experiment/top100repos/jave2/jave-nativebin-linux64/target/jave-nativebin-linux64-3.1.0-SNAPSHOT-sources.jar to /home/codegex/.m2/repository/ws/schild/jave-nativebin-linux64/3.1.0-SNAPSHOT/jave-nativebin-linux64-3.1.0-SNAPSHOT-sources.jar
[INFO] 
[INFO] -------------------< ws.schild:jave-nativebin-osx64 >-------------------
[INFO] Building Jave OSX 64 bit native package 3.1.0-SNAPSHOT            [5/13]
[INFO] --------------------------------[ jar ]---------------------------------
[INFO] 
[INFO] --- maven-clean-plugin:2.5:clean (default-clean) @ jave-nativebin-osx64 ---
[INFO] Deleting /home/codegex/Documents/workspace/rbugs/experiment/top100repos/jave2/jave-nativebin-osx64/target
[INFO] 
[INFO] --- maven-resources-plugin:3.1.0:resources (default-resources) @ jave-nativebin-osx64 ---
[INFO] Using 'UTF-8' encoding to copy filtered resources.
[INFO] Copying 1 resource
[INFO] 
[INFO] --- maven-compiler-plugin:3.8.1:compile (default-compile) @ jave-nativebin-osx64 ---
[INFO] No sources to compile
[INFO] 
[INFO] --- maven-resources-plugin:3.1.0:testResources (default-testResources) @ jave-nativebin-osx64 ---
[INFO] Using 'UTF-8' encoding to copy filtered resources.
[INFO] skip non existing resourceDirectory /home/codegex/Documents/workspace/rbugs/experiment/top100repos/jave2/jave-nativebin-osx64/src/test/resources
[INFO] 
[INFO] --- maven-compiler-plugin:3.8.1:testCompile (default-testCompile) @ jave-nativebin-osx64 ---
[INFO] No sources to compile
[INFO] 
[INFO] --- maven-surefire-plugin:2.12.4:test (default-test) @ jave-nativebin-osx64 ---
[INFO] Tests are skipped.
[INFO] 
[INFO] --- maven-jar-plugin:2.4:jar (default-jar) @ jave-nativebin-osx64 ---
[INFO] Building jar: /home/codegex/Documents/workspace/rbugs/experiment/top100repos/jave2/jave-nativebin-osx64/target/jave-nativebin-osx64-3.1.0-SNAPSHOT.jar
[INFO] 
[INFO] --- maven-source-plugin:3.1.0:jar-no-fork (attach-sources) @ jave-nativebin-osx64 ---
[INFO] Building jar: /home/codegex/Documents/workspace/rbugs/experiment/top100repos/jave2/jave-nativebin-osx64/target/jave-nativebin-osx64-3.1.0-SNAPSHOT-sources.jar
[INFO] 
[INFO] --- maven-javadoc-plugin:3.1.0:jar (attach-javadocs) @ jave-nativebin-osx64 ---
[INFO] Skipping javadoc generation
[INFO] 
[INFO] --- maven-gpg-plugin:1.6:sign (sign-artifacts) @ jave-nativebin-osx64 ---
[INFO] 
[INFO] --- maven-install-plugin:2.4:install (default-install) @ jave-nativebin-osx64 ---
[INFO] Installing /home/codegex/Documents/workspace/rbugs/experiment/top100repos/jave2/jave-nativebin-osx64/target/jave-nativebin-osx64-3.1.0-SNAPSHOT.jar to /home/codegex/.m2/repository/ws/schild/jave-nativebin-osx64/3.1.0-SNAPSHOT/jave-nativebin-osx64-3.1.0-SNAPSHOT.jar
[INFO] Installing /home/codegex/Documents/workspace/rbugs/experiment/top100repos/jave2/jave-nativebin-osx64/pom.xml to /home/codegex/.m2/repository/ws/schild/jave-nativebin-osx64/3.1.0-SNAPSHOT/jave-nativebin-osx64-3.1.0-SNAPSHOT.pom
[INFO] Installing /home/codegex/Documents/workspace/rbugs/experiment/top100repos/jave2/jave-nativebin-osx64/target/jave-nativebin-osx64-3.1.0-SNAPSHOT-sources.jar to /home/codegex/.m2/repository/ws/schild/jave-nativebin-osx64/3.1.0-SNAPSHOT/jave-nativebin-osx64-3.1.0-SNAPSHOT-sources.jar
[INFO] 
[INFO] ----------------< ws.schild:jave-nativebin-linux-arm64 >----------------
[INFO] Building Jave linux arm 64 bit native package 3.1.0-SNAPSHOT      [6/13]
[INFO] --------------------------------[ jar ]---------------------------------
[INFO] 
[INFO] --- maven-clean-plugin:2.5:clean (default-clean) @ jave-nativebin-linux-arm64 ---
[INFO] Deleting /home/codegex/Documents/workspace/rbugs/experiment/top100repos/jave2/jave-nativebin-arm64/target
[INFO] 
[INFO] --- maven-resources-plugin:3.1.0:resources (default-resources) @ jave-nativebin-linux-arm64 ---
[INFO] Using 'UTF-8' encoding to copy filtered resources.
[INFO] Copying 1 resource
[INFO] 
[INFO] --- maven-compiler-plugin:3.8.1:compile (default-compile) @ jave-nativebin-linux-arm64 ---
[INFO] No sources to compile
[INFO] 
[INFO] --- maven-resources-plugin:3.1.0:testResources (default-testResources) @ jave-nativebin-linux-arm64 ---
[INFO] Using 'UTF-8' encoding to copy filtered resources.
[INFO] skip non existing resourceDirectory /home/codegex/Documents/workspace/rbugs/experiment/top100repos/jave2/jave-nativebin-arm64/src/test/resources
[INFO] 
[INFO] --- maven-compiler-plugin:3.8.1:testCompile (default-testCompile) @ jave-nativebin-linux-arm64 ---
[INFO] No sources to compile
[INFO] 
[INFO] --- maven-surefire-plugin:2.12.4:test (default-test) @ jave-nativebin-linux-arm64 ---
[INFO] Tests are skipped.
[INFO] 
[INFO] --- maven-jar-plugin:2.4:jar (default-jar) @ jave-nativebin-linux-arm64 ---
[INFO] Building jar: /home/codegex/Documents/workspace/rbugs/experiment/top100repos/jave2/jave-nativebin-arm64/target/jave-nativebin-linux-arm64-3.1.0-SNAPSHOT.jar
[INFO] 
[INFO] --- maven-source-plugin:3.1.0:jar-no-fork (attach-sources) @ jave-nativebin-linux-arm64 ---
[INFO] Building jar: /home/codegex/Documents/workspace/rbugs/experiment/top100repos/jave2/jave-nativebin-arm64/target/jave-nativebin-linux-arm64-3.1.0-SNAPSHOT-sources.jar
[INFO] 
[INFO] --- maven-javadoc-plugin:3.1.0:jar (attach-javadocs) @ jave-nativebin-linux-arm64 ---
[INFO] Skipping javadoc generation
[INFO] 
[INFO] --- maven-gpg-plugin:1.6:sign (sign-artifacts) @ jave-nativebin-linux-arm64 ---
[INFO] 
[INFO] --- maven-install-plugin:2.4:install (default-install) @ jave-nativebin-linux-arm64 ---
[INFO] Installing /home/codegex/Documents/workspace/rbugs/experiment/top100repos/jave2/jave-nativebin-arm64/target/jave-nativebin-linux-arm64-3.1.0-SNAPSHOT.jar to /home/codegex/.m2/repository/ws/schild/jave-nativebin-linux-arm64/3.1.0-SNAPSHOT/jave-nativebin-linux-arm64-3.1.0-SNAPSHOT.jar
[INFO] Installing /home/codegex/Documents/workspace/rbugs/experiment/top100repos/jave2/jave-nativebin-arm64/pom.xml to /home/codegex/.m2/repository/ws/schild/jave-nativebin-linux-arm64/3.1.0-SNAPSHOT/jave-nativebin-linux-arm64-3.1.0-SNAPSHOT.pom
[INFO] Installing /home/codegex/Documents/workspace/rbugs/experiment/top100repos/jave2/jave-nativebin-arm64/target/jave-nativebin-linux-arm64-3.1.0-SNAPSHOT-sources.jar to /home/codegex/.m2/repository/ws/schild/jave-nativebin-linux-arm64/3.1.0-SNAPSHOT/jave-nativebin-linux-arm64-3.1.0-SNAPSHOT-sources.jar
[INFO] 
[INFO] ----------------< ws.schild:jave-nativebin-linux-arm32 >----------------
[INFO] Building Jave linux arm 32 bit native package 3.1.0-SNAPSHOT      [7/13]
[INFO] --------------------------------[ jar ]---------------------------------
[INFO] 
[INFO] --- maven-clean-plugin:2.5:clean (default-clean) @ jave-nativebin-linux-arm32 ---
[INFO] Deleting /home/codegex/Documents/workspace/rbugs/experiment/top100repos/jave2/jave-nativebin-arm32/target
[INFO] 
[INFO] --- maven-resources-plugin:3.1.0:resources (default-resources) @ jave-nativebin-linux-arm32 ---
[INFO] Using 'UTF-8' encoding to copy filtered resources.
[INFO] Copying 1 resource
[INFO] 
[INFO] --- maven-compiler-plugin:3.8.1:compile (default-compile) @ jave-nativebin-linux-arm32 ---
[INFO] No sources to compile
[INFO] 
[INFO] --- maven-resources-plugin:3.1.0:testResources (default-testResources) @ jave-nativebin-linux-arm32 ---
[INFO] Using 'UTF-8' encoding to copy filtered resources.
[INFO] skip non existing resourceDirectory /home/codegex/Documents/workspace/rbugs/experiment/top100repos/jave2/jave-nativebin-arm32/src/test/resources
[INFO] 
[INFO] --- maven-compiler-plugin:3.8.1:testCompile (default-testCompile) @ jave-nativebin-linux-arm32 ---
[INFO] No sources to compile
[INFO] 
[INFO] --- maven-surefire-plugin:2.12.4:test (default-test) @ jave-nativebin-linux-arm32 ---
[INFO] Tests are skipped.
[INFO] 
[INFO] --- maven-jar-plugin:2.4:jar (default-jar) @ jave-nativebin-linux-arm32 ---
[INFO] Building jar: /home/codegex/Documents/workspace/rbugs/experiment/top100repos/jave2/jave-nativebin-arm32/target/jave-nativebin-linux-arm32-3.1.0-SNAPSHOT.jar
[INFO] 
[INFO] --- maven-source-plugin:3.1.0:jar-no-fork (attach-sources) @ jave-nativebin-linux-arm32 ---
[INFO] Building jar: /home/codegex/Documents/workspace/rbugs/experiment/top100repos/jave2/jave-nativebin-arm32/target/jave-nativebin-linux-arm32-3.1.0-SNAPSHOT-sources.jar
[INFO] 
[INFO] --- maven-javadoc-plugin:3.1.0:jar (attach-javadocs) @ jave-nativebin-linux-arm32 ---
[INFO] Skipping javadoc generation
[INFO] 
[INFO] --- maven-gpg-plugin:1.6:sign (sign-artifacts) @ jave-nativebin-linux-arm32 ---
[INFO] 
[INFO] --- maven-install-plugin:2.4:install (default-install) @ jave-nativebin-linux-arm32 ---
[INFO] Installing /home/codegex/Documents/workspace/rbugs/experiment/top100repos/jave2/jave-nativebin-arm32/target/jave-nativebin-linux-arm32-3.1.0-SNAPSHOT.jar to /home/codegex/.m2/repository/ws/schild/jave-nativebin-linux-arm32/3.1.0-SNAPSHOT/jave-nativebin-linux-arm32-3.1.0-SNAPSHOT.jar
[INFO] Installing /home/codegex/Documents/workspace/rbugs/experiment/top100repos/jave2/jave-nativebin-arm32/pom.xml to /home/codegex/.m2/repository/ws/schild/jave-nativebin-linux-arm32/3.1.0-SNAPSHOT/jave-nativebin-linux-arm32-3.1.0-SNAPSHOT.pom
[INFO] Installing /home/codegex/Documents/workspace/rbugs/experiment/top100repos/jave2/jave-nativebin-arm32/target/jave-nativebin-linux-arm32-3.1.0-SNAPSHOT-sources.jar to /home/codegex/.m2/repository/ws/schild/jave-nativebin-linux-arm32/3.1.0-SNAPSHOT/jave-nativebin-linux-arm32-3.1.0-SNAPSHOT-sources.jar
[INFO] 
[INFO] ------------------------< ws.schild:jave-core >-------------------------
[INFO] Building Jave core package 3.1.0-SNAPSHOT                         [8/13]
[INFO] --------------------------------[ jar ]---------------------------------
[INFO] 
[INFO] --- maven-clean-plugin:2.5:clean (default-clean) @ jave-core ---
[INFO] 
[INFO] --- buildnumber-maven-plugin:1.4:create (default) @ jave-core ---
[INFO] Executing: /bin/sh -c cd '/home/codegex/Documents/workspace/rbugs/experiment/top100repos/jave2/jave-core' && 'git' 'rev-parse' '--show-toplevel'
[INFO] Working directory: /home/codegex/Documents/workspace/rbugs/experiment/top100repos/jave2/jave-core
[INFO] Executing: /bin/sh -c cd '/home/codegex/Documents/workspace/rbugs/experiment/top100repos/jave2/jave-core' && 'git' 'status' '--porcelain' '.'
[INFO] Working directory: /home/codegex/Documents/workspace/rbugs/experiment/top100repos/jave2/jave-core
[INFO] 
[INFO] ----------------------< ws.schild:jave-core-test >----------------------
[INFO] Building jave-core-test 3.1.0-SNAPSHOT                            [9/13]
[INFO] --------------------------------[ jar ]---------------------------------
[INFO] 
[INFO] ------------------< ws.schild:jave-core-test-java11 >-------------------
[INFO] Building jave-core-test-java11 3.1.0-SNAPSHOT                    [10/13]
[INFO] --------------------------------[ jar ]---------------------------------
[INFO] 
[INFO] -----------------------< ws.schild:jave-example >-----------------------
[INFO] Building jave-example 3.1.0-SNAPSHOT                             [11/13]
[INFO] --------------------------------[ jar ]---------------------------------
[INFO] 
[INFO] ----------------------< ws.schild:jave-all-deps >-----------------------
[INFO] Building Jave all native dependencies package 3.1.0-SNAPSHOT     [12/13]
[INFO] --------------------------------[ jar ]---------------------------------
[INFO] 
[INFO] -----------------------< ws.schild:jave-modules >-----------------------
[INFO] Building Jave master project 3.1.0-SNAPSHOT                      [13/13]
[INFO] --------------------------------[ pom ]---------------------------------
[INFO] 
[INFO] --- maven-clean-plugin:2.5:clean (default-clean) @ jave-modules ---
[INFO] 
[INFO] --- maven-install-plugin:2.4:install (default-install) @ jave-modules ---
[INFO] Installing /home/codegex/Documents/workspace/rbugs/experiment/top100repos/jave2/pom.xml to /home/codegex/.m2/repository/ws/schild/jave-modules/3.1.0-SNAPSHOT/jave-modules-3.1.0-SNAPSHOT.pom
[INFO] ------------------------------------------------------------------------
[INFO] Reactor Summary for Jave master project 3.1.0-SNAPSHOT:
[INFO] 
[INFO] Jave windows 32 bit native package ................. SUCCESS [  5.035 s]
[INFO] Jave windows 64 bit native package ................. SUCCESS [  5.175 s]
[INFO] Jave linux 32 bit native package ................... SUCCESS [  4.048 s]
[INFO] Jave linux 64 bit native package ................... SUCCESS [  5.460 s]
[INFO] Jave OSX 64 bit native package ..................... SUCCESS [  4.696 s]
[INFO] Jave linux arm 64 bit native package ............... SUCCESS [  4.170 s]
[INFO] Jave linux arm 32 bit native package ............... SUCCESS [  2.454 s]
[INFO] Jave core package .................................. FAILURE [  0.771 s]
[INFO] jave-core-test ..................................... FAILURE [  0.494 s]
[INFO] jave-core-test-java11 .............................. FAILURE [  0.004 s]
[INFO] jave-example ....................................... FAILURE [  0.003 s]
[INFO] Jave all native dependencies package ............... FAILURE [  0.001 s]
[INFO] Jave master project ................................ SUCCESS [  0.021 s]
[INFO] ------------------------------------------------------------------------
[INFO] BUILD FAILURE
[INFO] ------------------------------------------------------------------------
[INFO] Total time:  32.772 s
[INFO] Finished at: 2021-04-04T20:15:32+08:00
[INFO] ------------------------------------------------------------------------
[ERROR] Failed to execute goal org.codehaus.mojo:buildnumber-maven-plugin:1.4:create (default) on project jave-core: Cannot create the build number because you have local modifications : 
[ERROR] [jave-core/pom.xml:modified]
[ERROR] -> [Help 1]
[ERROR] Failed to execute goal on project jave-core-test: Could not resolve dependencies for project ws.schild:jave-core-test:jar:3.1.0-SNAPSHOT: Could not find artifact ws.schild:jave-core:jar:3.1.0-SNAPSHOT -> [Help 2]
[ERROR] Failed to execute goal on project jave-core-test-java11: Could not resolve dependencies for project ws.schild:jave-core-test-java11:jar:3.1.0-SNAPSHOT: Could not find artifact ws.schild:jave-core:jar:3.1.0-SNAPSHOT -> [Help 2]
[ERROR] Failed to execute goal on project jave-example: Could not resolve dependencies for project ws.schild:jave-example:jar:3.1.0-SNAPSHOT: Could not find artifact ws.schild:jave-core:jar:3.1.0-SNAPSHOT -> [Help 2]
[ERROR] Failed to execute goal on project jave-all-deps: Could not resolve dependencies for project ws.schild:jave-all-deps:jar:3.1.0-SNAPSHOT: Could not find artifact ws.schild:jave-core:jar:3.1.0-SNAPSHOT -> [Help 2]
[ERROR] 
[ERROR] To see the full stack trace of the errors, re-run Maven with the -e switch.
[ERROR] Re-run Maven using the -X switch to enable full debug logging.
[ERROR] 
[ERROR] For more information about the errors and possible solutions, please read the following articles:
[ERROR] [Help 1] http://cwiki.apache.org/confluence/display/MAVEN/MojoExecutionException
[ERROR] [Help 2] http://cwiki.apache.org/confluence/display/MAVEN/DependencyResolutionException
[ERROR] 
[ERROR] After correcting the problems, you can resume the build with the command
[ERROR]   mvn <args> -rf :jave-core
[INFO] Build failures were ignored.
WARNING: An illegal reflective access operation has occurred
WARNING: Illegal reflective access by com.google.inject.internal.cglib.core.$ReflectUtils$1 (file:/usr/share/maven/lib/guice.jar) to method java.lang.ClassLoader.defineClass(java.lang.String,byte[],int,int,java.security.ProtectionDomain)
WARNING: Please consider reporting this to the maintainers of com.google.inject.internal.cglib.core.$ReflectUtils$1
WARNING: Use --illegal-access=warn to enable warnings of further illegal reflective access operations
WARNING: All illegal access operations will be denied in a future release
