[INFO] Scanning for projects...
[INFO] 
[INFO] --------------------< Project_16x16:Project_16x16 >---------------------
[INFO] Building Project-16x16 0.0.1
[INFO] --------------------------------[ jar ]---------------------------------
[WARNING] The POM for org.processing:core:jar:3.3.6 is invalid, transitive dependencies (if any) will not be available, enable debug logging for more details
[WARNING] The POM for processing:gicentreUtils:jar:local is invalid, transitive dependencies (if any) will not be available, enable debug logging for more details
[WARNING] The POM for org.processing:core:jar:3.2.3 is invalid, transitive dependencies (if any) will not be available, enable debug logging for more details
[INFO] 
[INFO] --- maven-clean-plugin:2.5:clean (default-clean) @ Project_16x16 ---
[INFO] Deleting /home/codegex/Documents/workspace/rbugs/experiment/top100repos/Project-16x16/target
[INFO] 
[INFO] --- maven-resources-plugin:2.6:resources (default-resources) @ Project_16x16 ---
[INFO] Using 'UTF-8' encoding to copy filtered resources.
[INFO] Copying 31 resources
[INFO] 
[INFO] --- maven-compiler-plugin:3.8.0:compile (default-compile) @ Project_16x16 ---
[INFO] Changes detected - recompiling the module!
[INFO] Compiling 72 source files to /home/codegex/Documents/workspace/rbugs/experiment/top100repos/Project-16x16/target/classes
[INFO] -------------------------------------------------------------
[ERROR] COMPILATION ERROR : 
[INFO] -------------------------------------------------------------
[ERROR] /home/codegex/Documents/workspace/rbugs/experiment/top100repos/Project-16x16/src/main/java/project_16x16/SideScroller.java:[6,20] 程序包javafx.scene不存在
[ERROR] /home/codegex/Documents/workspace/rbugs/experiment/top100repos/Project-16x16/src/main/java/project_16x16/SideScroller.java:[7,27] 程序包javafx.scene.canvas不存在
[ERROR] /home/codegex/Documents/workspace/rbugs/experiment/top100repos/Project-16x16/src/main/java/project_16x16/SideScroller.java:[8,26] 程序包javafx.scene.input不存在
[ERROR] /home/codegex/Documents/workspace/rbugs/experiment/top100repos/Project-16x16/src/main/java/project_16x16/SideScroller.java:[9,30] 程序包javafx.scene.transform不存在
[ERROR] /home/codegex/Documents/workspace/rbugs/experiment/top100repos/Project-16x16/src/main/java/project_16x16/SideScroller.java:[10,20] 程序包javafx.stage不存在
[ERROR] /home/codegex/Documents/workspace/rbugs/experiment/top100repos/Project-16x16/src/main/java/project_16x16/SideScroller.java:[11,20] 程序包javafx.stage不存在
[ERROR] /home/codegex/Documents/workspace/rbugs/experiment/top100repos/Project-16x16/src/main/java/project_16x16/SideScroller.java:[114,17] 找不到符号
  符号:   类 Canvas
  位置: 类 project_16x16.SideScroller
[ERROR] /home/codegex/Documents/workspace/rbugs/experiment/top100repos/Project-16x16/src/main/java/project_16x16/SideScroller.java:[119,19] 找不到符号
  符号:   类 Scene
  位置: 类 project_16x16.SideScroller
[ERROR] /home/codegex/Documents/workspace/rbugs/experiment/top100repos/Project-16x16/src/main/java/project_16x16/SideScroller.java:[123,17] 找不到符号
  符号:   类 Stage
  位置: 类 project_16x16.SideScroller
[ERROR] /home/codegex/Documents/workspace/rbugs/experiment/top100repos/Project-16x16/src/main/java/project_16x16/SideScroller.java:[158,39] 找不到符号
  符号:   类 WindowEvent
  位置: 类 project_16x16.SideScroller
[ERROR] /home/codegex/Documents/workspace/rbugs/experiment/top100repos/Project-16x16/src/main/java/project_16x16/SideScroller.java:[140,27] 找不到符号
  符号:   类 Canvas
  位置: 类 project_16x16.SideScroller
[ERROR] /home/codegex/Documents/workspace/rbugs/experiment/top100repos/Project-16x16/src/main/java/project_16x16/SideScroller.java:[144,26] 找不到符号
  符号:   类 Stage
  位置: 类 project_16x16.SideScroller
[ERROR] /home/codegex/Documents/workspace/rbugs/experiment/top100repos/Project-16x16/src/main/java/project_16x16/SideScroller.java:[148,55] 找不到符号
  符号:   变量 KeyCombination
  位置: 类 project_16x16.SideScroller
[ERROR] /home/codegex/Documents/workspace/rbugs/experiment/top100repos/Project-16x16/src/main/java/project_16x16/SideScroller.java:[149,50] 找不到符号
  符号:   变量 WindowEvent
  位置: 类 project_16x16.SideScroller
[ERROR] /home/codegex/Documents/workspace/rbugs/experiment/top100repos/Project-16x16/src/main/java/project_16x16/SideScroller.java:[479,59] 找不到符号
  符号:   类 Scale
  位置: 类 project_16x16.SideScroller
[INFO] 15 errors 
[INFO] -------------------------------------------------------------
[INFO] ------------------------------------------------------------------------
[INFO] BUILD FAILURE
[INFO] ------------------------------------------------------------------------
[INFO] Total time:  2.228 s
[INFO] Finished at: 2021-04-04T19:30:33+08:00
[INFO] ------------------------------------------------------------------------
[ERROR] Failed to execute goal org.apache.maven.plugins:maven-compiler-plugin:3.8.0:compile (default-compile) on project Project_16x16: Compilation failure: Compilation failure: 
[ERROR] /home/codegex/Documents/workspace/rbugs/experiment/top100repos/Project-16x16/src/main/java/project_16x16/SideScroller.java:[6,20] 程序包javafx.scene不存在
[ERROR] /home/codegex/Documents/workspace/rbugs/experiment/top100repos/Project-16x16/src/main/java/project_16x16/SideScroller.java:[7,27] 程序包javafx.scene.canvas不存在
[ERROR] /home/codegex/Documents/workspace/rbugs/experiment/top100repos/Project-16x16/src/main/java/project_16x16/SideScroller.java:[8,26] 程序包javafx.scene.input不存在
[ERROR] /home/codegex/Documents/workspace/rbugs/experiment/top100repos/Project-16x16/src/main/java/project_16x16/SideScroller.java:[9,30] 程序包javafx.scene.transform不存在
[ERROR] /home/codegex/Documents/workspace/rbugs/experiment/top100repos/Project-16x16/src/main/java/project_16x16/SideScroller.java:[10,20] 程序包javafx.stage不存在
[ERROR] /home/codegex/Documents/workspace/rbugs/experiment/top100repos/Project-16x16/src/main/java/project_16x16/SideScroller.java:[11,20] 程序包javafx.stage不存在
[ERROR] /home/codegex/Documents/workspace/rbugs/experiment/top100repos/Project-16x16/src/main/java/project_16x16/SideScroller.java:[114,17] 找不到符号
[ERROR]   符号:   类 Canvas
[ERROR]   位置: 类 project_16x16.SideScroller
[ERROR] /home/codegex/Documents/workspace/rbugs/experiment/top100repos/Project-16x16/src/main/java/project_16x16/SideScroller.java:[119,19] 找不到符号
[ERROR]   符号:   类 Scene
[ERROR]   位置: 类 project_16x16.SideScroller
[ERROR] /home/codegex/Documents/workspace/rbugs/experiment/top100repos/Project-16x16/src/main/java/project_16x16/SideScroller.java:[123,17] 找不到符号
[ERROR]   符号:   类 Stage
[ERROR]   位置: 类 project_16x16.SideScroller
[ERROR] /home/codegex/Documents/workspace/rbugs/experiment/top100repos/Project-16x16/src/main/java/project_16x16/SideScroller.java:[158,39] 找不到符号
[ERROR]   符号:   类 WindowEvent
[ERROR]   位置: 类 project_16x16.SideScroller
[ERROR] /home/codegex/Documents/workspace/rbugs/experiment/top100repos/Project-16x16/src/main/java/project_16x16/SideScroller.java:[140,27] 找不到符号
[ERROR]   符号:   类 Canvas
[ERROR]   位置: 类 project_16x16.SideScroller
[ERROR] /home/codegex/Documents/workspace/rbugs/experiment/top100repos/Project-16x16/src/main/java/project_16x16/SideScroller.java:[144,26] 找不到符号
[ERROR]   符号:   类 Stage
[ERROR]   位置: 类 project_16x16.SideScroller
[ERROR] /home/codegex/Documents/workspace/rbugs/experiment/top100repos/Project-16x16/src/main/java/project_16x16/SideScroller.java:[148,55] 找不到符号
[ERROR]   符号:   变量 KeyCombination
[ERROR]   位置: 类 project_16x16.SideScroller
[ERROR] /home/codegex/Documents/workspace/rbugs/experiment/top100repos/Project-16x16/src/main/java/project_16x16/SideScroller.java:[149,50] 找不到符号
[ERROR]   符号:   变量 WindowEvent
[ERROR]   位置: 类 project_16x16.SideScroller
[ERROR] /home/codegex/Documents/workspace/rbugs/experiment/top100repos/Project-16x16/src/main/java/project_16x16/SideScroller.java:[479,59] 找不到符号
[ERROR]   符号:   类 Scale
[ERROR]   位置: 类 project_16x16.SideScroller
[ERROR] -> [Help 1]
[ERROR] 
[ERROR] To see the full stack trace of the errors, re-run Maven with the -e switch.
[ERROR] Re-run Maven using the -X switch to enable full debug logging.
[ERROR] 
[ERROR] For more information about the errors and possible solutions, please read the following articles:
[ERROR] [Help 1] http://cwiki.apache.org/confluence/display/MAVEN/MojoFailureException
[INFO] Build failures were ignored.
WARNING: An illegal reflective access operation has occurred
WARNING: Illegal reflective access by com.google.inject.internal.cglib.core.$ReflectUtils$1 (file:/usr/share/maven/lib/guice.jar) to method java.lang.ClassLoader.defineClass(java.lang.String,byte[],int,int,java.security.ProtectionDomain)
WARNING: Please consider reporting this to the maintainers of com.google.inject.internal.cglib.core.$ReflectUtils$1
WARNING: Use --illegal-access=warn to enable warnings of further illegal reflective access operations
WARNING: All illegal access operations will be denied in a future release
