[INFO] Scanning for projects...
[INFO] ------------------------------------------------------------------------
[INFO] Reactor Build Order:
[INFO] 
[INFO] QTIWorks                                                           [pom]
[INFO] QTIWorks JQTIPlus                                                  [jar]
[INFO] QTIWorks MathAssessTools Glue Module                               [jar]
[INFO] QTIWorks MathAssess QTI Extensions                                 [jar]
[INFO] QTIWorks Samples and Integration Tests                             [jar]
[INFO] QTIWorks Delivery Engine                                           [war]
[INFO] QTIWorks Code Examples for Developers                              [jar]
[INFO] QTIWorks Delivery Engine Offline Manager                           [jar]
[WARNING] The POM for com.github.spotbugs:spotbugs-maven-plugin:jar:4.1.4-ZY is missing, no dependency information available
[WARNING] Failed to retrieve plugin descriptor for com.github.spotbugs:spotbugs-maven-plugin:4.1.4-ZY: Plugin com.github.spotbugs:spotbugs-maven-plugin:4.1.4-ZY or one of its dependencies could not be resolved: Failure to find com.github.spotbugs:spotbugs-maven-plugin:jar:4.1.4-ZY in https://repo.maven.apache.org/maven2 was cached in the local repository, resolution will not be reattempted until the update interval of central has elapsed or updates are forced
[INFO] Downloading from central: https://repo.maven.apache.org/maven2/org/apache/maven/plugins/maven-install-plugin/2.5.1/maven-install-plugin-2.5.1.pom
[INFO] Downloaded from central: https://repo.maven.apache.org/maven2/org/apache/maven/plugins/maven-install-plugin/2.5.1/maven-install-plugin-2.5.1.pom (7.3 kB at 6.2 kB/s)
[INFO] Downloading from central: https://repo.maven.apache.org/maven2/org/apache/maven/plugins/maven-install-plugin/2.5.1/maven-install-plugin-2.5.1.jar
[INFO] Downloaded from central: https://repo.maven.apache.org/maven2/org/apache/maven/plugins/maven-install-plugin/2.5.1/maven-install-plugin-2.5.1.jar (33 kB at 74 kB/s)
[INFO] Downloading from central: https://repo.maven.apache.org/maven2/org/apache/maven/plugins/maven-surefire-plugin/2.17/maven-surefire-plugin-2.17.pom
[INFO] Downloaded from central: https://repo.maven.apache.org/maven2/org/apache/maven/plugins/maven-surefire-plugin/2.17/maven-surefire-plugin-2.17.pom (5.0 kB at 14 kB/s)
[INFO] Downloading from central: https://repo.maven.apache.org/maven2/org/apache/maven/surefire/surefire/2.17/surefire-2.17.pom
[INFO] Downloaded from central: https://repo.maven.apache.org/maven2/org/apache/maven/surefire/surefire/2.17/surefire-2.17.pom (17 kB at 45 kB/s)
[INFO] Downloading from central: https://repo.maven.apache.org/maven2/org/apache/maven/plugins/maven-surefire-plugin/2.17/maven-surefire-plugin-2.17.jar
[INFO] Downloaded from central: https://repo.maven.apache.org/maven2/org/apache/maven/plugins/maven-surefire-plugin/2.17/maven-surefire-plugin-2.17.jar (34 kB at 85 kB/s)
[INFO] Downloading from central: https://repo.maven.apache.org/maven2/org/apache/maven/plugins/maven-shade-plugin/2.3/maven-shade-plugin-2.3.pom
[INFO] Downloaded from central: https://repo.maven.apache.org/maven2/org/apache/maven/plugins/maven-shade-plugin/2.3/maven-shade-plugin-2.3.pom (7.3 kB at 20 kB/s)
[INFO] Downloading from central: https://repo.maven.apache.org/maven2/org/apache/maven/plugins/maven-shade-plugin/2.3/maven-shade-plugin-2.3.jar
[INFO] Downloaded from central: https://repo.maven.apache.org/maven2/org/apache/maven/plugins/maven-shade-plugin/2.3/maven-shade-plugin-2.3.jar (101 kB at 180 kB/s)
[INFO] Downloading from central: https://repo.maven.apache.org/maven2/org/apache/maven/plugins/maven-source-plugin/2.3/maven-source-plugin-2.3.pom
[INFO] Downloaded from central: https://repo.maven.apache.org/maven2/org/apache/maven/plugins/maven-source-plugin/2.3/maven-source-plugin-2.3.pom (6.6 kB at 18 kB/s)
[INFO] Downloading from central: https://repo.maven.apache.org/maven2/org/apache/maven/plugins/maven-source-plugin/2.3/maven-source-plugin-2.3.jar
[INFO] Downloaded from central: https://repo.maven.apache.org/maven2/org/apache/maven/plugins/maven-source-plugin/2.3/maven-source-plugin-2.3.jar (31 kB at 82 kB/s)
[INFO] Downloading from central: https://repo.maven.apache.org/maven2/org/apache/maven/plugins/maven-assembly-plugin/2.4/maven-assembly-plugin-2.4.pom
[INFO] Downloaded from central: https://repo.maven.apache.org/maven2/org/apache/maven/plugins/maven-assembly-plugin/2.4/maven-assembly-plugin-2.4.pom (17 kB at 46 kB/s)
[INFO] Downloading from central: https://repo.maven.apache.org/maven2/org/apache/maven/plugins/maven-assembly-plugin/2.4/maven-assembly-plugin-2.4.jar
[INFO] Downloaded from central: https://repo.maven.apache.org/maven2/org/apache/maven/plugins/maven-assembly-plugin/2.4/maven-assembly-plugin-2.4.jar (226 kB at 406 kB/s)
[INFO] 
[INFO] -------------------< uk.ac.ed.ph.qtiworks:qtiworks >--------------------
[INFO] Building QTIWorks 1.0-SNAPSHOT                                     [1/8]
[INFO] --------------------------------[ pom ]---------------------------------
[WARNING] The POM for com.github.spotbugs:spotbugs-maven-plugin:jar:4.1.4-ZY is missing, no dependency information available
[WARNING] Failed to retrieve plugin descriptor for com.github.spotbugs:spotbugs-maven-plugin:4.1.4-ZY: Plugin com.github.spotbugs:spotbugs-maven-plugin:4.1.4-ZY or one of its dependencies could not be resolved: Failure to find com.github.spotbugs:spotbugs-maven-plugin:jar:4.1.4-ZY in https://repo.maven.apache.org/maven2 was cached in the local repository, resolution will not be reattempted until the update interval of central has elapsed or updates are forced
[INFO] 
[INFO] --- maven-clean-plugin:2.5:clean (default-clean) @ qtiworks ---
[INFO] 
[INFO] --- maven-install-plugin:2.5.1:install (default-install) @ qtiworks ---
[INFO] Installing /home/codegex/Documents/workspace/rbugs/experiment/top100repos/qtiworks/pom.xml to /home/codegex/.m2/repository/uk/ac/ed/ph/qtiworks/qtiworks/1.0-SNAPSHOT/qtiworks-1.0-SNAPSHOT.pom
[INFO] 
[INFO] --- maven-dependency-plugin:2.8:purge-local-repository (default-cli) @ qtiworks ---
[INFO] No artifacts included for purge for project: uk.ac.ed.ph.qtiworks:qtiworks:pom:1.0-SNAPSHOT
[INFO] 
[INFO] ---------------< uk.ac.ed.ph.qtiworks:qtiworks-jqtiplus >---------------
[INFO] Building QTIWorks JQTIPlus 1.0-SNAPSHOT                            [2/8]
[INFO] --------------------------------[ jar ]---------------------------------
[WARNING] The POM for com.github.spotbugs:spotbugs-maven-plugin:jar:4.1.4-ZY is missing, no dependency information available
[WARNING] Failed to retrieve plugin descriptor for com.github.spotbugs:spotbugs-maven-plugin:4.1.4-ZY: Plugin com.github.spotbugs:spotbugs-maven-plugin:4.1.4-ZY or one of its dependencies could not be resolved: Failure to find com.github.spotbugs:spotbugs-maven-plugin:jar:4.1.4-ZY in https://repo.maven.apache.org/maven2 was cached in the local repository, resolution will not be reattempted until the update interval of central has elapsed or updates are forced
[INFO] Downloading from www2.ph.ed.ac.uk: https://www2.ph.ed.ac.uk/maven2/net/sf/saxon/saxon9/9.1.0.8/saxon9-9.1.0.8.pom
[INFO] Downloaded from www2.ph.ed.ac.uk: https://www2.ph.ed.ac.uk/maven2/net/sf/saxon/saxon9/9.1.0.8/saxon9-9.1.0.8.pom (393 B at 253 B/s)
[INFO] Downloading from www2.ph.ed.ac.uk: https://www2.ph.ed.ac.uk/maven2/net/sf/saxon/saxon9-dom/9.1.0.8/saxon9-dom-9.1.0.8.pom
[INFO] Downloaded from www2.ph.ed.ac.uk: https://www2.ph.ed.ac.uk/maven2/net/sf/saxon/saxon9-dom/9.1.0.8/saxon9-dom-9.1.0.8.pom (397 B at 1.0 kB/s)
[INFO] Downloading from www2.ph.ed.ac.uk: https://www2.ph.ed.ac.uk/maven2/net/sf/saxon/saxon9/9.1.0.8/saxon9-9.1.0.8.jar
[INFO] Downloading from www2.ph.ed.ac.uk: https://www2.ph.ed.ac.uk/maven2/net/sf/saxon/saxon9-dom/9.1.0.8/saxon9-dom-9.1.0.8.jar
[INFO] Downloaded from www2.ph.ed.ac.uk: https://www2.ph.ed.ac.uk/maven2/net/sf/saxon/saxon9-dom/9.1.0.8/saxon9-dom-9.1.0.8.jar (129 kB at 83 kB/s)
[INFO] Downloaded from www2.ph.ed.ac.uk: https://www2.ph.ed.ac.uk/maven2/net/sf/saxon/saxon9/9.1.0.8/saxon9-9.1.0.8.jar (5.0 MB at 2.6 MB/s)
[INFO] 
[INFO] --- maven-clean-plugin:2.5:clean (default-clean) @ qtiworks-jqtiplus ---
[INFO] Deleting /home/codegex/Documents/workspace/rbugs/experiment/top100repos/qtiworks/qtiworks-jqtiplus/target
[INFO] 
[INFO] --- maven-resources-plugin:2.6:resources (default-resources) @ qtiworks-jqtiplus ---
[INFO] Using 'UTF-8' encoding to copy filtered resources.
[INFO] Copying 82 resources
[INFO] 
[INFO] --- maven-compiler-plugin:3.1:compile (default-compile) @ qtiworks-jqtiplus ---
[INFO] Changes detected - recompiling the module!
[INFO] Compiling 658 source files to /home/codegex/Documents/workspace/rbugs/experiment/top100repos/qtiworks/qtiworks-jqtiplus/target/classes
[WARNING] /home/codegex/Documents/workspace/rbugs/experiment/top100repos/qtiworks/qtiworks-jqtiplus/src/main/java/uk/ac/ed/ph/jqtiplus/node/expression/AbstractExpression.java: Some input files use or override a deprecated API.
[WARNING] /home/codegex/Documents/workspace/rbugs/experiment/top100repos/qtiworks/qtiworks-jqtiplus/src/main/java/uk/ac/ed/ph/jqtiplus/node/expression/AbstractExpression.java: Recompile with -Xlint:deprecation for details.
[INFO] 
[INFO] --- maven-resources-plugin:2.6:testResources (default-testResources) @ qtiworks-jqtiplus ---
[INFO] Using 'UTF-8' encoding to copy filtered resources.
[INFO] Copying 27 resources
[INFO] 
[INFO] --- maven-compiler-plugin:3.1:testCompile (default-testCompile) @ qtiworks-jqtiplus ---
[INFO] Changes detected - recompiling the module!
[INFO] Compiling 68 source files to /home/codegex/Documents/workspace/rbugs/experiment/top100repos/qtiworks/qtiworks-jqtiplus/target/test-classes
[INFO] 
[INFO] --- maven-surefire-plugin:2.17:test (default-test) @ qtiworks-jqtiplus ---
[INFO] Downloading from central: https://repo.maven.apache.org/maven2/org/apache/maven/surefire/maven-surefire-common/2.17/maven-surefire-common-2.17.pom
[INFO] Downloaded from central: https://repo.maven.apache.org/maven2/org/apache/maven/surefire/maven-surefire-common/2.17/maven-surefire-common-2.17.pom (6.1 kB at 17 kB/s)
[INFO] Downloading from central: https://repo.maven.apache.org/maven2/org/apache/maven/surefire/surefire-api/2.17/surefire-api-2.17.pom
[INFO] Downloaded from central: https://repo.maven.apache.org/maven2/org/apache/maven/surefire/surefire-api/2.17/surefire-api-2.17.pom (2.3 kB at 6.4 kB/s)
[INFO] Downloading from central: https://repo.maven.apache.org/maven2/org/apache/maven/surefire/surefire-booter/2.17/surefire-booter-2.17.pom
[INFO] Downloaded from central: https://repo.maven.apache.org/maven2/org/apache/maven/surefire/surefire-booter/2.17/surefire-booter-2.17.pom (2.8 kB at 7.9 kB/s)
[INFO] Downloading from central: https://repo.maven.apache.org/maven2/org/apache/maven/surefire/maven-surefire-common/2.17/maven-surefire-common-2.17.jar
[INFO] Downloading from central: https://repo.maven.apache.org/maven2/org/apache/maven/surefire/surefire-booter/2.17/surefire-booter-2.17.jar
[INFO] Downloading from central: https://repo.maven.apache.org/maven2/org/apache/maven/surefire/surefire-api/2.17/surefire-api-2.17.jar
[INFO] Downloaded from central: https://repo.maven.apache.org/maven2/org/apache/maven/surefire/maven-surefire-common/2.17/maven-surefire-common-2.17.jar (265 kB at 627 kB/s)
[INFO] Downloaded from central: https://repo.maven.apache.org/maven2/org/apache/maven/surefire/surefire-booter/2.17/surefire-booter-2.17.jar (40 kB at 49 kB/s)
[INFO] Downloaded from central: https://repo.maven.apache.org/maven2/org/apache/maven/surefire/surefire-api/2.17/surefire-api-2.17.jar (147 kB at 131 kB/s)
[INFO] Tests are skipped.
[INFO] 
[INFO] --- maven-jar-plugin:2.5:jar (default-jar) @ qtiworks-jqtiplus ---
[INFO] Building jar: /home/codegex/Documents/workspace/rbugs/experiment/top100repos/qtiworks/qtiworks-jqtiplus/target/qtiworks-jqtiplus-1.0-SNAPSHOT.jar
[INFO] 
[INFO] --- maven-install-plugin:2.5.1:install (default-install) @ qtiworks-jqtiplus ---
[INFO] Installing /home/codegex/Documents/workspace/rbugs/experiment/top100repos/qtiworks/qtiworks-jqtiplus/target/qtiworks-jqtiplus-1.0-SNAPSHOT.jar to /home/codegex/.m2/repository/uk/ac/ed/ph/qtiworks/qtiworks-jqtiplus/1.0-SNAPSHOT/qtiworks-jqtiplus-1.0-SNAPSHOT.jar
[INFO] Installing /home/codegex/Documents/workspace/rbugs/experiment/top100repos/qtiworks/qtiworks-jqtiplus/pom.xml to /home/codegex/.m2/repository/uk/ac/ed/ph/qtiworks/qtiworks-jqtiplus/1.0-SNAPSHOT/qtiworks-jqtiplus-1.0-SNAPSHOT.pom
[INFO] 
[INFO] --- maven-dependency-plugin:2.8:purge-local-repository (default-cli) @ qtiworks-jqtiplus ---
[INFO] Downloading from www2.ph.ed.ac.uk: https://www2.ph.ed.ac.uk/maven2/org/slf4j/slf4j-api/1.7.25/slf4j-api-1.7.25.pom
[INFO] Downloading from central: https://repo.maven.apache.org/maven2/org/slf4j/slf4j-api/1.7.25/slf4j-api-1.7.25.pom
[INFO] Downloaded from central: https://repo.maven.apache.org/maven2/org/slf4j/slf4j-api/1.7.25/slf4j-api-1.7.25.pom (3.8 kB at 11 kB/s)
[INFO] Downloading from www2.ph.ed.ac.uk: https://www2.ph.ed.ac.uk/maven2/ch/qos/logback/logback-classic/1.1.11/logback-classic-1.1.11.pom
[INFO] Downloading from central: https://repo.maven.apache.org/maven2/ch/qos/logback/logback-classic/1.1.11/logback-classic-1.1.11.pom
[INFO] Downloaded from central: https://repo.maven.apache.org/maven2/ch/qos/logback/logback-classic/1.1.11/logback-classic-1.1.11.pom (13 kB at 35 kB/s)
[INFO] Downloading from www2.ph.ed.ac.uk: https://www2.ph.ed.ac.uk/maven2/ch/qos/logback/logback-core/1.1.11/logback-core-1.1.11.pom
[INFO] Downloading from central: https://repo.maven.apache.org/maven2/ch/qos/logback/logback-core/1.1.11/logback-core-1.1.11.pom
[INFO] Downloaded from central: https://repo.maven.apache.org/maven2/ch/qos/logback/logback-core/1.1.11/logback-core-1.1.11.pom (4.4 kB at 12 kB/s)
[INFO] Downloading from www2.ph.ed.ac.uk: https://www2.ph.ed.ac.uk/maven2/xerces/xercesImpl/2.11.0/xercesImpl-2.11.0.pom
[INFO] Downloading from central: https://repo.maven.apache.org/maven2/xerces/xercesImpl/2.11.0/xercesImpl-2.11.0.pom
[INFO] Downloaded from central: https://repo.maven.apache.org/maven2/xerces/xercesImpl/2.11.0/xercesImpl-2.11.0.pom (3.4 kB at 9.3 kB/s)
[INFO] Downloading from www2.ph.ed.ac.uk: https://www2.ph.ed.ac.uk/maven2/xml-apis/xml-apis/1.4.01/xml-apis-1.4.01.pom
[INFO] Downloading from central: https://repo.maven.apache.org/maven2/xml-apis/xml-apis/1.4.01/xml-apis-1.4.01.pom
[INFO] Downloaded from central: https://repo.maven.apache.org/maven2/xml-apis/xml-apis/1.4.01/xml-apis-1.4.01.pom (2.7 kB at 7.3 kB/s)
[INFO] Downloading from www2.ph.ed.ac.uk: https://www2.ph.ed.ac.uk/maven2/net/sf/saxon/saxon9/9.1.0.8/saxon9-9.1.0.8.pom
[INFO] Downloaded from www2.ph.ed.ac.uk: https://www2.ph.ed.ac.uk/maven2/net/sf/saxon/saxon9/9.1.0.8/saxon9-9.1.0.8.pom (393 B at 401 B/s)
[INFO] Downloading from www2.ph.ed.ac.uk: https://www2.ph.ed.ac.uk/maven2/net/sf/saxon/saxon9-dom/9.1.0.8/saxon9-dom-9.1.0.8.pom
[INFO] Downloaded from www2.ph.ed.ac.uk: https://www2.ph.ed.ac.uk/maven2/net/sf/saxon/saxon9-dom/9.1.0.8/saxon9-dom-9.1.0.8.pom (397 B at 1.0 kB/s)
[INFO] Downloading from www2.ph.ed.ac.uk: https://www2.ph.ed.ac.uk/maven2/junit/junit/4.12/junit-4.12.pom
[INFO] Downloading from central: https://repo.maven.apache.org/maven2/junit/junit/4.12/junit-4.12.pom
[INFO] Downloaded from central: https://repo.maven.apache.org/maven2/junit/junit/4.12/junit-4.12.pom (24 kB at 63 kB/s)
[INFO] Downloading from www2.ph.ed.ac.uk: https://www2.ph.ed.ac.uk/maven2/org/hamcrest/hamcrest-core/1.3/hamcrest-core-1.3.pom
[INFO] Downloading from central: https://repo.maven.apache.org/maven2/org/hamcrest/hamcrest-core/1.3/hamcrest-core-1.3.pom
[INFO] Downloaded from central: https://repo.maven.apache.org/maven2/org/hamcrest/hamcrest-core/1.3/hamcrest-core-1.3.pom (766 B at 1.6 kB/s)
[INFO] Downloading from www2.ph.ed.ac.uk: https://www2.ph.ed.ac.uk/maven2/xmlunit/xmlunit/1.6/xmlunit-1.6.pom
[INFO] Downloading from central: https://repo.maven.apache.org/maven2/xmlunit/xmlunit/1.6/xmlunit-1.6.pom
[INFO] Downloaded from central: https://repo.maven.apache.org/maven2/xmlunit/xmlunit/1.6/xmlunit-1.6.pom (3.0 kB at 8.2 kB/s)
[INFO] Downloading from www2.ph.ed.ac.uk: https://www2.ph.ed.ac.uk/maven2/org/slf4j/slf4j-api/1.7.25/slf4j-api-1.7.25.jar
[INFO] Downloading from central: https://repo.maven.apache.org/maven2/org/slf4j/slf4j-api/1.7.25/slf4j-api-1.7.25.jar
[INFO] Downloaded from central: https://repo.maven.apache.org/maven2/org/slf4j/slf4j-api/1.7.25/slf4j-api-1.7.25.jar (41 kB at 106 kB/s)
[INFO] Downloading from www2.ph.ed.ac.uk: https://www2.ph.ed.ac.uk/maven2/ch/qos/logback/logback-classic/1.1.11/logback-classic-1.1.11.jar
[INFO] Downloading from central: https://repo.maven.apache.org/maven2/ch/qos/logback/logback-classic/1.1.11/logback-classic-1.1.11.jar
[INFO] Downloaded from central: https://repo.maven.apache.org/maven2/ch/qos/logback/logback-classic/1.1.11/logback-classic-1.1.11.jar (309 kB at 508 kB/s)
[INFO] Downloading from www2.ph.ed.ac.uk: https://www2.ph.ed.ac.uk/maven2/ch/qos/logback/logback-core/1.1.11/logback-core-1.1.11.jar
[INFO] Downloading from central: https://repo.maven.apache.org/maven2/ch/qos/logback/logback-core/1.1.11/logback-core-1.1.11.jar
[INFO] Downloaded from central: https://repo.maven.apache.org/maven2/ch/qos/logback/logback-core/1.1.11/logback-core-1.1.11.jar (475 kB at 755 kB/s)
[INFO] Downloading from www2.ph.ed.ac.uk: https://www2.ph.ed.ac.uk/maven2/xerces/xercesImpl/2.11.0/xercesImpl-2.11.0.jar
[INFO] Downloading from central: https://repo.maven.apache.org/maven2/xerces/xercesImpl/2.11.0/xercesImpl-2.11.0.jar
[INFO] Downloaded from central: https://repo.maven.apache.org/maven2/xerces/xercesImpl/2.11.0/xercesImpl-2.11.0.jar (1.4 MB at 1.3 MB/s)
[INFO] Downloading from www2.ph.ed.ac.uk: https://www2.ph.ed.ac.uk/maven2/xml-apis/xml-apis/1.4.01/xml-apis-1.4.01.jar
[INFO] Downloading from central: https://repo.maven.apache.org/maven2/xml-apis/xml-apis/1.4.01/xml-apis-1.4.01.jar
[INFO] Downloaded from central: https://repo.maven.apache.org/maven2/xml-apis/xml-apis/1.4.01/xml-apis-1.4.01.jar (221 kB at 490 kB/s)
[INFO] Downloading from www2.ph.ed.ac.uk: https://www2.ph.ed.ac.uk/maven2/net/sf/saxon/saxon9/9.1.0.8/saxon9-9.1.0.8.jar
[INFO] Downloaded from www2.ph.ed.ac.uk: https://www2.ph.ed.ac.uk/maven2/net/sf/saxon/saxon9/9.1.0.8/saxon9-9.1.0.8.jar (5.0 MB at 1.8 MB/s)
[INFO] Downloading from www2.ph.ed.ac.uk: https://www2.ph.ed.ac.uk/maven2/net/sf/saxon/saxon9-dom/9.1.0.8/saxon9-dom-9.1.0.8.jar
[INFO] Downloaded from www2.ph.ed.ac.uk: https://www2.ph.ed.ac.uk/maven2/net/sf/saxon/saxon9-dom/9.1.0.8/saxon9-dom-9.1.0.8.jar (129 kB at 334 kB/s)
[INFO] Downloading from www2.ph.ed.ac.uk: https://www2.ph.ed.ac.uk/maven2/junit/junit/4.12/junit-4.12.jar
[INFO] Downloading from central: https://repo.maven.apache.org/maven2/junit/junit/4.12/junit-4.12.jar
[INFO] Downloaded from central: https://repo.maven.apache.org/maven2/junit/junit/4.12/junit-4.12.jar (315 kB at 639 kB/s)
[INFO] Downloading from www2.ph.ed.ac.uk: https://www2.ph.ed.ac.uk/maven2/org/hamcrest/hamcrest-core/1.3/hamcrest-core-1.3.jar
[INFO] Downloading from central: https://repo.maven.apache.org/maven2/org/hamcrest/hamcrest-core/1.3/hamcrest-core-1.3.jar
[INFO] Downloaded from central: https://repo.maven.apache.org/maven2/org/hamcrest/hamcrest-core/1.3/hamcrest-core-1.3.jar (45 kB at 119 kB/s)
[INFO] Downloading from www2.ph.ed.ac.uk: https://www2.ph.ed.ac.uk/maven2/xmlunit/xmlunit/1.6/xmlunit-1.6.jar
[INFO] Downloading from central: https://repo.maven.apache.org/maven2/xmlunit/xmlunit/1.6/xmlunit-1.6.jar
[INFO] Downloaded from central: https://repo.maven.apache.org/maven2/xmlunit/xmlunit/1.6/xmlunit-1.6.jar (101 kB at 251 kB/s)
[INFO] 
[INFO] -----------< uk.ac.ed.ph.qtiworks:qtiworks-mathassess-glue >------------
[INFO] Building QTIWorks MathAssessTools Glue Module 1.0-SNAPSHOT         [3/8]
[INFO] --------------------------------[ jar ]---------------------------------
[WARNING] The POM for com.github.spotbugs:spotbugs-maven-plugin:jar:4.1.4-ZY is missing, no dependency information available
[WARNING] Failed to retrieve plugin descriptor for com.github.spotbugs:spotbugs-maven-plugin:4.1.4-ZY: Plugin com.github.spotbugs:spotbugs-maven-plugin:4.1.4-ZY or one of its dependencies could not be resolved: Failure to find com.github.spotbugs:spotbugs-maven-plugin:jar:4.1.4-ZY in https://repo.maven.apache.org/maven2 was cached in the local repository, resolution will not be reattempted until the update interval of central has elapsed or updates are forced
[INFO] Downloading from www2.ph.ed.ac.uk: https://www2.ph.ed.ac.uk/maven2/uk/ac/ed/ph/asciimath/asciimath-parser/1.0/asciimath-parser-1.0.pom
[INFO] Downloaded from www2.ph.ed.ac.uk: https://www2.ph.ed.ac.uk/maven2/uk/ac/ed/ph/asciimath/asciimath-parser/1.0/asciimath-parser-1.0.pom (5.8 kB at 5.7 kB/s)
[INFO] Downloading from www2.ph.ed.ac.uk: https://www2.ph.ed.ac.uk/maven2/rhino/js/1.7R2/js-1.7R2.pom
[INFO] Downloading from central: https://repo.maven.apache.org/maven2/rhino/js/1.7R2/js-1.7R2.pom
[INFO] Downloaded from central: https://repo.maven.apache.org/maven2/rhino/js/1.7R2/js-1.7R2.pom (832 B at 2.3 kB/s)
[INFO] Downloading from www2.ph.ed.ac.uk: https://www2.ph.ed.ac.uk/maven2/uk/ac/ed/ph/jacomax/jacomax/0.2.3/jacomax-0.2.3.pom
[INFO] Downloaded from www2.ph.ed.ac.uk: https://www2.ph.ed.ac.uk/maven2/uk/ac/ed/ph/jacomax/jacomax/0.2.3/jacomax-0.2.3.pom (1.7 kB at 1.8 kB/s)
[INFO] Downloading from www2.ph.ed.ac.uk: https://www2.ph.ed.ac.uk/maven2/uk/ac/ed/ph/jacomax/jacomax-parent/0.2.3/jacomax-parent-0.2.3.pom
[INFO] Downloaded from www2.ph.ed.ac.uk: https://www2.ph.ed.ac.uk/maven2/uk/ac/ed/ph/jacomax/jacomax-parent/0.2.3/jacomax-parent-0.2.3.pom (7.9 kB at 20 kB/s)
[INFO] Downloading from www2.ph.ed.ac.uk: https://www2.ph.ed.ac.uk/maven2/org/slf4j/slf4j-api/1.5.11/slf4j-api-1.5.11.pom
[INFO] Downloading from central: https://repo.maven.apache.org/maven2/org/slf4j/slf4j-api/1.5.11/slf4j-api-1.5.11.pom
[INFO] Downloaded from central: https://repo.maven.apache.org/maven2/org/slf4j/slf4j-api/1.5.11/slf4j-api-1.5.11.pom (3.0 kB at 8.2 kB/s)
[INFO] Downloading from www2.ph.ed.ac.uk: https://www2.ph.ed.ac.uk/maven2/org/slf4j/slf4j-parent/1.5.11/slf4j-parent-1.5.11.pom
[INFO] Downloading from central: https://repo.maven.apache.org/maven2/org/slf4j/slf4j-parent/1.5.11/slf4j-parent-1.5.11.pom
[INFO] Downloaded from central: https://repo.maven.apache.org/maven2/org/slf4j/slf4j-parent/1.5.11/slf4j-parent-1.5.11.pom (8.8 kB at 24 kB/s)
[INFO] Downloading from www2.ph.ed.ac.uk: https://www2.ph.ed.ac.uk/maven2/uk/ac/ed/ph/snuggletex/snuggletex-core/1.3-SNAPSHOT/maven-metadata.xml
[INFO] Downloaded from www2.ph.ed.ac.uk: https://www2.ph.ed.ac.uk/maven2/uk/ac/ed/ph/snuggletex/snuggletex-core/1.3-SNAPSHOT/maven-metadata.xml (1.2 kB at 1.2 kB/s)
[INFO] Downloading from www2.ph.ed.ac.uk: https://www2.ph.ed.ac.uk/maven2/uk/ac/ed/ph/snuggletex/snuggletex-core/1.3-SNAPSHOT/snuggletex-core-1.3-20150709.102152-5.pom
[INFO] Downloaded from www2.ph.ed.ac.uk: https://www2.ph.ed.ac.uk/maven2/uk/ac/ed/ph/snuggletex/snuggletex-core/1.3-SNAPSHOT/snuggletex-core-1.3-20150709.102152-5.pom (4.7 kB at 12 kB/s)
[INFO] Downloading from www2.ph.ed.ac.uk: https://www2.ph.ed.ac.uk/maven2/uk/ac/ed/ph/snuggletex/snuggletex/1.3-SNAPSHOT/maven-metadata.xml
[INFO] Downloaded from www2.ph.ed.ac.uk: https://www2.ph.ed.ac.uk/maven2/uk/ac/ed/ph/snuggletex/snuggletex/1.3-SNAPSHOT/maven-metadata.xml (605 B at 1.6 kB/s)
[INFO] Downloading from www2.ph.ed.ac.uk: https://www2.ph.ed.ac.uk/maven2/uk/ac/ed/ph/snuggletex/snuggletex/1.3-SNAPSHOT/snuggletex-1.3-20150709.102143-5.pom
[INFO] Downloaded from www2.ph.ed.ac.uk: https://www2.ph.ed.ac.uk/maven2/uk/ac/ed/ph/snuggletex/snuggletex/1.3-SNAPSHOT/snuggletex-1.3-20150709.102143-5.pom (9.7 kB at 25 kB/s)
[INFO] Downloading from www2.ph.ed.ac.uk: https://www2.ph.ed.ac.uk/maven2/uk/ac/ed/ph/snuggletex/snuggletex-upconversion/1.3-SNAPSHOT/maven-metadata.xml
[INFO] Downloaded from www2.ph.ed.ac.uk: https://www2.ph.ed.ac.uk/maven2/uk/ac/ed/ph/snuggletex/snuggletex-upconversion/1.3-SNAPSHOT/maven-metadata.xml (1.0 kB at 2.6 kB/s)
[INFO] Downloading from www2.ph.ed.ac.uk: https://www2.ph.ed.ac.uk/maven2/uk/ac/ed/ph/snuggletex/snuggletex-upconversion/1.3-SNAPSHOT/snuggletex-upconversion-1.3-20150709.102229-4.pom
[INFO] Downloaded from www2.ph.ed.ac.uk: https://www2.ph.ed.ac.uk/maven2/uk/ac/ed/ph/snuggletex/snuggletex-upconversion/1.3-SNAPSHOT/snuggletex-upconversion-1.3-20150709.102229-4.pom (3.5 kB at 8.9 kB/s)
[INFO] Downloading from www2.ph.ed.ac.uk: https://www2.ph.ed.ac.uk/maven2/uk/ac/ed/ph/asciimath/asciimath-parser/1.0/asciimath-parser-1.0.jar
[INFO] Downloading from www2.ph.ed.ac.uk: https://www2.ph.ed.ac.uk/maven2/rhino/js/1.7R2/js-1.7R2.jar
[INFO] Downloading from www2.ph.ed.ac.uk: https://www2.ph.ed.ac.uk/maven2/uk/ac/ed/ph/jacomax/jacomax/0.2.3/jacomax-0.2.3.jar
[INFO] Downloading from www2.ph.ed.ac.uk: https://www2.ph.ed.ac.uk/maven2/uk/ac/ed/ph/snuggletex/snuggletex-core/1.3-SNAPSHOT/snuggletex-core-1.3-20150709.102152-5.jar
[INFO] Downloading from www2.ph.ed.ac.uk: https://www2.ph.ed.ac.uk/maven2/uk/ac/ed/ph/snuggletex/snuggletex-upconversion/1.3-SNAPSHOT/snuggletex-upconversion-1.3-20150709.102229-4.jar
[INFO] Downloaded from www2.ph.ed.ac.uk: https://www2.ph.ed.ac.uk/maven2/uk/ac/ed/ph/asciimath/asciimath-parser/1.0/asciimath-parser-1.0.jar (19 kB at 49 kB/s)
[INFO] Downloaded from www2.ph.ed.ac.uk: https://www2.ph.ed.ac.uk/maven2/uk/ac/ed/ph/snuggletex/snuggletex-upconversion/1.3-SNAPSHOT/snuggletex-upconversion-1.3-20150709.102229-4.jar (69 kB at 51 kB/s)
[INFO] Downloaded from www2.ph.ed.ac.uk: https://www2.ph.ed.ac.uk/maven2/uk/ac/ed/ph/jacomax/jacomax/0.2.3/jacomax-0.2.3.jar (45 kB at 33 kB/s)
[INFO] Downloaded from www2.ph.ed.ac.uk: https://www2.ph.ed.ac.uk/maven2/uk/ac/ed/ph/snuggletex/snuggletex-core/1.3-SNAPSHOT/snuggletex-core-1.3-20150709.102152-5.jar (370 kB at 213 kB/s)
[INFO] Downloading from central: https://repo.maven.apache.org/maven2/rhino/js/1.7R2/js-1.7R2.jar
[INFO] Downloaded from central: https://repo.maven.apache.org/maven2/rhino/js/1.7R2/js-1.7R2.jar (871 kB at 1.2 MB/s)
[INFO] 
[INFO] --- maven-clean-plugin:2.5:clean (default-clean) @ qtiworks-mathassess-glue ---
[INFO] Deleting /home/codegex/Documents/workspace/rbugs/experiment/top100repos/qtiworks/qtiworks-mathassess-glue/target
[INFO] 
[INFO] --- maven-resources-plugin:2.6:resources (default-resources) @ qtiworks-mathassess-glue ---
[INFO] Using 'UTF-8' encoding to copy filtered resources.
[INFO] Copying 3 resources
[INFO] 
[INFO] --- maven-compiler-plugin:3.1:compile (default-compile) @ qtiworks-mathassess-glue ---
[INFO] Changes detected - recompiling the module!
[INFO] Compiling 45 source files to /home/codegex/Documents/workspace/rbugs/experiment/top100repos/qtiworks/qtiworks-mathassess-glue/target/classes
[WARNING] /home/codegex/Documents/workspace/rbugs/experiment/top100repos/qtiworks/qtiworks-mathassess-glue/src/main/java/uk/ac/ed/ph/qtiworks/mathassess/glue/types/WrapperUtilities.java: /home/codegex/Documents/workspace/rbugs/experiment/top100repos/qtiworks/qtiworks-mathassess-glue/src/main/java/uk/ac/ed/ph/qtiworks/mathassess/glue/types/WrapperUtilities.java uses or overrides a deprecated API.
[WARNING] /home/codegex/Documents/workspace/rbugs/experiment/top100repos/qtiworks/qtiworks-mathassess-glue/src/main/java/uk/ac/ed/ph/qtiworks/mathassess/glue/types/WrapperUtilities.java: Recompile with -Xlint:deprecation for details.
[INFO] 
[INFO] --- maven-resources-plugin:2.6:testResources (default-testResources) @ qtiworks-mathassess-glue ---
[INFO] Using 'UTF-8' encoding to copy filtered resources.
[INFO] Copying 2 resources
[INFO] 
[INFO] --- maven-compiler-plugin:3.1:testCompile (default-testCompile) @ qtiworks-mathassess-glue ---
[INFO] Changes detected - recompiling the module!
[INFO] Compiling 12 source files to /home/codegex/Documents/workspace/rbugs/experiment/top100repos/qtiworks/qtiworks-mathassess-glue/target/test-classes
[INFO] 
[INFO] --- maven-surefire-plugin:2.17:test (default-test) @ qtiworks-mathassess-glue ---
[INFO] Tests are skipped.
[INFO] 
[INFO] --- maven-jar-plugin:2.5:jar (default-jar) @ qtiworks-mathassess-glue ---
[INFO] Building jar: /home/codegex/Documents/workspace/rbugs/experiment/top100repos/qtiworks/qtiworks-mathassess-glue/target/qtiworks-mathassess-glue-1.0-SNAPSHOT.jar
[INFO] 
[INFO] --- maven-install-plugin:2.5.1:install (default-install) @ qtiworks-mathassess-glue ---
[INFO] Installing /home/codegex/Documents/workspace/rbugs/experiment/top100repos/qtiworks/qtiworks-mathassess-glue/target/qtiworks-mathassess-glue-1.0-SNAPSHOT.jar to /home/codegex/.m2/repository/uk/ac/ed/ph/qtiworks/qtiworks-mathassess-glue/1.0-SNAPSHOT/qtiworks-mathassess-glue-1.0-SNAPSHOT.jar
[INFO] Installing /home/codegex/Documents/workspace/rbugs/experiment/top100repos/qtiworks/qtiworks-mathassess-glue/pom.xml to /home/codegex/.m2/repository/uk/ac/ed/ph/qtiworks/qtiworks-mathassess-glue/1.0-SNAPSHOT/qtiworks-mathassess-glue-1.0-SNAPSHOT.pom
[INFO] 
[INFO] --- maven-dependency-plugin:2.8:purge-local-repository (default-cli) @ qtiworks-mathassess-glue ---
[INFO] Downloading from www2.ph.ed.ac.uk: https://www2.ph.ed.ac.uk/maven2/uk/ac/ed/ph/asciimath/asciimath-parser/1.0/asciimath-parser-1.0.pom
[INFO] Downloaded from www2.ph.ed.ac.uk: https://www2.ph.ed.ac.uk/maven2/uk/ac/ed/ph/asciimath/asciimath-parser/1.0/asciimath-parser-1.0.pom (5.8 kB at 15 kB/s)
[INFO] Downloading from www2.ph.ed.ac.uk: https://www2.ph.ed.ac.uk/maven2/rhino/js/1.7R2/js-1.7R2.pom
[INFO] Downloading from central: https://repo.maven.apache.org/maven2/rhino/js/1.7R2/js-1.7R2.pom
[INFO] Downloaded from central: https://repo.maven.apache.org/maven2/rhino/js/1.7R2/js-1.7R2.pom (832 B at 2.3 kB/s)
[INFO] Downloading from www2.ph.ed.ac.uk: https://www2.ph.ed.ac.uk/maven2/uk/ac/ed/ph/jacomax/jacomax/0.2.3/jacomax-0.2.3.pom
[INFO] Downloaded from www2.ph.ed.ac.uk: https://www2.ph.ed.ac.uk/maven2/uk/ac/ed/ph/jacomax/jacomax/0.2.3/jacomax-0.2.3.pom (1.7 kB at 4.5 kB/s)
[INFO] Downloading from www2.ph.ed.ac.uk: https://www2.ph.ed.ac.uk/maven2/org/slf4j/slf4j-api/1.7.25/slf4j-api-1.7.25.pom
[INFO] Downloading from central: https://repo.maven.apache.org/maven2/org/slf4j/slf4j-api/1.7.25/slf4j-api-1.7.25.pom
[INFO] Downloaded from central: https://repo.maven.apache.org/maven2/org/slf4j/slf4j-api/1.7.25/slf4j-api-1.7.25.pom (3.8 kB at 11 kB/s)
[INFO] Downloading from www2.ph.ed.ac.uk: https://www2.ph.ed.ac.uk/maven2/uk/ac/ed/ph/snuggletex/snuggletex-core/1.3-SNAPSHOT/snuggletex-core-1.3-20150709.102152-5.pom
[INFO] Downloaded from www2.ph.ed.ac.uk: https://www2.ph.ed.ac.uk/maven2/uk/ac/ed/ph/snuggletex/snuggletex-core/1.3-SNAPSHOT/snuggletex-core-1.3-20150709.102152-5.pom (4.7 kB at 12 kB/s)
[INFO] Downloading from www2.ph.ed.ac.uk: https://www2.ph.ed.ac.uk/maven2/uk/ac/ed/ph/snuggletex/snuggletex-upconversion/1.3-SNAPSHOT/snuggletex-upconversion-1.3-20150709.102229-4.pom
[INFO] Downloaded from www2.ph.ed.ac.uk: https://www2.ph.ed.ac.uk/maven2/uk/ac/ed/ph/snuggletex/snuggletex-upconversion/1.3-SNAPSHOT/snuggletex-upconversion-1.3-20150709.102229-4.pom (3.5 kB at 9.2 kB/s)
[INFO] Downloading from www2.ph.ed.ac.uk: https://www2.ph.ed.ac.uk/maven2/net/sf/saxon/saxon9/9.1.0.8/saxon9-9.1.0.8.pom
[INFO] Downloaded from www2.ph.ed.ac.uk: https://www2.ph.ed.ac.uk/maven2/net/sf/saxon/saxon9/9.1.0.8/saxon9-9.1.0.8.pom (393 B at 1.0 kB/s)
[INFO] Downloading from www2.ph.ed.ac.uk: https://www2.ph.ed.ac.uk/maven2/net/sf/saxon/saxon9-dom/9.1.0.8/saxon9-dom-9.1.0.8.pom
[INFO] Downloaded from www2.ph.ed.ac.uk: https://www2.ph.ed.ac.uk/maven2/net/sf/saxon/saxon9-dom/9.1.0.8/saxon9-dom-9.1.0.8.pom (397 B at 1.0 kB/s)
[INFO] Downloading from www2.ph.ed.ac.uk: https://www2.ph.ed.ac.uk/maven2/ch/qos/logback/logback-classic/1.1.11/logback-classic-1.1.11.pom
[INFO] Downloading from central: https://repo.maven.apache.org/maven2/ch/qos/logback/logback-classic/1.1.11/logback-classic-1.1.11.pom
[INFO] Downloaded from central: https://repo.maven.apache.org/maven2/ch/qos/logback/logback-classic/1.1.11/logback-classic-1.1.11.pom (13 kB at 36 kB/s)
[INFO] Downloading from www2.ph.ed.ac.uk: https://www2.ph.ed.ac.uk/maven2/ch/qos/logback/logback-core/1.1.11/logback-core-1.1.11.pom
[INFO] Downloading from central: https://repo.maven.apache.org/maven2/ch/qos/logback/logback-core/1.1.11/logback-core-1.1.11.pom
[INFO] Downloaded from central: https://repo.maven.apache.org/maven2/ch/qos/logback/logback-core/1.1.11/logback-core-1.1.11.pom (4.4 kB at 12 kB/s)
[INFO] Downloading from www2.ph.ed.ac.uk: https://www2.ph.ed.ac.uk/maven2/junit/junit/4.12/junit-4.12.pom
[INFO] Downloading from central: https://repo.maven.apache.org/maven2/junit/junit/4.12/junit-4.12.pom
[INFO] Downloaded from central: https://repo.maven.apache.org/maven2/junit/junit/4.12/junit-4.12.pom (24 kB at 64 kB/s)
[INFO] Downloading from www2.ph.ed.ac.uk: https://www2.ph.ed.ac.uk/maven2/org/hamcrest/hamcrest-core/1.3/hamcrest-core-1.3.pom
[INFO] Downloading from central: https://repo.maven.apache.org/maven2/org/hamcrest/hamcrest-core/1.3/hamcrest-core-1.3.pom
[INFO] Downloaded from central: https://repo.maven.apache.org/maven2/org/hamcrest/hamcrest-core/1.3/hamcrest-core-1.3.pom (766 B at 2.1 kB/s)
[INFO] Downloading from www2.ph.ed.ac.uk: https://www2.ph.ed.ac.uk/maven2/uk/ac/ed/ph/asciimath/asciimath-parser/1.0/asciimath-parser-1.0.jar
[INFO] Downloaded from www2.ph.ed.ac.uk: https://www2.ph.ed.ac.uk/maven2/uk/ac/ed/ph/asciimath/asciimath-parser/1.0/asciimath-parser-1.0.jar (19 kB at 17 kB/s)
[INFO] Downloading from www2.ph.ed.ac.uk: https://www2.ph.ed.ac.uk/maven2/rhino/js/1.7R2/js-1.7R2.jar
[INFO] Downloading from central: https://repo.maven.apache.org/maven2/rhino/js/1.7R2/js-1.7R2.jar
[INFO] Downloaded from central: https://repo.maven.apache.org/maven2/rhino/js/1.7R2/js-1.7R2.jar (871 kB at 1.3 MB/s)
[INFO] Downloading from www2.ph.ed.ac.uk: https://www2.ph.ed.ac.uk/maven2/uk/ac/ed/ph/jacomax/jacomax/0.2.3/jacomax-0.2.3.jar
[INFO] Downloaded from www2.ph.ed.ac.uk: https://www2.ph.ed.ac.uk/maven2/uk/ac/ed/ph/jacomax/jacomax/0.2.3/jacomax-0.2.3.jar (45 kB at 33 kB/s)
[INFO] Downloading from www2.ph.ed.ac.uk: https://www2.ph.ed.ac.uk/maven2/org/slf4j/slf4j-api/1.7.25/slf4j-api-1.7.25.jar
[INFO] Downloading from central: https://repo.maven.apache.org/maven2/org/slf4j/slf4j-api/1.7.25/slf4j-api-1.7.25.jar
[INFO] Downloaded from central: https://repo.maven.apache.org/maven2/org/slf4j/slf4j-api/1.7.25/slf4j-api-1.7.25.jar (41 kB at 110 kB/s)
[INFO] Downloading from www2.ph.ed.ac.uk: https://www2.ph.ed.ac.uk/maven2/uk/ac/ed/ph/snuggletex/snuggletex-core/1.3-SNAPSHOT/snuggletex-core-1.3-20150709.102152-5.jar
[INFO] Downloaded from www2.ph.ed.ac.uk: https://www2.ph.ed.ac.uk/maven2/uk/ac/ed/ph/snuggletex/snuggletex-core/1.3-SNAPSHOT/snuggletex-core-1.3-20150709.102152-5.jar (370 kB at 214 kB/s)
[INFO] Downloading from www2.ph.ed.ac.uk: https://www2.ph.ed.ac.uk/maven2/uk/ac/ed/ph/snuggletex/snuggletex-upconversion/1.3-SNAPSHOT/snuggletex-upconversion-1.3-20150709.102229-4.jar
[INFO] Downloaded from www2.ph.ed.ac.uk: https://www2.ph.ed.ac.uk/maven2/uk/ac/ed/ph/snuggletex/snuggletex-upconversion/1.3-SNAPSHOT/snuggletex-upconversion-1.3-20150709.102229-4.jar (69 kB at 177 kB/s)
[INFO] Downloading from www2.ph.ed.ac.uk: https://www2.ph.ed.ac.uk/maven2/net/sf/saxon/saxon9/9.1.0.8/saxon9-9.1.0.8.jar
[INFO] Downloaded from www2.ph.ed.ac.uk: https://www2.ph.ed.ac.uk/maven2/net/sf/saxon/saxon9/9.1.0.8/saxon9-9.1.0.8.jar (5.0 MB at 5.0 MB/s)
[INFO] Downloading from www2.ph.ed.ac.uk: https://www2.ph.ed.ac.uk/maven2/net/sf/saxon/saxon9-dom/9.1.0.8/saxon9-dom-9.1.0.8.jar
[INFO] Downloaded from www2.ph.ed.ac.uk: https://www2.ph.ed.ac.uk/maven2/net/sf/saxon/saxon9-dom/9.1.0.8/saxon9-dom-9.1.0.8.jar (129 kB at 334 kB/s)
[INFO] Downloading from www2.ph.ed.ac.uk: https://www2.ph.ed.ac.uk/maven2/ch/qos/logback/logback-classic/1.1.11/logback-classic-1.1.11.jar
[INFO] Downloading from central: https://repo.maven.apache.org/maven2/ch/qos/logback/logback-classic/1.1.11/logback-classic-1.1.11.jar
[INFO] Downloaded from central: https://repo.maven.apache.org/maven2/ch/qos/logback/logback-classic/1.1.11/logback-classic-1.1.11.jar (309 kB at 665 kB/s)
[INFO] Downloading from www2.ph.ed.ac.uk: https://www2.ph.ed.ac.uk/maven2/ch/qos/logback/logback-core/1.1.11/logback-core-1.1.11.jar
[INFO] Downloading from central: https://repo.maven.apache.org/maven2/ch/qos/logback/logback-core/1.1.11/logback-core-1.1.11.jar
[INFO] Downloaded from central: https://repo.maven.apache.org/maven2/ch/qos/logback/logback-core/1.1.11/logback-core-1.1.11.jar (475 kB at 923 kB/s)
[INFO] Downloading from www2.ph.ed.ac.uk: https://www2.ph.ed.ac.uk/maven2/junit/junit/4.12/junit-4.12.jar
[INFO] Downloading from central: https://repo.maven.apache.org/maven2/junit/junit/4.12/junit-4.12.jar
[INFO] Downloaded from central: https://repo.maven.apache.org/maven2/junit/junit/4.12/junit-4.12.jar (315 kB at 679 kB/s)
[INFO] Downloading from www2.ph.ed.ac.uk: https://www2.ph.ed.ac.uk/maven2/org/hamcrest/hamcrest-core/1.3/hamcrest-core-1.3.jar
[INFO] Downloading from central: https://repo.maven.apache.org/maven2/org/hamcrest/hamcrest-core/1.3/hamcrest-core-1.3.jar
[INFO] Downloaded from central: https://repo.maven.apache.org/maven2/org/hamcrest/hamcrest-core/1.3/hamcrest-core-1.3.jar (45 kB at 119 kB/s)
[INFO] 
[INFO] --------------< uk.ac.ed.ph.qtiworks:qtiworks-mathassess >--------------
[INFO] Building QTIWorks MathAssess QTI Extensions 1.0-SNAPSHOT           [4/8]
[INFO] --------------------------------[ jar ]---------------------------------
[WARNING] The POM for com.github.spotbugs:spotbugs-maven-plugin:jar:4.1.4-ZY is missing, no dependency information available
[WARNING] Failed to retrieve plugin descriptor for com.github.spotbugs:spotbugs-maven-plugin:4.1.4-ZY: Plugin com.github.spotbugs:spotbugs-maven-plugin:4.1.4-ZY or one of its dependencies could not be resolved: Failure to find com.github.spotbugs:spotbugs-maven-plugin:jar:4.1.4-ZY in https://repo.maven.apache.org/maven2 was cached in the local repository, resolution will not be reattempted until the update interval of central has elapsed or updates are forced
[INFO] Downloading from www2.ph.ed.ac.uk: https://www2.ph.ed.ac.uk/maven2/org/apache/commons/commons-pool2/2.4.2/commons-pool2-2.4.2.pom
[INFO] Downloading from central: https://repo.maven.apache.org/maven2/org/apache/commons/commons-pool2/2.4.2/commons-pool2-2.4.2.pom
[INFO] Downloaded from central: https://repo.maven.apache.org/maven2/org/apache/commons/commons-pool2/2.4.2/commons-pool2-2.4.2.pom (0 B at 0 B/s)
[INFO] Downloading from www2.ph.ed.ac.uk: https://www2.ph.ed.ac.uk/maven2/org/apache/commons/commons-pool2/2.4.2/commons-pool2-2.4.2.jar
[INFO] Downloading from central: https://repo.maven.apache.org/maven2/org/apache/commons/commons-pool2/2.4.2/commons-pool2-2.4.2.jar
[INFO] Downloaded from central: https://repo.maven.apache.org/maven2/org/apache/commons/commons-pool2/2.4.2/commons-pool2-2.4.2.jar (0 B at 0 B/s)
[INFO] 
[INFO] --- maven-clean-plugin:2.5:clean (default-clean) @ qtiworks-mathassess ---
[INFO] Deleting /home/codegex/Documents/workspace/rbugs/experiment/top100repos/qtiworks/qtiworks-mathassess/target
[INFO] 
[INFO] --- maven-resources-plugin:2.6:resources (default-resources) @ qtiworks-mathassess ---
[INFO] Using 'UTF-8' encoding to copy filtered resources.
[INFO] Copying 1 resource
[INFO] 
[INFO] --- maven-compiler-plugin:3.1:compile (default-compile) @ qtiworks-mathassess ---
[INFO] Changes detected - recompiling the module!
[INFO] Compiling 19 source files to /home/codegex/Documents/workspace/rbugs/experiment/top100repos/qtiworks/qtiworks-mathassess/target/classes
[INFO] 
[INFO] --- maven-resources-plugin:2.6:testResources (default-testResources) @ qtiworks-mathassess ---
[INFO] Using 'UTF-8' encoding to copy filtered resources.
[INFO] skip non existing resourceDirectory /home/codegex/Documents/workspace/rbugs/experiment/top100repos/qtiworks/qtiworks-mathassess/src/test/resources
[INFO] 
[INFO] --- maven-compiler-plugin:3.1:testCompile (default-testCompile) @ qtiworks-mathassess ---
[INFO] No sources to compile
[INFO] 
[INFO] --- maven-surefire-plugin:2.17:test (default-test) @ qtiworks-mathassess ---
[INFO] Tests are skipped.
[INFO] 
[INFO] --- maven-jar-plugin:2.5:jar (default-jar) @ qtiworks-mathassess ---
[INFO] Building jar: /home/codegex/Documents/workspace/rbugs/experiment/top100repos/qtiworks/qtiworks-mathassess/target/qtiworks-mathassess-1.0-SNAPSHOT.jar
[INFO] 
[INFO] --- maven-install-plugin:2.5.1:install (default-install) @ qtiworks-mathassess ---
[INFO] Installing /home/codegex/Documents/workspace/rbugs/experiment/top100repos/qtiworks/qtiworks-mathassess/target/qtiworks-mathassess-1.0-SNAPSHOT.jar to /home/codegex/.m2/repository/uk/ac/ed/ph/qtiworks/qtiworks-mathassess/1.0-SNAPSHOT/qtiworks-mathassess-1.0-SNAPSHOT.jar
[INFO] Installing /home/codegex/Documents/workspace/rbugs/experiment/top100repos/qtiworks/qtiworks-mathassess/pom.xml to /home/codegex/.m2/repository/uk/ac/ed/ph/qtiworks/qtiworks-mathassess/1.0-SNAPSHOT/qtiworks-mathassess-1.0-SNAPSHOT.pom
[INFO] 
[INFO] --- maven-dependency-plugin:2.8:purge-local-repository (default-cli) @ qtiworks-mathassess ---
[INFO] Downloading from www2.ph.ed.ac.uk: https://www2.ph.ed.ac.uk/maven2/org/slf4j/slf4j-api/1.7.25/slf4j-api-1.7.25.pom
[INFO] Downloading from central: https://repo.maven.apache.org/maven2/org/slf4j/slf4j-api/1.7.25/slf4j-api-1.7.25.pom
[INFO] Downloaded from central: https://repo.maven.apache.org/maven2/org/slf4j/slf4j-api/1.7.25/slf4j-api-1.7.25.pom (3.8 kB at 10 kB/s)
[INFO] Downloading from www2.ph.ed.ac.uk: https://www2.ph.ed.ac.uk/maven2/ch/qos/logback/logback-classic/1.1.11/logback-classic-1.1.11.pom
[INFO] Downloading from central: https://repo.maven.apache.org/maven2/ch/qos/logback/logback-classic/1.1.11/logback-classic-1.1.11.pom
[INFO] Downloaded from central: https://repo.maven.apache.org/maven2/ch/qos/logback/logback-classic/1.1.11/logback-classic-1.1.11.pom (13 kB at 35 kB/s)
[INFO] Downloading from www2.ph.ed.ac.uk: https://www2.ph.ed.ac.uk/maven2/ch/qos/logback/logback-core/1.1.11/logback-core-1.1.11.pom
[INFO] Downloading from central: https://repo.maven.apache.org/maven2/ch/qos/logback/logback-core/1.1.11/logback-core-1.1.11.pom
[INFO] Downloaded from central: https://repo.maven.apache.org/maven2/ch/qos/logback/logback-core/1.1.11/logback-core-1.1.11.pom (4.4 kB at 12 kB/s)
[INFO] Downloading from www2.ph.ed.ac.uk: https://www2.ph.ed.ac.uk/maven2/xerces/xercesImpl/2.11.0/xercesImpl-2.11.0.pom
[INFO] Downloading from central: https://repo.maven.apache.org/maven2/xerces/xercesImpl/2.11.0/xercesImpl-2.11.0.pom
[INFO] Downloaded from central: https://repo.maven.apache.org/maven2/xerces/xercesImpl/2.11.0/xercesImpl-2.11.0.pom (3.4 kB at 9.4 kB/s)
[INFO] Downloading from www2.ph.ed.ac.uk: https://www2.ph.ed.ac.uk/maven2/xml-apis/xml-apis/1.4.01/xml-apis-1.4.01.pom
[INFO] Downloading from central: https://repo.maven.apache.org/maven2/xml-apis/xml-apis/1.4.01/xml-apis-1.4.01.pom
[INFO] Downloaded from central: https://repo.maven.apache.org/maven2/xml-apis/xml-apis/1.4.01/xml-apis-1.4.01.pom (2.7 kB at 7.3 kB/s)
[INFO] Downloading from www2.ph.ed.ac.uk: https://www2.ph.ed.ac.uk/maven2/net/sf/saxon/saxon9/9.1.0.8/saxon9-9.1.0.8.pom
[INFO] Downloaded from www2.ph.ed.ac.uk: https://www2.ph.ed.ac.uk/maven2/net/sf/saxon/saxon9/9.1.0.8/saxon9-9.1.0.8.pom (393 B at 400 B/s)
[INFO] Downloading from www2.ph.ed.ac.uk: https://www2.ph.ed.ac.uk/maven2/net/sf/saxon/saxon9-dom/9.1.0.8/saxon9-dom-9.1.0.8.pom
[INFO] Downloaded from www2.ph.ed.ac.uk: https://www2.ph.ed.ac.uk/maven2/net/sf/saxon/saxon9-dom/9.1.0.8/saxon9-dom-9.1.0.8.pom (397 B at 1.0 kB/s)
[INFO] Downloading from www2.ph.ed.ac.uk: https://www2.ph.ed.ac.uk/maven2/uk/ac/ed/ph/asciimath/asciimath-parser/1.0/asciimath-parser-1.0.pom
[INFO] Downloaded from www2.ph.ed.ac.uk: https://www2.ph.ed.ac.uk/maven2/uk/ac/ed/ph/asciimath/asciimath-parser/1.0/asciimath-parser-1.0.pom (5.8 kB at 15 kB/s)
[INFO] Downloading from www2.ph.ed.ac.uk: https://www2.ph.ed.ac.uk/maven2/rhino/js/1.7R2/js-1.7R2.pom
[INFO] Downloading from central: https://repo.maven.apache.org/maven2/rhino/js/1.7R2/js-1.7R2.pom
[INFO] Downloaded from central: https://repo.maven.apache.org/maven2/rhino/js/1.7R2/js-1.7R2.pom (832 B at 2.3 kB/s)
[INFO] Downloading from www2.ph.ed.ac.uk: https://www2.ph.ed.ac.uk/maven2/uk/ac/ed/ph/jacomax/jacomax/0.2.3/jacomax-0.2.3.pom
[INFO] Downloaded from www2.ph.ed.ac.uk: https://www2.ph.ed.ac.uk/maven2/uk/ac/ed/ph/jacomax/jacomax/0.2.3/jacomax-0.2.3.pom (1.7 kB at 1.8 kB/s)
[INFO] Downloading from www2.ph.ed.ac.uk: https://www2.ph.ed.ac.uk/maven2/uk/ac/ed/ph/snuggletex/snuggletex-core/1.3-SNAPSHOT/snuggletex-core-1.3-20150709.102152-5.pom
[INFO] Downloaded from www2.ph.ed.ac.uk: https://www2.ph.ed.ac.uk/maven2/uk/ac/ed/ph/snuggletex/snuggletex-core/1.3-SNAPSHOT/snuggletex-core-1.3-20150709.102152-5.pom (4.7 kB at 12 kB/s)
[INFO] Downloading from www2.ph.ed.ac.uk: https://www2.ph.ed.ac.uk/maven2/uk/ac/ed/ph/snuggletex/snuggletex-upconversion/1.3-SNAPSHOT/snuggletex-upconversion-1.3-20150709.102229-4.pom
[INFO] Downloaded from www2.ph.ed.ac.uk: https://www2.ph.ed.ac.uk/maven2/uk/ac/ed/ph/snuggletex/snuggletex-upconversion/1.3-SNAPSHOT/snuggletex-upconversion-1.3-20150709.102229-4.pom (3.5 kB at 9.2 kB/s)
[INFO] Downloading from www2.ph.ed.ac.uk: https://www2.ph.ed.ac.uk/maven2/org/apache/commons/commons-pool2/2.4.2/commons-pool2-2.4.2.pom
[INFO] Downloading from central: https://repo.maven.apache.org/maven2/org/apache/commons/commons-pool2/2.4.2/commons-pool2-2.4.2.pom
[INFO] Downloaded from central: https://repo.maven.apache.org/maven2/org/apache/commons/commons-pool2/2.4.2/commons-pool2-2.4.2.pom (11 kB at 30 kB/s)
[INFO] Downloading from www2.ph.ed.ac.uk: https://www2.ph.ed.ac.uk/maven2/junit/junit/4.12/junit-4.12.pom
[INFO] Downloading from central: https://repo.maven.apache.org/maven2/junit/junit/4.12/junit-4.12.pom
[INFO] Downloaded from central: https://repo.maven.apache.org/maven2/junit/junit/4.12/junit-4.12.pom (24 kB at 65 kB/s)
[INFO] Downloading from www2.ph.ed.ac.uk: https://www2.ph.ed.ac.uk/maven2/org/hamcrest/hamcrest-core/1.3/hamcrest-core-1.3.pom
[INFO] Downloading from central: https://repo.maven.apache.org/maven2/org/hamcrest/hamcrest-core/1.3/hamcrest-core-1.3.pom
[INFO] Downloaded from central: https://repo.maven.apache.org/maven2/org/hamcrest/hamcrest-core/1.3/hamcrest-core-1.3.pom (766 B at 2.1 kB/s)
[INFO] Downloading from www2.ph.ed.ac.uk: https://www2.ph.ed.ac.uk/maven2/xmlunit/xmlunit/1.6/xmlunit-1.6.pom
[INFO] Downloading from central: https://repo.maven.apache.org/maven2/xmlunit/xmlunit/1.6/xmlunit-1.6.pom
[INFO] Downloaded from central: https://repo.maven.apache.org/maven2/xmlunit/xmlunit/1.6/xmlunit-1.6.pom (3.0 kB at 8.3 kB/s)
[INFO] Downloading from www2.ph.ed.ac.uk: https://www2.ph.ed.ac.uk/maven2/org/slf4j/slf4j-api/1.7.25/slf4j-api-1.7.25.jar
[INFO] Downloading from central: https://repo.maven.apache.org/maven2/org/slf4j/slf4j-api/1.7.25/slf4j-api-1.7.25.jar
[INFO] Downloaded from central: https://repo.maven.apache.org/maven2/org/slf4j/slf4j-api/1.7.25/slf4j-api-1.7.25.jar (41 kB at 110 kB/s)
[INFO] Downloading from www2.ph.ed.ac.uk: https://www2.ph.ed.ac.uk/maven2/ch/qos/logback/logback-classic/1.1.11/logback-classic-1.1.11.jar
[INFO] Downloading from central: https://repo.maven.apache.org/maven2/ch/qos/logback/logback-classic/1.1.11/logback-classic-1.1.11.jar
[INFO] Downloaded from central: https://repo.maven.apache.org/maven2/ch/qos/logback/logback-classic/1.1.11/logback-classic-1.1.11.jar (309 kB at 663 kB/s)
[INFO] Downloading from www2.ph.ed.ac.uk: https://www2.ph.ed.ac.uk/maven2/ch/qos/logback/logback-core/1.1.11/logback-core-1.1.11.jar
[INFO] Downloading from central: https://repo.maven.apache.org/maven2/ch/qos/logback/logback-core/1.1.11/logback-core-1.1.11.jar
[INFO] Downloaded from central: https://repo.maven.apache.org/maven2/ch/qos/logback/logback-core/1.1.11/logback-core-1.1.11.jar (475 kB at 921 kB/s)
[INFO] Downloading from www2.ph.ed.ac.uk: https://www2.ph.ed.ac.uk/maven2/xerces/xercesImpl/2.11.0/xercesImpl-2.11.0.jar
[INFO] Downloading from central: https://repo.maven.apache.org/maven2/xerces/xercesImpl/2.11.0/xercesImpl-2.11.0.jar
[INFO] Downloaded from central: https://repo.maven.apache.org/maven2/xerces/xercesImpl/2.11.0/xercesImpl-2.11.0.jar (1.4 MB at 1.6 MB/s)
[INFO] Downloading from www2.ph.ed.ac.uk: https://www2.ph.ed.ac.uk/maven2/xml-apis/xml-apis/1.4.01/xml-apis-1.4.01.jar
[INFO] Downloading from central: https://repo.maven.apache.org/maven2/xml-apis/xml-apis/1.4.01/xml-apis-1.4.01.jar
[INFO] Downloaded from central: https://repo.maven.apache.org/maven2/xml-apis/xml-apis/1.4.01/xml-apis-1.4.01.jar (221 kB at 445 kB/s)
[INFO] Downloading from www2.ph.ed.ac.uk: https://www2.ph.ed.ac.uk/maven2/net/sf/saxon/saxon9/9.1.0.8/saxon9-9.1.0.8.jar
[INFO] Downloaded from www2.ph.ed.ac.uk: https://www2.ph.ed.ac.uk/maven2/net/sf/saxon/saxon9/9.1.0.8/saxon9-9.1.0.8.jar (5.0 MB at 2.0 MB/s)
[INFO] Downloading from www2.ph.ed.ac.uk: https://www2.ph.ed.ac.uk/maven2/net/sf/saxon/saxon9-dom/9.1.0.8/saxon9-dom-9.1.0.8.jar
[INFO] Downloaded from www2.ph.ed.ac.uk: https://www2.ph.ed.ac.uk/maven2/net/sf/saxon/saxon9-dom/9.1.0.8/saxon9-dom-9.1.0.8.jar (129 kB at 333 kB/s)
[INFO] Downloading from www2.ph.ed.ac.uk: https://www2.ph.ed.ac.uk/maven2/uk/ac/ed/ph/asciimath/asciimath-parser/1.0/asciimath-parser-1.0.jar
[INFO] Downloaded from www2.ph.ed.ac.uk: https://www2.ph.ed.ac.uk/maven2/uk/ac/ed/ph/asciimath/asciimath-parser/1.0/asciimath-parser-1.0.jar (19 kB at 50 kB/s)
[INFO] Downloading from www2.ph.ed.ac.uk: https://www2.ph.ed.ac.uk/maven2/rhino/js/1.7R2/js-1.7R2.jar
[INFO] Downloading from central: https://repo.maven.apache.org/maven2/rhino/js/1.7R2/js-1.7R2.jar
[INFO] Downloaded from central: https://repo.maven.apache.org/maven2/rhino/js/1.7R2/js-1.7R2.jar (871 kB at 1.4 MB/s)
[INFO] Downloading from www2.ph.ed.ac.uk: https://www2.ph.ed.ac.uk/maven2/uk/ac/ed/ph/jacomax/jacomax/0.2.3/jacomax-0.2.3.jar
[INFO] Downloaded from www2.ph.ed.ac.uk: https://www2.ph.ed.ac.uk/maven2/uk/ac/ed/ph/jacomax/jacomax/0.2.3/jacomax-0.2.3.jar (45 kB at 34 kB/s)
[INFO] Downloading from www2.ph.ed.ac.uk: https://www2.ph.ed.ac.uk/maven2/uk/ac/ed/ph/snuggletex/snuggletex-core/1.3-SNAPSHOT/snuggletex-core-1.3-20150709.102152-5.jar
[INFO] Downloaded from www2.ph.ed.ac.uk: https://www2.ph.ed.ac.uk/maven2/uk/ac/ed/ph/snuggletex/snuggletex-core/1.3-SNAPSHOT/snuggletex-core-1.3-20150709.102152-5.jar (370 kB at 484 kB/s)
[INFO] Downloading from www2.ph.ed.ac.uk: https://www2.ph.ed.ac.uk/maven2/uk/ac/ed/ph/snuggletex/snuggletex-upconversion/1.3-SNAPSHOT/snuggletex-upconversion-1.3-20150709.102229-4.jar
[INFO] Downloaded from www2.ph.ed.ac.uk: https://www2.ph.ed.ac.uk/maven2/uk/ac/ed/ph/snuggletex/snuggletex-upconversion/1.3-SNAPSHOT/snuggletex-upconversion-1.3-20150709.102229-4.jar (69 kB at 178 kB/s)
[INFO] Downloading from www2.ph.ed.ac.uk: https://www2.ph.ed.ac.uk/maven2/org/apache/commons/commons-pool2/2.4.2/commons-pool2-2.4.2.jar
[INFO] Downloading from central: https://repo.maven.apache.org/maven2/org/apache/commons/commons-pool2/2.4.2/commons-pool2-2.4.2.jar
[INFO] Downloaded from central: https://repo.maven.apache.org/maven2/org/apache/commons/commons-pool2/2.4.2/commons-pool2-2.4.2.jar (112 kB at 287 kB/s)
[INFO] Downloading from www2.ph.ed.ac.uk: https://www2.ph.ed.ac.uk/maven2/junit/junit/4.12/junit-4.12.jar
[INFO] Downloading from central: https://repo.maven.apache.org/maven2/junit/junit/4.12/junit-4.12.jar
[INFO] Downloaded from central: https://repo.maven.apache.org/maven2/junit/junit/4.12/junit-4.12.jar (315 kB at 706 kB/s)
[INFO] Downloading from www2.ph.ed.ac.uk: https://www2.ph.ed.ac.uk/maven2/org/hamcrest/hamcrest-core/1.3/hamcrest-core-1.3.jar
[INFO] Downloading from central: https://repo.maven.apache.org/maven2/org/hamcrest/hamcrest-core/1.3/hamcrest-core-1.3.jar
[INFO] Downloaded from central: https://repo.maven.apache.org/maven2/org/hamcrest/hamcrest-core/1.3/hamcrest-core-1.3.jar (45 kB at 121 kB/s)
[INFO] Downloading from www2.ph.ed.ac.uk: https://www2.ph.ed.ac.uk/maven2/xmlunit/xmlunit/1.6/xmlunit-1.6.jar
[INFO] Downloading from central: https://repo.maven.apache.org/maven2/xmlunit/xmlunit/1.6/xmlunit-1.6.jar
[INFO] Downloaded from central: https://repo.maven.apache.org/maven2/xmlunit/xmlunit/1.6/xmlunit-1.6.jar (101 kB at 261 kB/s)
[INFO] 
[INFO] ---------------< uk.ac.ed.ph.qtiworks:qtiworks-samples >----------------
[INFO] Building QTIWorks Samples and Integration Tests 1.0-SNAPSHOT       [5/8]
[INFO] --------------------------------[ jar ]---------------------------------
[WARNING] The POM for com.github.spotbugs:spotbugs-maven-plugin:jar:4.1.4-ZY is missing, no dependency information available
[WARNING] Failed to retrieve plugin descriptor for com.github.spotbugs:spotbugs-maven-plugin:4.1.4-ZY: Plugin com.github.spotbugs:spotbugs-maven-plugin:4.1.4-ZY or one of its dependencies could not be resolved: Failure to find com.github.spotbugs:spotbugs-maven-plugin:jar:4.1.4-ZY in https://repo.maven.apache.org/maven2 was cached in the local repository, resolution will not be reattempted until the update interval of central has elapsed or updates are forced
[INFO] 
[INFO] --- maven-clean-plugin:2.5:clean (default-clean) @ qtiworks-samples ---
[INFO] Deleting /home/codegex/Documents/workspace/rbugs/experiment/top100repos/qtiworks/qtiworks-samples/target
[INFO] 
[INFO] --- maven-resources-plugin:2.6:resources (default-resources) @ qtiworks-samples ---
[INFO] Using 'UTF-8' encoding to copy filtered resources.
[INFO] Copying 201 resources
[INFO] 
[INFO] --- maven-compiler-plugin:3.1:compile (default-compile) @ qtiworks-samples ---
[INFO] Changes detected - recompiling the module!
[INFO] Compiling 10 source files to /home/codegex/Documents/workspace/rbugs/experiment/top100repos/qtiworks/qtiworks-samples/target/classes
[INFO] 
[INFO] --- maven-resources-plugin:2.6:testResources (default-testResources) @ qtiworks-samples ---
[INFO] Using 'UTF-8' encoding to copy filtered resources.
[INFO] Copying 6 resources
[INFO] 
[INFO] --- maven-compiler-plugin:3.1:testCompile (default-testCompile) @ qtiworks-samples ---
[INFO] Changes detected - recompiling the module!
[INFO] Compiling 6 source files to /home/codegex/Documents/workspace/rbugs/experiment/top100repos/qtiworks/qtiworks-samples/target/test-classes
[INFO] 
[INFO] --- maven-surefire-plugin:2.17:test (default-test) @ qtiworks-samples ---
[INFO] Tests are skipped.
[INFO] 
[INFO] --- maven-jar-plugin:2.5:jar (default-jar) @ qtiworks-samples ---
[INFO] Building jar: /home/codegex/Documents/workspace/rbugs/experiment/top100repos/qtiworks/qtiworks-samples/target/qtiworks-samples-1.0-SNAPSHOT.jar
[INFO] 
[INFO] --- maven-install-plugin:2.5.1:install (default-install) @ qtiworks-samples ---
[INFO] Installing /home/codegex/Documents/workspace/rbugs/experiment/top100repos/qtiworks/qtiworks-samples/target/qtiworks-samples-1.0-SNAPSHOT.jar to /home/codegex/.m2/repository/uk/ac/ed/ph/qtiworks/qtiworks-samples/1.0-SNAPSHOT/qtiworks-samples-1.0-SNAPSHOT.jar
[INFO] Installing /home/codegex/Documents/workspace/rbugs/experiment/top100repos/qtiworks/qtiworks-samples/pom.xml to /home/codegex/.m2/repository/uk/ac/ed/ph/qtiworks/qtiworks-samples/1.0-SNAPSHOT/qtiworks-samples-1.0-SNAPSHOT.pom
[INFO] 
[INFO] --- maven-dependency-plugin:2.8:purge-local-repository (default-cli) @ qtiworks-samples ---
[WARNING] Unable to purge local repository location: /home/codegex/.m2/repository/uk/ac/ed/ph/qtiworks/qtiworks-jqtiplus/1.0-SNAPSHOT
[WARNING] Unable to purge local repository location: /home/codegex/.m2/repository/uk/ac/ed/ph/qtiworks/qtiworks-mathassess-glue/1.0-SNAPSHOT
[INFO] Downloading from www2.ph.ed.ac.uk: https://www2.ph.ed.ac.uk/maven2/org/slf4j/slf4j-api/1.7.25/slf4j-api-1.7.25.pom
[INFO] Downloading from central: https://repo.maven.apache.org/maven2/org/slf4j/slf4j-api/1.7.25/slf4j-api-1.7.25.pom
[INFO] Downloaded from central: https://repo.maven.apache.org/maven2/org/slf4j/slf4j-api/1.7.25/slf4j-api-1.7.25.pom (3.8 kB at 11 kB/s)
[INFO] Downloading from www2.ph.ed.ac.uk: https://www2.ph.ed.ac.uk/maven2/ch/qos/logback/logback-classic/1.1.11/logback-classic-1.1.11.pom
[INFO] Downloading from central: https://repo.maven.apache.org/maven2/ch/qos/logback/logback-classic/1.1.11/logback-classic-1.1.11.pom
[INFO] Downloaded from central: https://repo.maven.apache.org/maven2/ch/qos/logback/logback-classic/1.1.11/logback-classic-1.1.11.pom (13 kB at 36 kB/s)
[INFO] Downloading from www2.ph.ed.ac.uk: https://www2.ph.ed.ac.uk/maven2/ch/qos/logback/logback-core/1.1.11/logback-core-1.1.11.pom
[INFO] Downloading from central: https://repo.maven.apache.org/maven2/ch/qos/logback/logback-core/1.1.11/logback-core-1.1.11.pom
[INFO] Downloaded from central: https://repo.maven.apache.org/maven2/ch/qos/logback/logback-core/1.1.11/logback-core-1.1.11.pom (4.4 kB at 12 kB/s)
[INFO] Downloading from www2.ph.ed.ac.uk: https://www2.ph.ed.ac.uk/maven2/xerces/xercesImpl/2.11.0/xercesImpl-2.11.0.pom
[INFO] Downloading from central: https://repo.maven.apache.org/maven2/xerces/xercesImpl/2.11.0/xercesImpl-2.11.0.pom
[INFO] Downloaded from central: https://repo.maven.apache.org/maven2/xerces/xercesImpl/2.11.0/xercesImpl-2.11.0.pom (3.4 kB at 9.4 kB/s)
[INFO] Downloading from www2.ph.ed.ac.uk: https://www2.ph.ed.ac.uk/maven2/xml-apis/xml-apis/1.4.01/xml-apis-1.4.01.pom
[INFO] Downloading from central: https://repo.maven.apache.org/maven2/xml-apis/xml-apis/1.4.01/xml-apis-1.4.01.pom
[INFO] Downloaded from central: https://repo.maven.apache.org/maven2/xml-apis/xml-apis/1.4.01/xml-apis-1.4.01.pom (2.7 kB at 7.3 kB/s)
[INFO] Downloading from www2.ph.ed.ac.uk: https://www2.ph.ed.ac.uk/maven2/net/sf/saxon/saxon9/9.1.0.8/saxon9-9.1.0.8.pom
[INFO] Downloaded from www2.ph.ed.ac.uk: https://www2.ph.ed.ac.uk/maven2/net/sf/saxon/saxon9/9.1.0.8/saxon9-9.1.0.8.pom (393 B at 403 B/s)
[INFO] Downloading from www2.ph.ed.ac.uk: https://www2.ph.ed.ac.uk/maven2/net/sf/saxon/saxon9-dom/9.1.0.8/saxon9-dom-9.1.0.8.pom
[INFO] Downloaded from www2.ph.ed.ac.uk: https://www2.ph.ed.ac.uk/maven2/net/sf/saxon/saxon9-dom/9.1.0.8/saxon9-dom-9.1.0.8.pom (397 B at 1.0 kB/s)
[INFO] Downloading from www2.ph.ed.ac.uk: https://www2.ph.ed.ac.uk/maven2/uk/ac/ed/ph/asciimath/asciimath-parser/1.0/asciimath-parser-1.0.pom
[INFO] Downloaded from www2.ph.ed.ac.uk: https://www2.ph.ed.ac.uk/maven2/uk/ac/ed/ph/asciimath/asciimath-parser/1.0/asciimath-parser-1.0.pom (5.8 kB at 15 kB/s)
[INFO] Downloading from www2.ph.ed.ac.uk: https://www2.ph.ed.ac.uk/maven2/rhino/js/1.7R2/js-1.7R2.pom
[INFO] Downloading from central: https://repo.maven.apache.org/maven2/rhino/js/1.7R2/js-1.7R2.pom
[INFO] Downloaded from central: https://repo.maven.apache.org/maven2/rhino/js/1.7R2/js-1.7R2.pom (832 B at 2.3 kB/s)
[INFO] Downloading from www2.ph.ed.ac.uk: https://www2.ph.ed.ac.uk/maven2/uk/ac/ed/ph/jacomax/jacomax/0.2.3/jacomax-0.2.3.pom
[INFO] Downloaded from www2.ph.ed.ac.uk: https://www2.ph.ed.ac.uk/maven2/uk/ac/ed/ph/jacomax/jacomax/0.2.3/jacomax-0.2.3.pom (1.7 kB at 1.8 kB/s)
[INFO] Downloading from www2.ph.ed.ac.uk: https://www2.ph.ed.ac.uk/maven2/uk/ac/ed/ph/snuggletex/snuggletex-core/1.3-SNAPSHOT/snuggletex-core-1.3-20150709.102152-5.pom
[INFO] Downloaded from www2.ph.ed.ac.uk: https://www2.ph.ed.ac.uk/maven2/uk/ac/ed/ph/snuggletex/snuggletex-core/1.3-SNAPSHOT/snuggletex-core-1.3-20150709.102152-5.pom (4.7 kB at 12 kB/s)
[INFO] Downloading from www2.ph.ed.ac.uk: https://www2.ph.ed.ac.uk/maven2/uk/ac/ed/ph/snuggletex/snuggletex-upconversion/1.3-SNAPSHOT/snuggletex-upconversion-1.3-20150709.102229-4.pom
[INFO] Downloaded from www2.ph.ed.ac.uk: https://www2.ph.ed.ac.uk/maven2/uk/ac/ed/ph/snuggletex/snuggletex-upconversion/1.3-SNAPSHOT/snuggletex-upconversion-1.3-20150709.102229-4.pom (3.5 kB at 9.2 kB/s)
[INFO] Downloading from www2.ph.ed.ac.uk: https://www2.ph.ed.ac.uk/maven2/org/apache/commons/commons-pool2/2.4.2/commons-pool2-2.4.2.pom
[INFO] Downloading from central: https://repo.maven.apache.org/maven2/org/apache/commons/commons-pool2/2.4.2/commons-pool2-2.4.2.pom
[INFO] Downloaded from central: https://repo.maven.apache.org/maven2/org/apache/commons/commons-pool2/2.4.2/commons-pool2-2.4.2.pom (11 kB at 31 kB/s)
[INFO] Downloading from www2.ph.ed.ac.uk: https://www2.ph.ed.ac.uk/maven2/xmlunit/xmlunit/1.6/xmlunit-1.6.pom
[INFO] Downloading from central: https://repo.maven.apache.org/maven2/xmlunit/xmlunit/1.6/xmlunit-1.6.pom
[INFO] Downloaded from central: https://repo.maven.apache.org/maven2/xmlunit/xmlunit/1.6/xmlunit-1.6.pom (3.0 kB at 8.3 kB/s)
[INFO] Downloading from www2.ph.ed.ac.uk: https://www2.ph.ed.ac.uk/maven2/junit/junit/4.12/junit-4.12.pom
[INFO] Downloading from central: https://repo.maven.apache.org/maven2/junit/junit/4.12/junit-4.12.pom
[INFO] Downloaded from central: https://repo.maven.apache.org/maven2/junit/junit/4.12/junit-4.12.pom (24 kB at 65 kB/s)
[INFO] Downloading from www2.ph.ed.ac.uk: https://www2.ph.ed.ac.uk/maven2/org/hamcrest/hamcrest-core/1.3/hamcrest-core-1.3.pom
[INFO] Downloading from central: https://repo.maven.apache.org/maven2/org/hamcrest/hamcrest-core/1.3/hamcrest-core-1.3.pom
[INFO] Downloaded from central: https://repo.maven.apache.org/maven2/org/hamcrest/hamcrest-core/1.3/hamcrest-core-1.3.pom (766 B at 2.1 kB/s)
[INFO] Downloading from www2.ph.ed.ac.uk: https://www2.ph.ed.ac.uk/maven2/org/slf4j/slf4j-api/1.7.25/slf4j-api-1.7.25.jar
[INFO] Downloading from central: https://repo.maven.apache.org/maven2/org/slf4j/slf4j-api/1.7.25/slf4j-api-1.7.25.jar
[INFO] Downloaded from central: https://repo.maven.apache.org/maven2/org/slf4j/slf4j-api/1.7.25/slf4j-api-1.7.25.jar (41 kB at 111 kB/s)
[INFO] Downloading from www2.ph.ed.ac.uk: https://www2.ph.ed.ac.uk/maven2/ch/qos/logback/logback-classic/1.1.11/logback-classic-1.1.11.jar
[INFO] Downloading from central: https://repo.maven.apache.org/maven2/ch/qos/logback/logback-classic/1.1.11/logback-classic-1.1.11.jar
[INFO] Downloaded from central: https://repo.maven.apache.org/maven2/ch/qos/logback/logback-classic/1.1.11/logback-classic-1.1.11.jar (309 kB at 698 kB/s)
[INFO] Downloading from www2.ph.ed.ac.uk: https://www2.ph.ed.ac.uk/maven2/ch/qos/logback/logback-core/1.1.11/logback-core-1.1.11.jar
[INFO] Downloading from central: https://repo.maven.apache.org/maven2/ch/qos/logback/logback-core/1.1.11/logback-core-1.1.11.jar
[INFO] Downloaded from central: https://repo.maven.apache.org/maven2/ch/qos/logback/logback-core/1.1.11/logback-core-1.1.11.jar (475 kB at 972 kB/s)
[INFO] Downloading from www2.ph.ed.ac.uk: https://www2.ph.ed.ac.uk/maven2/xerces/xercesImpl/2.11.0/xercesImpl-2.11.0.jar
[INFO] Downloading from central: https://repo.maven.apache.org/maven2/xerces/xercesImpl/2.11.0/xercesImpl-2.11.0.jar
[INFO] Downloaded from central: https://repo.maven.apache.org/maven2/xerces/xercesImpl/2.11.0/xercesImpl-2.11.0.jar (1.4 MB at 1.8 MB/s)
[INFO] Downloading from www2.ph.ed.ac.uk: https://www2.ph.ed.ac.uk/maven2/xml-apis/xml-apis/1.4.01/xml-apis-1.4.01.jar
[INFO] Downloading from central: https://repo.maven.apache.org/maven2/xml-apis/xml-apis/1.4.01/xml-apis-1.4.01.jar
[INFO] Downloaded from central: https://repo.maven.apache.org/maven2/xml-apis/xml-apis/1.4.01/xml-apis-1.4.01.jar (221 kB at 537 kB/s)
[INFO] Downloading from www2.ph.ed.ac.uk: https://www2.ph.ed.ac.uk/maven2/net/sf/saxon/saxon9/9.1.0.8/saxon9-9.1.0.8.jar
[INFO] Downloaded from www2.ph.ed.ac.uk: https://www2.ph.ed.ac.uk/maven2/net/sf/saxon/saxon9/9.1.0.8/saxon9-9.1.0.8.jar (5.0 MB at 2.0 MB/s)
[INFO] Downloading from www2.ph.ed.ac.uk: https://www2.ph.ed.ac.uk/maven2/net/sf/saxon/saxon9-dom/9.1.0.8/saxon9-dom-9.1.0.8.jar
[INFO] Downloaded from www2.ph.ed.ac.uk: https://www2.ph.ed.ac.uk/maven2/net/sf/saxon/saxon9-dom/9.1.0.8/saxon9-dom-9.1.0.8.jar (129 kB at 334 kB/s)
[INFO] Downloading from www2.ph.ed.ac.uk: https://www2.ph.ed.ac.uk/maven2/uk/ac/ed/ph/asciimath/asciimath-parser/1.0/asciimath-parser-1.0.jar
[INFO] Downloaded from www2.ph.ed.ac.uk: https://www2.ph.ed.ac.uk/maven2/uk/ac/ed/ph/asciimath/asciimath-parser/1.0/asciimath-parser-1.0.jar (19 kB at 50 kB/s)
[INFO] Downloading from www2.ph.ed.ac.uk: https://www2.ph.ed.ac.uk/maven2/rhino/js/1.7R2/js-1.7R2.jar
[INFO] Downloading from central: https://repo.maven.apache.org/maven2/rhino/js/1.7R2/js-1.7R2.jar
[INFO] Downloaded from central: https://repo.maven.apache.org/maven2/rhino/js/1.7R2/js-1.7R2.jar (871 kB at 1.5 MB/s)
[INFO] Downloading from www2.ph.ed.ac.uk: https://www2.ph.ed.ac.uk/maven2/uk/ac/ed/ph/jacomax/jacomax/0.2.3/jacomax-0.2.3.jar
[INFO] Downloaded from www2.ph.ed.ac.uk: https://www2.ph.ed.ac.uk/maven2/uk/ac/ed/ph/jacomax/jacomax/0.2.3/jacomax-0.2.3.jar (45 kB at 33 kB/s)
[INFO] Downloading from www2.ph.ed.ac.uk: https://www2.ph.ed.ac.uk/maven2/uk/ac/ed/ph/snuggletex/snuggletex-core/1.3-SNAPSHOT/snuggletex-core-1.3-20150709.102152-5.jar
[INFO] Downloaded from www2.ph.ed.ac.uk: https://www2.ph.ed.ac.uk/maven2/uk/ac/ed/ph/snuggletex/snuggletex-core/1.3-SNAPSHOT/snuggletex-core-1.3-20150709.102152-5.jar (370 kB at 486 kB/s)
[INFO] Downloading from www2.ph.ed.ac.uk: https://www2.ph.ed.ac.uk/maven2/uk/ac/ed/ph/snuggletex/snuggletex-upconversion/1.3-SNAPSHOT/snuggletex-upconversion-1.3-20150709.102229-4.jar
[INFO] Downloaded from www2.ph.ed.ac.uk: https://www2.ph.ed.ac.uk/maven2/uk/ac/ed/ph/snuggletex/snuggletex-upconversion/1.3-SNAPSHOT/snuggletex-upconversion-1.3-20150709.102229-4.jar (69 kB at 178 kB/s)
[INFO] Downloading from www2.ph.ed.ac.uk: https://www2.ph.ed.ac.uk/maven2/org/apache/commons/commons-pool2/2.4.2/commons-pool2-2.4.2.jar
[INFO] Downloading from central: https://repo.maven.apache.org/maven2/org/apache/commons/commons-pool2/2.4.2/commons-pool2-2.4.2.jar
[INFO] Downloaded from central: https://repo.maven.apache.org/maven2/org/apache/commons/commons-pool2/2.4.2/commons-pool2-2.4.2.jar (112 kB at 291 kB/s)
[INFO] Downloading from www2.ph.ed.ac.uk: https://www2.ph.ed.ac.uk/maven2/xmlunit/xmlunit/1.6/xmlunit-1.6.jar
[INFO] Downloading from central: https://repo.maven.apache.org/maven2/xmlunit/xmlunit/1.6/xmlunit-1.6.jar
[INFO] Downloaded from central: https://repo.maven.apache.org/maven2/xmlunit/xmlunit/1.6/xmlunit-1.6.jar (101 kB at 266 kB/s)
[INFO] Downloading from www2.ph.ed.ac.uk: https://www2.ph.ed.ac.uk/maven2/junit/junit/4.12/junit-4.12.jar
[INFO] Downloading from central: https://repo.maven.apache.org/maven2/junit/junit/4.12/junit-4.12.jar
[INFO] Downloaded from central: https://repo.maven.apache.org/maven2/junit/junit/4.12/junit-4.12.jar (315 kB at 731 kB/s)
[INFO] Downloading from www2.ph.ed.ac.uk: https://www2.ph.ed.ac.uk/maven2/org/hamcrest/hamcrest-core/1.3/hamcrest-core-1.3.jar
[INFO] Downloading from central: https://repo.maven.apache.org/maven2/org/hamcrest/hamcrest-core/1.3/hamcrest-core-1.3.jar
[INFO] Downloaded from central: https://repo.maven.apache.org/maven2/org/hamcrest/hamcrest-core/1.3/hamcrest-core-1.3.jar (45 kB at 122 kB/s)
[INFO] 
[INFO] ----------------< uk.ac.ed.ph.qtiworks:qtiworks-engine >----------------
[INFO] Building QTIWorks Delivery Engine 1.0-SNAPSHOT                     [6/8]
[INFO] --------------------------------[ war ]---------------------------------
[WARNING] The POM for com.github.spotbugs:spotbugs-maven-plugin:jar:4.1.4-ZY is missing, no dependency information available
[WARNING] Failed to retrieve plugin descriptor for com.github.spotbugs:spotbugs-maven-plugin:4.1.4-ZY: Plugin com.github.spotbugs:spotbugs-maven-plugin:4.1.4-ZY or one of its dependencies could not be resolved: Failure to find com.github.spotbugs:spotbugs-maven-plugin:jar:4.1.4-ZY in https://repo.maven.apache.org/maven2 was cached in the local repository, resolution will not be reattempted until the update interval of central has elapsed or updates are forced
[INFO] Downloading from www2.ph.ed.ac.uk: https://www2.ph.ed.ac.uk/maven2/org/hibernate/hibernate-core/5.1.10.Final/hibernate-core-5.1.10.Final.pom
[INFO] Downloading from central: https://repo.maven.apache.org/maven2/org/hibernate/hibernate-core/5.1.10.Final/hibernate-core-5.1.10.Final.pom
[INFO] Downloaded from central: https://repo.maven.apache.org/maven2/org/hibernate/hibernate-core/5.1.10.Final/hibernate-core-5.1.10.Final.pom (3.3 kB at 9.1 kB/s)
[INFO] Downloading from www2.ph.ed.ac.uk: https://www2.ph.ed.ac.uk/maven2/org/jboss/jandex/2.0.3.Final/jandex-2.0.3.Final.pom
[INFO] Downloading from central: https://repo.maven.apache.org/maven2/org/jboss/jandex/2.0.3.Final/jandex-2.0.3.Final.pom
[INFO] Downloaded from central: https://repo.maven.apache.org/maven2/org/jboss/jandex/2.0.3.Final/jandex-2.0.3.Final.pom (5.7 kB at 16 kB/s)
[INFO] Downloading from www2.ph.ed.ac.uk: https://www2.ph.ed.ac.uk/maven2/com/fasterxml/classmate/1.3.0/classmate-1.3.0.pom
[INFO] Downloading from central: https://repo.maven.apache.org/maven2/com/fasterxml/classmate/1.3.0/classmate-1.3.0.pom
[INFO] Downloaded from central: https://repo.maven.apache.org/maven2/com/fasterxml/classmate/1.3.0/classmate-1.3.0.pom (5.7 kB at 16 kB/s)
[INFO] Downloading from www2.ph.ed.ac.uk: https://www2.ph.ed.ac.uk/maven2/org/hibernate/hibernate-validator/5.4.2.Final/hibernate-validator-5.4.2.Final.pom
[INFO] Downloading from central: https://repo.maven.apache.org/maven2/org/hibernate/hibernate-validator/5.4.2.Final/hibernate-validator-5.4.2.Final.pom
[INFO] Downloaded from central: https://repo.maven.apache.org/maven2/org/hibernate/hibernate-validator/5.4.2.Final/hibernate-validator-5.4.2.Final.pom (16 kB at 45 kB/s)
[INFO] Downloading from www2.ph.ed.ac.uk: https://www2.ph.ed.ac.uk/maven2/org/hibernate/hibernate-validator-parent/5.4.2.Final/hibernate-validator-parent-5.4.2.Final.pom
[INFO] Downloading from central: https://repo.maven.apache.org/maven2/org/hibernate/hibernate-validator-parent/5.4.2.Final/hibernate-validator-parent-5.4.2.Final.pom
[INFO] Downloaded from central: https://repo.maven.apache.org/maven2/org/hibernate/hibernate-validator-parent/5.4.2.Final/hibernate-validator-parent-5.4.2.Final.pom (49 kB at 131 kB/s)
[INFO] Downloading from www2.ph.ed.ac.uk: https://www2.ph.ed.ac.uk/maven2/org/hibernate/hibernate-entitymanager/5.1.10.Final/hibernate-entitymanager-5.1.10.Final.pom
[INFO] Downloading from central: https://repo.maven.apache.org/maven2/org/hibernate/hibernate-entitymanager/5.1.10.Final/hibernate-entitymanager-5.1.10.Final.pom
[INFO] Downloaded from central: https://repo.maven.apache.org/maven2/org/hibernate/hibernate-entitymanager/5.1.10.Final/hibernate-entitymanager-5.1.10.Final.pom (3.0 kB at 8.2 kB/s)
[INFO] Downloading from www2.ph.ed.ac.uk: https://www2.ph.ed.ac.uk/maven2/org/springframework/spring-context/4.3.13.RELEASE/spring-context-4.3.13.RELEASE.pom
[INFO] Downloading from central: https://repo.maven.apache.org/maven2/org/springframework/spring-context/4.3.13.RELEASE/spring-context-4.3.13.RELEASE.pom
[INFO] Downloaded from central: https://repo.maven.apache.org/maven2/org/springframework/spring-context/4.3.13.RELEASE/spring-context-4.3.13.RELEASE.pom (5.0 kB at 14 kB/s)
[INFO] Downloading from www2.ph.ed.ac.uk: https://www2.ph.ed.ac.uk/maven2/org/springframework/spring-aop/4.3.13.RELEASE/spring-aop-4.3.13.RELEASE.pom
[INFO] Downloading from central: https://repo.maven.apache.org/maven2/org/springframework/spring-aop/4.3.13.RELEASE/spring-aop-4.3.13.RELEASE.pom
[INFO] Downloaded from central: https://repo.maven.apache.org/maven2/org/springframework/spring-aop/4.3.13.RELEASE/spring-aop-4.3.13.RELEASE.pom (2.7 kB at 7.4 kB/s)
[INFO] Downloading from www2.ph.ed.ac.uk: https://www2.ph.ed.ac.uk/maven2/org/springframework/spring-beans/4.3.13.RELEASE/spring-beans-4.3.13.RELEASE.pom
[INFO] Downloading from central: https://repo.maven.apache.org/maven2/org/springframework/spring-beans/4.3.13.RELEASE/spring-beans-4.3.13.RELEASE.pom
[INFO] Downloaded from central: https://repo.maven.apache.org/maven2/org/springframework/spring-beans/4.3.13.RELEASE/spring-beans-4.3.13.RELEASE.pom (2.5 kB at 6.9 kB/s)
[INFO] Downloading from www2.ph.ed.ac.uk: https://www2.ph.ed.ac.uk/maven2/org/springframework/spring-core/4.3.13.RELEASE/spring-core-4.3.13.RELEASE.pom
[INFO] Downloading from central: https://repo.maven.apache.org/maven2/org/springframework/spring-core/4.3.13.RELEASE/spring-core-4.3.13.RELEASE.pom
[INFO] Downloaded from central: https://repo.maven.apache.org/maven2/org/springframework/spring-core/4.3.13.RELEASE/spring-core-4.3.13.RELEASE.pom (2.5 kB at 6.8 kB/s)
[INFO] Downloading from www2.ph.ed.ac.uk: https://www2.ph.ed.ac.uk/maven2/org/springframework/spring-expression/4.3.13.RELEASE/spring-expression-4.3.13.RELEASE.pom
[INFO] Downloading from central: https://repo.maven.apache.org/maven2/org/springframework/spring-expression/4.3.13.RELEASE/spring-expression-4.3.13.RELEASE.pom
[INFO] Downloaded from central: https://repo.maven.apache.org/maven2/org/springframework/spring-expression/4.3.13.RELEASE/spring-expression-4.3.13.RELEASE.pom (1.7 kB at 4.7 kB/s)
[INFO] Downloading from www2.ph.ed.ac.uk: https://www2.ph.ed.ac.uk/maven2/org/springframework/spring-context-support/4.3.13.RELEASE/spring-context-support-4.3.13.RELEASE.pom
[INFO] Downloading from central: https://repo.maven.apache.org/maven2/org/springframework/spring-context-support/4.3.13.RELEASE/spring-context-support-4.3.13.RELEASE.pom
[INFO] Downloaded from central: https://repo.maven.apache.org/maven2/org/springframework/spring-context-support/4.3.13.RELEASE/spring-context-support-4.3.13.RELEASE.pom (5.7 kB at 16 kB/s)
[INFO] Downloading from www2.ph.ed.ac.uk: https://www2.ph.ed.ac.uk/maven2/org/springframework/spring-tx/4.3.13.RELEASE/spring-tx-4.3.13.RELEASE.pom
[INFO] Downloading from central: https://repo.maven.apache.org/maven2/org/springframework/spring-tx/4.3.13.RELEASE/spring-tx-4.3.13.RELEASE.pom
[INFO] Downloaded from central: https://repo.maven.apache.org/maven2/org/springframework/spring-tx/4.3.13.RELEASE/spring-tx-4.3.13.RELEASE.pom (3.2 kB at 8.7 kB/s)
[INFO] Downloading from www2.ph.ed.ac.uk: https://www2.ph.ed.ac.uk/maven2/org/springframework/spring-jdbc/4.3.13.RELEASE/spring-jdbc-4.3.13.RELEASE.pom
[INFO] Downloading from central: https://repo.maven.apache.org/maven2/org/springframework/spring-jdbc/4.3.13.RELEASE/spring-jdbc-4.3.13.RELEASE.pom
[INFO] Downloaded from central: https://repo.maven.apache.org/maven2/org/springframework/spring-jdbc/4.3.13.RELEASE/spring-jdbc-4.3.13.RELEASE.pom (3.5 kB at 9.7 kB/s)
[INFO] Downloading from www2.ph.ed.ac.uk: https://www2.ph.ed.ac.uk/maven2/org/springframework/spring-orm/4.3.13.RELEASE/spring-orm-4.3.13.RELEASE.pom
[INFO] Downloading from central: https://repo.maven.apache.org/maven2/org/springframework/spring-orm/4.3.13.RELEASE/spring-orm-4.3.13.RELEASE.pom
[INFO] Downloaded from central: https://repo.maven.apache.org/maven2/org/springframework/spring-orm/4.3.13.RELEASE/spring-orm-4.3.13.RELEASE.pom (5.9 kB at 16 kB/s)
[INFO] Downloading from www2.ph.ed.ac.uk: https://www2.ph.ed.ac.uk/maven2/org/springframework/spring-web/4.3.13.RELEASE/spring-web-4.3.13.RELEASE.pom
[INFO] Downloading from central: https://repo.maven.apache.org/maven2/org/springframework/spring-web/4.3.13.RELEASE/spring-web-4.3.13.RELEASE.pom
[INFO] Downloaded from central: https://repo.maven.apache.org/maven2/org/springframework/spring-web/4.3.13.RELEASE/spring-web-4.3.13.RELEASE.pom (8.0 kB at 22 kB/s)
[INFO] Downloading from www2.ph.ed.ac.uk: https://www2.ph.ed.ac.uk/maven2/org/springframework/spring-webmvc/4.3.13.RELEASE/spring-webmvc-4.3.13.RELEASE.pom
[INFO] Downloading from central: https://repo.maven.apache.org/maven2/org/springframework/spring-webmvc/4.3.13.RELEASE/spring-webmvc-4.3.13.RELEASE.pom
[INFO] Downloaded from central: https://repo.maven.apache.org/maven2/org/springframework/spring-webmvc/4.3.13.RELEASE/spring-webmvc-4.3.13.RELEASE.pom (10.0 kB at 28 kB/s)
[INFO] Downloading from www2.ph.ed.ac.uk: https://www2.ph.ed.ac.uk/maven2/com/fasterxml/jackson/core/jackson-databind/2.5.5/jackson-databind-2.5.5.pom
[INFO] Downloading from central: https://repo.maven.apache.org/maven2/com/fasterxml/jackson/core/jackson-databind/2.5.5/jackson-databind-2.5.5.pom
[INFO] Downloaded from central: https://repo.maven.apache.org/maven2/com/fasterxml/jackson/core/jackson-databind/2.5.5/jackson-databind-2.5.5.pom (5.9 kB at 16 kB/s)
[INFO] Downloading from www2.ph.ed.ac.uk: https://www2.ph.ed.ac.uk/maven2/com/fasterxml/jackson/core/jackson-core/2.5.5/jackson-core-2.5.5.pom
[INFO] Downloading from central: https://repo.maven.apache.org/maven2/com/fasterxml/jackson/core/jackson-core/2.5.5/jackson-core-2.5.5.pom
[INFO] Downloaded from central: https://repo.maven.apache.org/maven2/com/fasterxml/jackson/core/jackson-core/2.5.5/jackson-core-2.5.5.pom (4.8 kB at 13 kB/s)
[INFO] Downloading from www2.ph.ed.ac.uk: https://www2.ph.ed.ac.uk/maven2/net/sourceforge/javacsv/javacsv/2.0/javacsv-2.0.pom
[INFO] Downloading from central: https://repo.maven.apache.org/maven2/net/sourceforge/javacsv/javacsv/2.0/javacsv-2.0.pom
[INFO] Downloaded from central: https://repo.maven.apache.org/maven2/net/sourceforge/javacsv/javacsv/2.0/javacsv-2.0.pom (865 B at 2.4 kB/s)
[INFO] Downloading from www2.ph.ed.ac.uk: https://www2.ph.ed.ac.uk/maven2/commons-dbcp/commons-dbcp/1.4/commons-dbcp-1.4.pom
[INFO] Downloading from central: https://repo.maven.apache.org/maven2/commons-dbcp/commons-dbcp/1.4/commons-dbcp-1.4.pom
[INFO] Downloaded from central: https://repo.maven.apache.org/maven2/commons-dbcp/commons-dbcp/1.4/commons-dbcp-1.4.pom (11 kB at 31 kB/s)
[INFO] Downloading from www2.ph.ed.ac.uk: https://www2.ph.ed.ac.uk/maven2/commons-pool/commons-pool/1.5.4/commons-pool-1.5.4.pom
[INFO] Downloading from central: https://repo.maven.apache.org/maven2/commons-pool/commons-pool/1.5.4/commons-pool-1.5.4.pom
[INFO] Downloaded from central: https://repo.maven.apache.org/maven2/commons-pool/commons-pool/1.5.4/commons-pool-1.5.4.pom (11 kB at 31 kB/s)
[INFO] Downloading from www2.ph.ed.ac.uk: https://www2.ph.ed.ac.uk/maven2/commons-fileupload/commons-fileupload/1.3.2/commons-fileupload-1.3.2.pom
[INFO] Downloading from central: https://repo.maven.apache.org/maven2/commons-fileupload/commons-fileupload/1.3.2/commons-fileupload-1.3.2.pom
[INFO] Downloaded from central: https://repo.maven.apache.org/maven2/commons-fileupload/commons-fileupload/1.3.2/commons-fileupload-1.3.2.pom (11 kB at 29 kB/s)
[INFO] Downloading from www2.ph.ed.ac.uk: https://www2.ph.ed.ac.uk/maven2/net/oauth/core/oauth-provider/20100601/oauth-provider-20100601.pom
[INFO] Downloaded from www2.ph.ed.ac.uk: https://www2.ph.ed.ac.uk/maven2/net/oauth/core/oauth-provider/20100601/oauth-provider-20100601.pom (893 B at 902 B/s)
[INFO] Downloading from www2.ph.ed.ac.uk: https://www2.ph.ed.ac.uk/maven2/net/oauth/core/oauth-core-parent/20100601/oauth-core-parent-20100601.pom
[INFO] Downloaded from www2.ph.ed.ac.uk: https://www2.ph.ed.ac.uk/maven2/net/oauth/core/oauth-core-parent/20100601/oauth-core-parent-20100601.pom (1.9 kB at 4.8 kB/s)
[INFO] Downloading from www2.ph.ed.ac.uk: https://www2.ph.ed.ac.uk/maven2/net/oauth/oauth-parent/20100601/oauth-parent-20100601.pom
[INFO] Downloaded from www2.ph.ed.ac.uk: https://www2.ph.ed.ac.uk/maven2/net/oauth/oauth-parent/20100601/oauth-parent-20100601.pom (3.3 kB at 8.6 kB/s)
[INFO] Downloading from www2.ph.ed.ac.uk: https://www2.ph.ed.ac.uk/maven2/net/oauth/core/oauth/20100601/oauth-20100601.pom
[INFO] Downloaded from www2.ph.ed.ac.uk: https://www2.ph.ed.ac.uk/maven2/net/oauth/core/oauth/20100601/oauth-20100601.pom (552 B at 1.4 kB/s)
[INFO] Downloading from www2.ph.ed.ac.uk: https://www2.ph.ed.ac.uk/maven2/net/oauth/core/oauth-consumer/20100601/oauth-consumer-20100601.pom
[INFO] Downloaded from www2.ph.ed.ac.uk: https://www2.ph.ed.ac.uk/maven2/net/oauth/core/oauth-consumer/20100601/oauth-consumer-20100601.pom (717 B at 1.8 kB/s)
[INFO] Downloading from www2.ph.ed.ac.uk: https://www2.ph.ed.ac.uk/maven2/net/oauth/core/oauth-httpclient4/20100601/oauth-httpclient4-20100601.pom
[INFO] Downloaded from www2.ph.ed.ac.uk: https://www2.ph.ed.ac.uk/maven2/net/oauth/core/oauth-httpclient4/20100601/oauth-httpclient4-20100601.pom (1.3 kB at 3.0 kB/s)
[INFO] Downloading from www2.ph.ed.ac.uk: https://www2.ph.ed.ac.uk/maven2/javax/servlet/servlet-api/2.5/servlet-api-2.5.pom
[INFO] Downloading from central: https://repo.maven.apache.org/maven2/javax/servlet/servlet-api/2.5/servlet-api-2.5.pom
[INFO] Downloaded from central: https://repo.maven.apache.org/maven2/javax/servlet/servlet-api/2.5/servlet-api-2.5.pom (157 B at 438 B/s)
[INFO] Downloading from www2.ph.ed.ac.uk: https://www2.ph.ed.ac.uk/maven2/javax/servlet/jsp/jsp-api/2.1/jsp-api-2.1.pom
[INFO] Downloading from central: https://repo.maven.apache.org/maven2/javax/servlet/jsp/jsp-api/2.1/jsp-api-2.1.pom
[INFO] Downloaded from central: https://repo.maven.apache.org/maven2/javax/servlet/jsp/jsp-api/2.1/jsp-api-2.1.pom (157 B at 434 B/s)
[INFO] Downloading from www2.ph.ed.ac.uk: https://www2.ph.ed.ac.uk/maven2/org/glassfish/javax.el/3.0.1-b09/javax.el-3.0.1-b09.pom
[INFO] Downloading from central: https://repo.maven.apache.org/maven2/org/glassfish/javax.el/3.0.1-b09/javax.el-3.0.1-b09.pom
[INFO] Downloaded from central: https://repo.maven.apache.org/maven2/org/glassfish/javax.el/3.0.1-b09/javax.el-3.0.1-b09.pom (18 kB at 48 kB/s)
[INFO] Downloading from www2.ph.ed.ac.uk: https://www2.ph.ed.ac.uk/maven2/org/hibernate/hibernate-core/5.1.10.Final/hibernate-core-5.1.10.Final.jar
[INFO] Downloading from www2.ph.ed.ac.uk: https://www2.ph.ed.ac.uk/maven2/org/jboss/jandex/2.0.3.Final/jandex-2.0.3.Final.jar
[INFO] Downloading from www2.ph.ed.ac.uk: https://www2.ph.ed.ac.uk/maven2/com/fasterxml/classmate/1.3.0/classmate-1.3.0.jar
[INFO] Downloading from www2.ph.ed.ac.uk: https://www2.ph.ed.ac.uk/maven2/org/hibernate/hibernate-entitymanager/5.1.10.Final/hibernate-entitymanager-5.1.10.Final.jar
[INFO] Downloading from www2.ph.ed.ac.uk: https://www2.ph.ed.ac.uk/maven2/org/hibernate/hibernate-validator/5.4.2.Final/hibernate-validator-5.4.2.Final.jar
[INFO] Downloading from www2.ph.ed.ac.uk: https://www2.ph.ed.ac.uk/maven2/org/springframework/spring-context/4.3.13.RELEASE/spring-context-4.3.13.RELEASE.jar
[INFO] Downloading from www2.ph.ed.ac.uk: https://www2.ph.ed.ac.uk/maven2/org/springframework/spring-beans/4.3.13.RELEASE/spring-beans-4.3.13.RELEASE.jar
[INFO] Downloading from www2.ph.ed.ac.uk: https://www2.ph.ed.ac.uk/maven2/org/springframework/spring-aop/4.3.13.RELEASE/spring-aop-4.3.13.RELEASE.jar
[INFO] Downloading from www2.ph.ed.ac.uk: https://www2.ph.ed.ac.uk/maven2/org/springframework/spring-core/4.3.13.RELEASE/spring-core-4.3.13.RELEASE.jar
[INFO] Downloading from www2.ph.ed.ac.uk: https://www2.ph.ed.ac.uk/maven2/org/springframework/spring-expression/4.3.13.RELEASE/spring-expression-4.3.13.RELEASE.jar
[INFO] Downloading from www2.ph.ed.ac.uk: https://www2.ph.ed.ac.uk/maven2/org/springframework/spring-context-support/4.3.13.RELEASE/spring-context-support-4.3.13.RELEASE.jar
[INFO] Downloading from www2.ph.ed.ac.uk: https://www2.ph.ed.ac.uk/maven2/org/springframework/spring-tx/4.3.13.RELEASE/spring-tx-4.3.13.RELEASE.jar
[INFO] Downloading from www2.ph.ed.ac.uk: https://www2.ph.ed.ac.uk/maven2/org/springframework/spring-jdbc/4.3.13.RELEASE/spring-jdbc-4.3.13.RELEASE.jar
[INFO] Downloading from www2.ph.ed.ac.uk: https://www2.ph.ed.ac.uk/maven2/org/springframework/spring-orm/4.3.13.RELEASE/spring-orm-4.3.13.RELEASE.jar
[INFO] Downloading from www2.ph.ed.ac.uk: https://www2.ph.ed.ac.uk/maven2/org/springframework/spring-web/4.3.13.RELEASE/spring-web-4.3.13.RELEASE.jar
[INFO] Downloading from www2.ph.ed.ac.uk: https://www2.ph.ed.ac.uk/maven2/org/springframework/spring-webmvc/4.3.13.RELEASE/spring-webmvc-4.3.13.RELEASE.jar
[INFO] Downloading from www2.ph.ed.ac.uk: https://www2.ph.ed.ac.uk/maven2/com/fasterxml/jackson/core/jackson-annotations/2.5.0/jackson-annotations-2.5.0.jar
[INFO] Downloading from www2.ph.ed.ac.uk: https://www2.ph.ed.ac.uk/maven2/com/fasterxml/jackson/core/jackson-databind/2.5.5/jackson-databind-2.5.5.jar
[INFO] Downloading from www2.ph.ed.ac.uk: https://www2.ph.ed.ac.uk/maven2/com/fasterxml/jackson/core/jackson-core/2.5.5/jackson-core-2.5.5.jar
[INFO] Downloading from www2.ph.ed.ac.uk: https://www2.ph.ed.ac.uk/maven2/net/sourceforge/javacsv/javacsv/2.0/javacsv-2.0.jar
[INFO] Downloading from www2.ph.ed.ac.uk: https://www2.ph.ed.ac.uk/maven2/commons-dbcp/commons-dbcp/1.4/commons-dbcp-1.4.jar
[INFO] Downloading from www2.ph.ed.ac.uk: https://www2.ph.ed.ac.uk/maven2/net/oauth/core/oauth-provider/20100601/oauth-provider-20100601.jar
[INFO] Downloading from www2.ph.ed.ac.uk: https://www2.ph.ed.ac.uk/maven2/commons-pool/commons-pool/1.5.4/commons-pool-1.5.4.jar
[INFO] Downloading from www2.ph.ed.ac.uk: https://www2.ph.ed.ac.uk/maven2/commons-fileupload/commons-fileupload/1.3.2/commons-fileupload-1.3.2.jar
[INFO] Downloading from www2.ph.ed.ac.uk: https://www2.ph.ed.ac.uk/maven2/net/oauth/core/oauth/20100601/oauth-20100601.jar
[INFO] Downloading from www2.ph.ed.ac.uk: https://www2.ph.ed.ac.uk/maven2/net/oauth/core/oauth-consumer/20100601/oauth-consumer-20100601.jar
[INFO] Downloading from www2.ph.ed.ac.uk: https://www2.ph.ed.ac.uk/maven2/net/oauth/core/oauth-httpclient4/20100601/oauth-httpclient4-20100601.jar
[INFO] Downloading from www2.ph.ed.ac.uk: https://www2.ph.ed.ac.uk/maven2/javax/servlet/servlet-api/2.5/servlet-api-2.5.jar
[INFO] Downloaded from www2.ph.ed.ac.uk: https://www2.ph.ed.ac.uk/maven2/net/oauth/core/oauth-provider/20100601/oauth-provider-20100601.jar (12 kB at 3.0 kB/s)
[INFO] Downloading from www2.ph.ed.ac.uk: https://www2.ph.ed.ac.uk/maven2/javax/servlet/jsp/jsp-api/2.1/jsp-api-2.1.jar
[INFO] Downloading from www2.ph.ed.ac.uk: https://www2.ph.ed.ac.uk/maven2/org/glassfish/javax.el/3.0.1-b09/javax.el-3.0.1-b09.jar
[INFO] Downloaded from www2.ph.ed.ac.uk: https://www2.ph.ed.ac.uk/maven2/net/oauth/core/oauth/20100601/oauth-20100601.jar (46 kB at 10 kB/s)
[INFO] Downloaded from www2.ph.ed.ac.uk: https://www2.ph.ed.ac.uk/maven2/net/oauth/core/oauth-httpclient4/20100601/oauth-httpclient4-20100601.jar (13 kB at 2.8 kB/s)
[INFO] Downloaded from www2.ph.ed.ac.uk: https://www2.ph.ed.ac.uk/maven2/net/oauth/core/oauth-consumer/20100601/oauth-consumer-20100601.jar (20 kB at 3.9 kB/s)
[INFO] Downloading from central: https://repo.maven.apache.org/maven2/org/hibernate/hibernate-core/5.1.10.Final/hibernate-core-5.1.10.Final.jar
[INFO] Downloading from central: https://repo.maven.apache.org/maven2/org/jboss/jandex/2.0.3.Final/jandex-2.0.3.Final.jar
[INFO] Downloading from central: https://repo.maven.apache.org/maven2/com/fasterxml/classmate/1.3.0/classmate-1.3.0.jar
[INFO] Downloading from central: https://repo.maven.apache.org/maven2/org/hibernate/hibernate-validator/5.4.2.Final/hibernate-validator-5.4.2.Final.jar
[INFO] Downloading from central: https://repo.maven.apache.org/maven2/org/hibernate/hibernate-entitymanager/5.1.10.Final/hibernate-entitymanager-5.1.10.Final.jar
[INFO] Downloaded from central: https://repo.maven.apache.org/maven2/com/fasterxml/classmate/1.3.0/classmate-1.3.0.jar (64 kB at 173 kB/s)
[INFO] Downloading from central: https://repo.maven.apache.org/maven2/org/springframework/spring-context/4.3.13.RELEASE/spring-context-4.3.13.RELEASE.jar
[INFO] Downloaded from central: https://repo.maven.apache.org/maven2/org/jboss/jandex/2.0.3.Final/jandex-2.0.3.Final.jar (187 kB at 297 kB/s)
[INFO] Downloading from central: https://repo.maven.apache.org/maven2/org/springframework/spring-aop/4.3.13.RELEASE/spring-aop-4.3.13.RELEASE.jar
[INFO] Downloaded from central: https://repo.maven.apache.org/maven2/org/springframework/spring-context/4.3.13.RELEASE/spring-context-4.3.13.RELEASE.jar (1.1 MB at 1.2 MB/s)
[INFO] Downloading from central: https://repo.maven.apache.org/maven2/org/springframework/spring-beans/4.3.13.RELEASE/spring-beans-4.3.13.RELEASE.jar
[INFO] Downloaded from central: https://repo.maven.apache.org/maven2/org/springframework/spring-aop/4.3.13.RELEASE/spring-aop-4.3.13.RELEASE.jar (380 kB at 316 kB/s)
[INFO] Downloading from central: https://repo.maven.apache.org/maven2/org/springframework/spring-core/4.3.13.RELEASE/spring-core-4.3.13.RELEASE.jar
[INFO] Downloaded from central: https://repo.maven.apache.org/maven2/org/springframework/spring-beans/4.3.13.RELEASE/spring-beans-4.3.13.RELEASE.jar (763 kB at 527 kB/s)
[INFO] Downloading from central: https://repo.maven.apache.org/maven2/org/springframework/spring-expression/4.3.13.RELEASE/spring-expression-4.3.13.RELEASE.jar
[INFO] Downloaded from central: https://repo.maven.apache.org/maven2/org/hibernate/hibernate-entitymanager/5.1.10.Final/hibernate-entitymanager-5.1.10.Final.jar (586 kB at 386 kB/s)
[INFO] Downloading from central: https://repo.maven.apache.org/maven2/org/springframework/spring-context-support/4.3.13.RELEASE/spring-context-support-4.3.13.RELEASE.jar
[INFO] Downloaded from central: https://repo.maven.apache.org/maven2/org/hibernate/hibernate-validator/5.4.2.Final/hibernate-validator-5.4.2.Final.jar (763 kB at 489 kB/s)
[INFO] Downloading from central: https://repo.maven.apache.org/maven2/org/springframework/spring-tx/4.3.13.RELEASE/spring-tx-4.3.13.RELEASE.jar
[INFO] Downloaded from central: https://repo.maven.apache.org/maven2/org/hibernate/hibernate-core/5.1.10.Final/hibernate-core-5.1.10.Final.jar (5.7 MB at 3.6 MB/s)
[INFO] Downloading from central: https://repo.maven.apache.org/maven2/org/springframework/spring-jdbc/4.3.13.RELEASE/spring-jdbc-4.3.13.RELEASE.jar
[INFO] Downloaded from central: https://repo.maven.apache.org/maven2/org/springframework/spring-expression/4.3.13.RELEASE/spring-expression-4.3.13.RELEASE.jar (264 kB at 143 kB/s)
[INFO] Downloading from central: https://repo.maven.apache.org/maven2/org/springframework/spring-orm/4.3.13.RELEASE/spring-orm-4.3.13.RELEASE.jar
[INFO] Downloaded from central: https://repo.maven.apache.org/maven2/org/springframework/spring-context-support/4.3.13.RELEASE/spring-context-support-4.3.13.RELEASE.jar (187 kB at 96 kB/s)
[INFO] Downloading from central: https://repo.maven.apache.org/maven2/org/springframework/spring-web/4.3.13.RELEASE/spring-web-4.3.13.RELEASE.jar
[INFO] Downloaded from central: https://repo.maven.apache.org/maven2/org/springframework/spring-core/4.3.13.RELEASE/spring-core-4.3.13.RELEASE.jar (1.1 MB at 577 kB/s)
[INFO] Downloading from central: https://repo.maven.apache.org/maven2/org/springframework/spring-webmvc/4.3.13.RELEASE/spring-webmvc-4.3.13.RELEASE.jar
[INFO] Downloaded from central: https://repo.maven.apache.org/maven2/org/springframework/spring-tx/4.3.13.RELEASE/spring-tx-4.3.13.RELEASE.jar (268 kB at 133 kB/s)
[INFO] Downloading from central: https://repo.maven.apache.org/maven2/com/fasterxml/jackson/core/jackson-databind/2.5.5/jackson-databind-2.5.5.jar
[INFO] Downloaded from central: https://repo.maven.apache.org/maven2/org/springframework/spring-jdbc/4.3.13.RELEASE/spring-jdbc-4.3.13.RELEASE.jar (428 kB at 209 kB/s)
[INFO] Downloading from central: https://repo.maven.apache.org/maven2/com/fasterxml/jackson/core/jackson-annotations/2.5.0/jackson-annotations-2.5.0.jar
[INFO] Downloaded from central: https://repo.maven.apache.org/maven2/org/springframework/spring-orm/4.3.13.RELEASE/spring-orm-4.3.13.RELEASE.jar (478 kB at 211 kB/s)
[INFO] Downloading from central: https://repo.maven.apache.org/maven2/com/fasterxml/jackson/core/jackson-core/2.5.5/jackson-core-2.5.5.jar
[INFO] Downloaded from central: https://repo.maven.apache.org/maven2/com/fasterxml/jackson/core/jackson-annotations/2.5.0/jackson-annotations-2.5.0.jar (40 kB at 17 kB/s)
[INFO] Downloading from central: https://repo.maven.apache.org/maven2/net/sourceforge/javacsv/javacsv/2.0/javacsv-2.0.jar
[INFO] Downloaded from central: https://repo.maven.apache.org/maven2/org/springframework/spring-web/4.3.13.RELEASE/spring-web-4.3.13.RELEASE.jar (826 kB at 319 kB/s)
[INFO] Downloading from central: https://repo.maven.apache.org/maven2/commons-dbcp/commons-dbcp/1.4/commons-dbcp-1.4.jar
[INFO] Downloaded from central: https://repo.maven.apache.org/maven2/org/springframework/spring-webmvc/4.3.13.RELEASE/spring-webmvc-4.3.13.RELEASE.jar (918 kB at 354 kB/s)
[INFO] Downloading from central: https://repo.maven.apache.org/maven2/commons-pool/commons-pool/1.5.4/commons-pool-1.5.4.jar
[INFO] Downloaded from central: https://repo.maven.apache.org/maven2/com/fasterxml/jackson/core/jackson-core/2.5.5/jackson-core-2.5.5.jar (230 kB at 87 kB/s)
[INFO] Downloading from central: https://repo.maven.apache.org/maven2/commons-fileupload/commons-fileupload/1.3.2/commons-fileupload-1.3.2.jar
[INFO] Downloaded from central: https://repo.maven.apache.org/maven2/net/sourceforge/javacsv/javacsv/2.0/javacsv-2.0.jar (13 kB at 4.8 kB/s)
[INFO] Downloading from central: https://repo.maven.apache.org/maven2/javax/servlet/servlet-api/2.5/servlet-api-2.5.jar
[INFO] Downloaded from central: https://repo.maven.apache.org/maven2/com/fasterxml/jackson/core/jackson-databind/2.5.5/jackson-databind-2.5.5.jar (1.1 MB at 405 kB/s)
[INFO] Downloading from central: https://repo.maven.apache.org/maven2/javax/servlet/jsp/jsp-api/2.1/jsp-api-2.1.jar
[INFO] Downloaded from central: https://repo.maven.apache.org/maven2/commons-pool/commons-pool/1.5.4/commons-pool-1.5.4.jar (96 kB at 32 kB/s)
[INFO] Downloading from central: https://repo.maven.apache.org/maven2/org/glassfish/javax.el/3.0.1-b09/javax.el-3.0.1-b09.jar
[INFO] Downloaded from central: https://repo.maven.apache.org/maven2/commons-dbcp/commons-dbcp/1.4/commons-dbcp-1.4.jar (161 kB at 53 kB/s)
[INFO] Downloaded from central: https://repo.maven.apache.org/maven2/commons-fileupload/commons-fileupload/1.3.2/commons-fileupload-1.3.2.jar (70 kB at 23 kB/s)
[INFO] Downloaded from central: https://repo.maven.apache.org/maven2/javax/servlet/servlet-api/2.5/servlet-api-2.5.jar (105 kB at 33 kB/s)
[INFO] Downloaded from central: https://repo.maven.apache.org/maven2/javax/servlet/jsp/jsp-api/2.1/jsp-api-2.1.jar (101 kB at 31 kB/s)
[INFO] Downloaded from central: https://repo.maven.apache.org/maven2/org/glassfish/javax.el/3.0.1-b09/javax.el-3.0.1-b09.jar (238 kB at 70 kB/s)
[INFO] 
[INFO] --- maven-clean-plugin:2.5:clean (default-clean) @ qtiworks-engine ---
[INFO] Deleting /home/codegex/Documents/workspace/rbugs/experiment/top100repos/qtiworks/qtiworks-engine/target
[INFO] 
[INFO] --- maven-resources-plugin:2.6:resources (default-resources) @ qtiworks-engine ---
[INFO] Using 'UTF-8' encoding to copy filtered resources.
[INFO] Copying 45 resources
[INFO] 
[INFO] --- maven-compiler-plugin:3.1:compile (default-compile) @ qtiworks-engine ---
[INFO] Changes detected - recompiling the module!
[INFO] Compiling 196 source files to /home/codegex/Documents/workspace/rbugs/experiment/top100repos/qtiworks/qtiworks-engine/target/classes
[INFO] -------------------------------------------------------------
[ERROR] COMPILATION ERROR : 
[INFO] -------------------------------------------------------------
[ERROR] /home/codegex/Documents/workspace/rbugs/experiment/top100repos/qtiworks/qtiworks-engine/src/main/java/uk/ac/ed/ph/qtiworks/services/AssessmentDataService.java:[75,24] package javax.annotation does not exist
[ERROR] /home/codegex/Documents/workspace/rbugs/experiment/top100repos/qtiworks/qtiworks-engine/src/main/java/uk/ac/ed/ph/qtiworks/services/AssessmentPackageFileService.java:[72,24] package javax.activation does not exist
[ERROR] /home/codegex/Documents/workspace/rbugs/experiment/top100repos/qtiworks/qtiworks-engine/src/main/java/uk/ac/ed/ph/qtiworks/services/AssessmentPackageFileService.java:[73,24] package javax.annotation does not exist
[ERROR] /home/codegex/Documents/workspace/rbugs/experiment/top100repos/qtiworks/qtiworks-engine/src/main/java/uk/ac/ed/ph/qtiworks/services/dao/GenericDao.java:[45,24] package javax.annotation does not exist
[ERROR] /home/codegex/Documents/workspace/rbugs/experiment/top100repos/qtiworks/qtiworks-engine/src/main/java/uk/ac/ed/ph/qtiworks/services/FilespaceManager.java:[52,24] package javax.annotation does not exist
[ERROR] /home/codegex/Documents/workspace/rbugs/experiment/top100repos/qtiworks/qtiworks-engine/src/main/java/uk/ac/ed/ph/qtiworks/services/FilespaceManager.java:[53,24] package javax.annotation does not exist
[ERROR] /home/codegex/Documents/workspace/rbugs/experiment/top100repos/qtiworks/qtiworks-engine/src/main/java/uk/ac/ed/ph/qtiworks/services/AssessmentPackageFileService.java:[113,13] cannot find symbol
  symbol:   class FileTypeMap
  location: class uk.ac.ed.ph.qtiworks.services.AssessmentPackageFileService
[ERROR] /home/codegex/Documents/workspace/rbugs/experiment/top100repos/qtiworks/qtiworks-engine/src/main/java/uk/ac/ed/ph/qtiworks/services/candidate/CandidateTestDeliveryService.java:[76,24] package javax.annotation does not exist
[ERROR] /home/codegex/Documents/workspace/rbugs/experiment/top100repos/qtiworks/qtiworks-engine/src/main/java/uk/ac/ed/ph/qtiworks/services/candidate/CandidateServiceBase.java:[47,24] package javax.annotation does not exist
[ERROR] /home/codegex/Documents/workspace/rbugs/experiment/top100repos/qtiworks/qtiworks-engine/src/main/java/uk/ac/ed/ph/qtiworks/services/CandidateSessionFinisher.java:[60,24] package javax.annotation does not exist
[ERROR] /home/codegex/Documents/workspace/rbugs/experiment/top100repos/qtiworks/qtiworks-engine/src/main/java/uk/ac/ed/ph/qtiworks/services/candidate/CandidateUploadService.java:[47,24] package javax.annotation does not exist
[ERROR] /home/codegex/Documents/workspace/rbugs/experiment/top100repos/qtiworks/qtiworks-engine/src/main/java/uk/ac/ed/ph/qtiworks/services/AuditLogger.java:[38,24] package javax.annotation does not exist
[ERROR] /home/codegex/Documents/workspace/rbugs/experiment/top100repos/qtiworks/qtiworks-engine/src/main/java/uk/ac/ed/ph/qtiworks/services/LtiOutcomeService.java:[56,24] package javax.annotation does not exist
[ERROR] /home/codegex/Documents/workspace/rbugs/experiment/top100repos/qtiworks/qtiworks-engine/src/main/java/uk/ac/ed/ph/qtiworks/services/CandidateDataService.java:[99,24] package javax.annotation does not exist
[ERROR] /home/codegex/Documents/workspace/rbugs/experiment/top100repos/qtiworks/qtiworks-engine/src/main/java/uk/ac/ed/ph/qtiworks/services/AssessmentObjectManagementService.java:[51,24] package javax.annotation does not exist
[ERROR] /home/codegex/Documents/workspace/rbugs/experiment/top100repos/qtiworks/qtiworks-engine/src/main/java/uk/ac/ed/ph/qtiworks/web/controller/candidate/CandidateItemController.java:[55,24] package javax.annotation does not exist
[ERROR] /home/codegex/Documents/workspace/rbugs/experiment/top100repos/qtiworks/qtiworks-engine/src/main/java/uk/ac/ed/ph/qtiworks/web/controller/candidate/CandidateControllerBase.java:[59,24] package javax.annotation does not exist
[ERROR] /home/codegex/Documents/workspace/rbugs/experiment/top100repos/qtiworks/qtiworks-engine/src/main/java/uk/ac/ed/ph/qtiworks/services/candidate/CandidateItemDeliveryService.java:[73,24] package javax.annotation does not exist
[ERROR] /home/codegex/Documents/workspace/rbugs/experiment/top100repos/qtiworks/qtiworks-engine/src/main/java/uk/ac/ed/ph/qtiworks/services/candidate/CandidateRenderingService.java:[86,24] package javax.annotation does not exist
[ERROR] /home/codegex/Documents/workspace/rbugs/experiment/top100repos/qtiworks/qtiworks-engine/src/main/java/uk/ac/ed/ph/qtiworks/rendering/AssessmentRenderer.java:[68,24] package javax.annotation does not exist
[ERROR] /home/codegex/Documents/workspace/rbugs/experiment/top100repos/qtiworks/qtiworks-engine/src/main/java/uk/ac/ed/ph/qtiworks/rendering/AssessmentRenderer.java:[69,24] package javax.annotation does not exist
[ERROR] /home/codegex/Documents/workspace/rbugs/experiment/top100repos/qtiworks/qtiworks-engine/src/main/java/uk/ac/ed/ph/qtiworks/services/AssessmentManagementService.java:[78,24] package javax.annotation does not exist
[ERROR] /home/codegex/Documents/workspace/rbugs/experiment/top100repos/qtiworks/qtiworks-engine/src/main/java/uk/ac/ed/ph/qtiworks/services/DataDeletionService.java:[73,24] package javax.annotation does not exist
[ERROR] /home/codegex/Documents/workspace/rbugs/experiment/top100repos/qtiworks/qtiworks-engine/src/main/java/uk/ac/ed/ph/qtiworks/web/controller/lti/LtiInstructorAssessmentReportingController.java:[47,24] package javax.annotation does not exist
[ERROR] /home/codegex/Documents/workspace/rbugs/experiment/top100repos/qtiworks/qtiworks-engine/src/main/java/uk/ac/ed/ph/qtiworks/web/controller/lti/LtiInstructorRouter.java:[50,24] package javax.annotation does not exist
[ERROR] /home/codegex/Documents/workspace/rbugs/experiment/top100repos/qtiworks/qtiworks-engine/src/main/java/uk/ac/ed/ph/qtiworks/web/controller/lti/LtiInstructorModelHelper.java:[56,24] package javax.annotation does not exist
[ERROR] /home/codegex/Documents/workspace/rbugs/experiment/top100repos/qtiworks/qtiworks-engine/src/main/java/uk/ac/ed/ph/qtiworks/services/AssessmentProctoringService.java:[44,24] package javax.annotation does not exist
[ERROR] /home/codegex/Documents/workspace/rbugs/experiment/top100repos/qtiworks/qtiworks-engine/src/main/java/uk/ac/ed/ph/qtiworks/services/AssessmentReportingService.java:[72,24] package javax.annotation does not exist
[ERROR] /home/codegex/Documents/workspace/rbugs/experiment/top100repos/qtiworks/qtiworks-engine/src/main/java/uk/ac/ed/ph/qtiworks/services/StandaloneValidationService.java:[43,24] package javax.annotation does not exist
[ERROR] /home/codegex/Documents/workspace/rbugs/experiment/top100repos/qtiworks/qtiworks-engine/src/main/java/uk/ac/ed/ph/qtiworks/web/controller/anonymous/StandaloneWebValidator.java:[44,24] package javax.annotation does not exist
[ERROR] /home/codegex/Documents/workspace/rbugs/experiment/top100repos/qtiworks/qtiworks-engine/src/main/java/uk/ac/ed/ph/qtiworks/web/controller/instructor/InstructorAssessmentManagementController.java:[69,24] package javax.annotation does not exist
[ERROR] /home/codegex/Documents/workspace/rbugs/experiment/top100repos/qtiworks/qtiworks-engine/src/main/java/uk/ac/ed/ph/qtiworks/web/controller/instructor/InstructorRouter.java:[50,24] package javax.annotation does not exist
[ERROR] /home/codegex/Documents/workspace/rbugs/experiment/top100repos/qtiworks/qtiworks-engine/src/main/java/uk/ac/ed/ph/qtiworks/web/controller/instructor/InstructorModelHelper.java:[52,24] package javax.annotation does not exist
[ERROR] /home/codegex/Documents/workspace/rbugs/experiment/top100repos/qtiworks/qtiworks-engine/src/main/java/uk/ac/ed/ph/qtiworks/web/candidate/CandidateSessionLaunchService.java:[65,24] package javax.annotation does not exist
[ERROR] /home/codegex/Documents/workspace/rbugs/experiment/top100repos/qtiworks/qtiworks-engine/src/main/java/uk/ac/ed/ph/qtiworks/services/MaintenanceJobService.java:[41,24] package javax.annotation does not exist
[ERROR] /home/codegex/Documents/workspace/rbugs/experiment/top100repos/qtiworks/qtiworks-engine/src/main/java/uk/ac/ed/ph/qtiworks/web/controller/anonymous/SimpleRestRunner.java:[57,24] package javax.annotation does not exist
[ERROR] /home/codegex/Documents/workspace/rbugs/experiment/top100repos/qtiworks/qtiworks-engine/src/main/java/uk/ac/ed/ph/qtiworks/web/controller/anonymous/AnonymousStandaloneRunner.java:[56,24] package javax.annotation does not exist
[ERROR] /home/codegex/Documents/workspace/rbugs/experiment/top100repos/qtiworks/qtiworks-engine/src/main/java/uk/ac/ed/ph/qtiworks/web/controller/anonymous/AnonymousRouter.java:[36,24] package javax.annotation does not exist
[ERROR] /home/codegex/Documents/workspace/rbugs/experiment/top100repos/qtiworks/qtiworks-engine/src/main/java/uk/ac/ed/ph/qtiworks/config/ServicesConfiguration.java:[53,24] package javax.activation does not exist
[ERROR] /home/codegex/Documents/workspace/rbugs/experiment/top100repos/qtiworks/qtiworks-engine/src/main/java/uk/ac/ed/ph/qtiworks/config/ServicesConfiguration.java:[54,24] package javax.activation does not exist
[ERROR] /home/codegex/Documents/workspace/rbugs/experiment/top100repos/qtiworks/qtiworks-engine/src/main/java/uk/ac/ed/ph/qtiworks/config/ServicesConfiguration.java:[55,24] package javax.annotation does not exist
[ERROR] /home/codegex/Documents/workspace/rbugs/experiment/top100repos/qtiworks/qtiworks-engine/src/main/java/uk/ac/ed/ph/qtiworks/config/ServicesConfiguration.java:[187,12] cannot find symbol
  symbol:   class FileTypeMap
  location: class uk.ac.ed.ph.qtiworks.config.ServicesConfiguration
[ERROR] /home/codegex/Documents/workspace/rbugs/experiment/top100repos/qtiworks/qtiworks-engine/src/main/java/uk/ac/ed/ph/qtiworks/web/controller/legacy/UniqurateStandaloneRunner.java:[60,24] package javax.annotation does not exist
[ERROR] /home/codegex/Documents/workspace/rbugs/experiment/top100repos/qtiworks/qtiworks-engine/src/main/java/uk/ac/ed/ph/qtiworks/web/controller/candidate/CandidateHelperController.java:[44,24] package javax.annotation does not exist
[ERROR] /home/codegex/Documents/workspace/rbugs/experiment/top100repos/qtiworks/qtiworks-engine/src/main/java/uk/ac/ed/ph/qtiworks/web/lti/LtiLaunchService.java:[69,24] package javax.annotation does not exist
[ERROR] /home/codegex/Documents/workspace/rbugs/experiment/top100repos/qtiworks/qtiworks-engine/src/main/java/uk/ac/ed/ph/qtiworks/services/LtiOauthValidationService.java:[53,24] package javax.annotation does not exist
[ERROR] /home/codegex/Documents/workspace/rbugs/experiment/top100repos/qtiworks/qtiworks-engine/src/main/java/uk/ac/ed/ph/qtiworks/web/controller/instructor/InstructorAssessmentReportingController.java:[48,24] package javax.annotation does not exist
[ERROR] /home/codegex/Documents/workspace/rbugs/experiment/top100repos/qtiworks/qtiworks-engine/src/main/java/uk/ac/ed/ph/qtiworks/config/WebApplicationConfiguration.java:[41,24] package javax.annotation does not exist
[ERROR] /home/codegex/Documents/workspace/rbugs/experiment/top100repos/qtiworks/qtiworks-engine/src/main/java/uk/ac/ed/ph/qtiworks/config/WebApplicationConfiguration.java:[42,24] package javax.annotation does not exist
[ERROR] /home/codegex/Documents/workspace/rbugs/experiment/top100repos/qtiworks/qtiworks-engine/src/main/java/uk/ac/ed/ph/qtiworks/web/controller/lti/LtiInstructorAssessmentManagementController.java:[71,24] package javax.annotation does not exist
[ERROR] /home/codegex/Documents/workspace/rbugs/experiment/top100repos/qtiworks/qtiworks-engine/src/main/java/uk/ac/ed/ph/qtiworks/web/controller/anonymous/SystemSamplesController.java:[52,24] package javax.annotation does not exist
[ERROR] /home/codegex/Documents/workspace/rbugs/experiment/top100repos/qtiworks/qtiworks-engine/src/main/java/uk/ac/ed/ph/qtiworks/services/ScheduledService.java:[41,24] package javax.annotation does not exist
[ERROR] /home/codegex/Documents/workspace/rbugs/experiment/top100repos/qtiworks/qtiworks-engine/src/main/java/uk/ac/ed/ph/qtiworks/web/controller/lti/LtiLaunchController.java:[54,24] package javax.annotation does not exist
[ERROR] /home/codegex/Documents/workspace/rbugs/experiment/top100repos/qtiworks/qtiworks-engine/src/main/java/uk/ac/ed/ph/qtiworks/web/controller/candidate/CandidateTestController.java:[56,24] package javax.annotation does not exist
[ERROR] /home/codegex/Documents/workspace/rbugs/experiment/top100repos/qtiworks/qtiworks-engine/src/main/java/uk/ac/ed/ph/qtiworks/services/AssessmentDataService.java:[93,6] cannot find symbol
  symbol:   class Resource
  location: class uk.ac.ed.ph.qtiworks.services.AssessmentDataService
[ERROR] /home/codegex/Documents/workspace/rbugs/experiment/top100repos/qtiworks/qtiworks-engine/src/main/java/uk/ac/ed/ph/qtiworks/services/AssessmentDataService.java:[96,6] cannot find symbol
  symbol:   class Resource
  location: class uk.ac.ed.ph.qtiworks.services.AssessmentDataService
[ERROR] /home/codegex/Documents/workspace/rbugs/experiment/top100repos/qtiworks/qtiworks-engine/src/main/java/uk/ac/ed/ph/qtiworks/services/AssessmentDataService.java:[99,6] cannot find symbol
  symbol:   class Resource
  location: class uk.ac.ed.ph.qtiworks.services.AssessmentDataService
[ERROR] /home/codegex/Documents/workspace/rbugs/experiment/top100repos/qtiworks/qtiworks-engine/src/main/java/uk/ac/ed/ph/qtiworks/services/AssessmentDataService.java:[102,6] cannot find symbol
  symbol:   class Resource
  location: class uk.ac.ed.ph.qtiworks.services.AssessmentDataService
[ERROR] /home/codegex/Documents/workspace/rbugs/experiment/top100repos/qtiworks/qtiworks-engine/src/main/java/uk/ac/ed/ph/qtiworks/services/AssessmentDataService.java:[105,6] cannot find symbol
  symbol:   class Resource
  location: class uk.ac.ed.ph.qtiworks.services.AssessmentDataService
[ERROR] /home/codegex/Documents/workspace/rbugs/experiment/top100repos/qtiworks/qtiworks-engine/src/main/java/uk/ac/ed/ph/qtiworks/services/AssessmentDataService.java:[108,6] cannot find symbol
  symbol:   class Resource
  location: class uk.ac.ed.ph.qtiworks.services.AssessmentDataService
[ERROR] /home/codegex/Documents/workspace/rbugs/experiment/top100repos/qtiworks/qtiworks-engine/src/main/java/uk/ac/ed/ph/qtiworks/services/AssessmentDataService.java:[111,6] cannot find symbol
  symbol:   class Resource
  location: class uk.ac.ed.ph.qtiworks.services.AssessmentDataService
[ERROR] /home/codegex/Documents/workspace/rbugs/experiment/top100repos/qtiworks/qtiworks-engine/src/main/java/uk/ac/ed/ph/qtiworks/services/dao/GenericDao.java:[77,6] cannot find symbol
  symbol:   class Resource
  location: class uk.ac.ed.ph.qtiworks.services.dao.GenericDao<E>
[ERROR] /home/codegex/Documents/workspace/rbugs/experiment/top100repos/qtiworks/qtiworks-engine/src/main/java/uk/ac/ed/ph/qtiworks/services/AssessmentPackageFileService.java:[103,6] cannot find symbol
  symbol:   class Resource
  location: class uk.ac.ed.ph.qtiworks.services.AssessmentPackageFileService
[ERROR] /home/codegex/Documents/workspace/rbugs/experiment/top100repos/qtiworks/qtiworks-engine/src/main/java/uk/ac/ed/ph/qtiworks/services/AssessmentPackageFileService.java:[106,6] cannot find symbol
  symbol:   class Resource
  location: class uk.ac.ed.ph.qtiworks.services.AssessmentPackageFileService
[ERROR] /home/codegex/Documents/workspace/rbugs/experiment/top100repos/qtiworks/qtiworks-engine/src/main/java/uk/ac/ed/ph/qtiworks/services/AssessmentPackageFileService.java:[109,6] cannot find symbol
  symbol:   class Resource
  location: class uk.ac.ed.ph.qtiworks.services.AssessmentPackageFileService
[ERROR] /home/codegex/Documents/workspace/rbugs/experiment/top100repos/qtiworks/qtiworks-engine/src/main/java/uk/ac/ed/ph/qtiworks/services/AssessmentPackageFileService.java:[112,6] cannot find symbol
  symbol:   class Resource
  location: class uk.ac.ed.ph.qtiworks.services.AssessmentPackageFileService
[ERROR] /home/codegex/Documents/workspace/rbugs/experiment/top100repos/qtiworks/qtiworks-engine/src/main/java/uk/ac/ed/ph/qtiworks/services/FilespaceManager.java:[72,6] cannot find symbol
  symbol:   class Resource
  location: class uk.ac.ed.ph.qtiworks.services.FilespaceManager
[ERROR] /home/codegex/Documents/workspace/rbugs/experiment/top100repos/qtiworks/qtiworks-engine/src/main/java/uk/ac/ed/ph/qtiworks/services/FilespaceManager.java:[75,6] cannot find symbol
  symbol:   class Resource
  location: class uk.ac.ed.ph.qtiworks.services.FilespaceManager
[ERROR] /home/codegex/Documents/workspace/rbugs/experiment/top100repos/qtiworks/qtiworks-engine/src/main/java/uk/ac/ed/ph/qtiworks/services/FilespaceManager.java:[80,6] cannot find symbol
  symbol:   class PostConstruct
  location: class uk.ac.ed.ph.qtiworks.services.FilespaceManager
[ERROR] /home/codegex/Documents/workspace/rbugs/experiment/top100repos/qtiworks/qtiworks-engine/src/main/java/uk/ac/ed/ph/qtiworks/services/candidate/CandidateTestDeliveryService.java:[98,6] cannot find symbol
  symbol:   class Resource
  location: class uk.ac.ed.ph.qtiworks.services.candidate.CandidateTestDeliveryService
[ERROR] /home/codegex/Documents/workspace/rbugs/experiment/top100repos/qtiworks/qtiworks-engine/src/main/java/uk/ac/ed/ph/qtiworks/services/candidate/CandidateTestDeliveryService.java:[101,6] cannot find symbol
  symbol:   class Resource
  location: class uk.ac.ed.ph.qtiworks.services.candidate.CandidateTestDeliveryService
[ERROR] /home/codegex/Documents/workspace/rbugs/experiment/top100repos/qtiworks/qtiworks-engine/src/main/java/uk/ac/ed/ph/qtiworks/services/candidate/CandidateTestDeliveryService.java:[104,6] cannot find symbol
  symbol:   class Resource
  location: class uk.ac.ed.ph.qtiworks.services.candidate.CandidateTestDeliveryService
[ERROR] /home/codegex/Documents/workspace/rbugs/experiment/top100repos/qtiworks/qtiworks-engine/src/main/java/uk/ac/ed/ph/qtiworks/services/candidate/CandidateUploadService.java:[64,6] cannot find symbol
  symbol:   class Resource
  location: class uk.ac.ed.ph.qtiworks.services.candidate.CandidateUploadService
[ERROR] /home/codegex/Documents/workspace/rbugs/experiment/top100repos/qtiworks/qtiworks-engine/src/main/java/uk/ac/ed/ph/qtiworks/services/candidate/CandidateUploadService.java:[67,6] cannot find symbol
  symbol:   class Resource
  location: class uk.ac.ed.ph.qtiworks.services.candidate.CandidateUploadService
[ERROR] /home/codegex/Documents/workspace/rbugs/experiment/top100repos/qtiworks/qtiworks-engine/src/main/java/uk/ac/ed/ph/qtiworks/services/CandidateSessionFinisher.java:[78,6] cannot find symbol
  symbol:   class Resource
  location: class uk.ac.ed.ph.qtiworks.services.CandidateSessionFinisher
[ERROR] /home/codegex/Documents/workspace/rbugs/experiment/top100repos/qtiworks/qtiworks-engine/src/main/java/uk/ac/ed/ph/qtiworks/services/CandidateSessionFinisher.java:[81,6] cannot find symbol
  symbol:   class Resource
  location: class uk.ac.ed.ph.qtiworks.services.CandidateSessionFinisher
[ERROR] /home/codegex/Documents/workspace/rbugs/experiment/top100repos/qtiworks/qtiworks-engine/src/main/java/uk/ac/ed/ph/qtiworks/services/CandidateSessionFinisher.java:[84,6] cannot find symbol
  symbol:   class Resource
  location: class uk.ac.ed.ph.qtiworks.services.CandidateSessionFinisher
[ERROR] /home/codegex/Documents/workspace/rbugs/experiment/top100repos/qtiworks/qtiworks-engine/src/main/java/uk/ac/ed/ph/qtiworks/services/CandidateSessionFinisher.java:[87,6] cannot find symbol
  symbol:   class Resource
  location: class uk.ac.ed.ph.qtiworks.services.CandidateSessionFinisher
[ERROR] /home/codegex/Documents/workspace/rbugs/experiment/top100repos/qtiworks/qtiworks-engine/src/main/java/uk/ac/ed/ph/qtiworks/services/LtiOutcomeService.java:[84,6] cannot find symbol
  symbol:   class Resource
  location: class uk.ac.ed.ph.qtiworks.services.LtiOutcomeService
[ERROR] /home/codegex/Documents/workspace/rbugs/experiment/top100repos/qtiworks/qtiworks-engine/src/main/java/uk/ac/ed/ph/qtiworks/services/LtiOutcomeService.java:[87,6] cannot find symbol
  symbol:   class Resource
  location: class uk.ac.ed.ph.qtiworks.services.LtiOutcomeService
[ERROR] /home/codegex/Documents/workspace/rbugs/experiment/top100repos/qtiworks/qtiworks-engine/src/main/java/uk/ac/ed/ph/qtiworks/services/LtiOutcomeService.java:[90,6] cannot find symbol
  symbol:   class Resource
  location: class uk.ac.ed.ph.qtiworks.services.LtiOutcomeService
[ERROR] /home/codegex/Documents/workspace/rbugs/experiment/top100repos/qtiworks/qtiworks-engine/src/main/java/uk/ac/ed/ph/qtiworks/services/AuditLogger.java:[58,6] cannot find symbol
  symbol:   class Resource
  location: class uk.ac.ed.ph.qtiworks.services.AuditLogger
[ERROR] /home/codegex/Documents/workspace/rbugs/experiment/top100repos/qtiworks/qtiworks-engine/src/main/java/uk/ac/ed/ph/qtiworks/services/candidate/CandidateServiceBase.java:[67,6] cannot find symbol
  symbol:   class Resource
  location: class uk.ac.ed.ph.qtiworks.services.candidate.CandidateServiceBase
[ERROR] /home/codegex/Documents/workspace/rbugs/experiment/top100repos/qtiworks/qtiworks-engine/src/main/java/uk/ac/ed/ph/qtiworks/services/candidate/CandidateServiceBase.java:[70,6] cannot find symbol
  symbol:   class Resource
  location: class uk.ac.ed.ph.qtiworks.services.candidate.CandidateServiceBase
[ERROR] /home/codegex/Documents/workspace/rbugs/experiment/top100repos/qtiworks/qtiworks-engine/src/main/java/uk/ac/ed/ph/qtiworks/services/candidate/CandidateServiceBase.java:[73,6] cannot find symbol
  symbol:   class Resource
  location: class uk.ac.ed.ph.qtiworks.services.candidate.CandidateServiceBase
[ERROR] /home/codegex/Documents/workspace/rbugs/experiment/top100repos/qtiworks/qtiworks-engine/src/main/java/uk/ac/ed/ph/qtiworks/services/candidate/CandidateServiceBase.java:[76,6] cannot find symbol
  symbol:   class Resource
  location: class uk.ac.ed.ph.qtiworks.services.candidate.CandidateServiceBase
[ERROR] /home/codegex/Documents/workspace/rbugs/experiment/top100repos/qtiworks/qtiworks-engine/src/main/java/uk/ac/ed/ph/qtiworks/services/CandidateDataService.java:[124,6] cannot find symbol
  symbol:   class Resource
  location: class uk.ac.ed.ph.qtiworks.services.CandidateDataService
[ERROR] /home/codegex/Documents/workspace/rbugs/experiment/top100repos/qtiworks/qtiworks-engine/src/main/java/uk/ac/ed/ph/qtiworks/services/CandidateDataService.java:[127,6] cannot find symbol
  symbol:   class Resource
  location: class uk.ac.ed.ph.qtiworks.services.CandidateDataService
[ERROR] /home/codegex/Documents/workspace/rbugs/experiment/top100repos/qtiworks/qtiworks-engine/src/main/java/uk/ac/ed/ph/qtiworks/services/CandidateDataService.java:[130,6] cannot find symbol
  symbol:   class Resource
  location: class uk.ac.ed.ph.qtiworks.services.CandidateDataService
[ERROR] /home/codegex/Documents/workspace/rbugs/experiment/top100repos/qtiworks/qtiworks-engine/src/main/java/uk/ac/ed/ph/qtiworks/services/CandidateDataService.java:[133,6] cannot find symbol
  symbol:   class Resource
  location: class uk.ac.ed.ph.qtiworks.services.CandidateDataService
[ERROR] /home/codegex/Documents/workspace/rbugs/experiment/top100repos/qtiworks/qtiworks-engine/src/main/java/uk/ac/ed/ph/qtiworks/services/CandidateDataService.java:[136,6] cannot find symbol
  symbol:   class Resource
  location: class uk.ac.ed.ph.qtiworks.services.CandidateDataService
[ERROR] /home/codegex/Documents/workspace/rbugs/experiment/top100repos/qtiworks/qtiworks-engine/src/main/java/uk/ac/ed/ph/qtiworks/services/CandidateDataService.java:[139,6] cannot find symbol
  symbol:   class Resource
  location: class uk.ac.ed.ph.qtiworks.services.CandidateDataService
[ERROR] /home/codegex/Documents/workspace/rbugs/experiment/top100repos/qtiworks/qtiworks-engine/src/main/java/uk/ac/ed/ph/qtiworks/services/CandidateDataService.java:[142,6] cannot find symbol
  symbol:   class Resource
  location: class uk.ac.ed.ph.qtiworks.services.CandidateDataService
[ERROR] /home/codegex/Documents/workspace/rbugs/experiment/top100repos/qtiworks/qtiworks-engine/src/main/java/uk/ac/ed/ph/qtiworks/services/CandidateDataService.java:[145,6] cannot find symbol
  symbol:   class Resource
  location: class uk.ac.ed.ph.qtiworks.services.CandidateDataService
[ERROR] /home/codegex/Documents/workspace/rbugs/experiment/top100repos/qtiworks/qtiworks-engine/src/main/java/uk/ac/ed/ph/qtiworks/services/CandidateDataService.java:[148,6] cannot find symbol
  symbol:   class Resource
  location: class uk.ac.ed.ph.qtiworks.services.CandidateDataService
[ERROR] /home/codegex/Documents/workspace/rbugs/experiment/top100repos/qtiworks/qtiworks-engine/src/main/java/uk/ac/ed/ph/qtiworks/services/CandidateDataService.java:[151,6] cannot find symbol
  symbol:   class Resource
  location: class uk.ac.ed.ph.qtiworks.services.CandidateDataService
[ERROR] /home/codegex/Documents/workspace/rbugs/experiment/top100repos/qtiworks/qtiworks-engine/src/main/java/uk/ac/ed/ph/qtiworks/services/AssessmentObjectManagementService.java:[75,6] cannot find symbol
  symbol:   class Resource
  location: class uk.ac.ed.ph.qtiworks.services.AssessmentObjectManagementService
[ERROR] /home/codegex/Documents/workspace/rbugs/experiment/top100repos/qtiworks/qtiworks-engine/src/main/java/uk/ac/ed/ph/qtiworks/web/controller/candidate/CandidateItemController.java:[76,6] cannot find symbol
  symbol:   class Resource
  location: class uk.ac.ed.ph.qtiworks.web.controller.candidate.CandidateItemController
[ERROR] /home/codegex/Documents/workspace/rbugs/experiment/top100repos/qtiworks/qtiworks-engine/src/main/java/uk/ac/ed/ph/qtiworks/services/candidate/CandidateItemDeliveryService.java:[96,6] cannot find symbol
  symbol:   class Resource
  location: class uk.ac.ed.ph.qtiworks.services.candidate.CandidateItemDeliveryService
[ERROR] /home/codegex/Documents/workspace/rbugs/experiment/top100repos/qtiworks/qtiworks-engine/src/main/java/uk/ac/ed/ph/qtiworks/services/candidate/CandidateItemDeliveryService.java:[99,6] cannot find symbol
  symbol:   class Resource
  location: class uk.ac.ed.ph.qtiworks.services.candidate.CandidateItemDeliveryService
[INFO] 100 errors 
[INFO] -------------------------------------------------------------
[INFO] 
[INFO] ------------< uk.ac.ed.ph.qtiworks:qtiworks-code-examples >-------------
[INFO] Building QTIWorks Code Examples for Developers 1.0-SNAPSHOT        [7/8]
[INFO] --------------------------------[ jar ]---------------------------------
[WARNING] The POM for com.github.spotbugs:spotbugs-maven-plugin:jar:4.1.4-ZY is missing, no dependency information available
[WARNING] Failed to retrieve plugin descriptor for com.github.spotbugs:spotbugs-maven-plugin:4.1.4-ZY: Plugin com.github.spotbugs:spotbugs-maven-plugin:4.1.4-ZY or one of its dependencies could not be resolved: Failure to find com.github.spotbugs:spotbugs-maven-plugin:jar:4.1.4-ZY in https://repo.maven.apache.org/maven2 was cached in the local repository, resolution will not be reattempted until the update interval of central has elapsed or updates are forced
[INFO] Downloading from www2.ph.ed.ac.uk: https://www2.ph.ed.ac.uk/maven2/uk/ac/ed/ph/qtiworks/qtiworks-engine/1.0-SNAPSHOT/maven-metadata.xml
[INFO] Downloading from www2.ph.ed.ac.uk: https://www2.ph.ed.ac.uk/maven2/uk/ac/ed/ph/qtiworks/qtiworks-engine/1.0-SNAPSHOT/qtiworks-engine-1.0-SNAPSHOT-classes.jar
[INFO] 
[INFO] ------------< uk.ac.ed.ph.qtiworks:qtiworks-engine-manager >------------
[INFO] Building QTIWorks Delivery Engine Offline Manager 1.0-SNAPSHOT     [8/8]
[INFO] --------------------------------[ jar ]---------------------------------
[WARNING] The POM for com.github.spotbugs:spotbugs-maven-plugin:jar:4.1.4-ZY is missing, no dependency information available
[WARNING] Failed to retrieve plugin descriptor for com.github.spotbugs:spotbugs-maven-plugin:4.1.4-ZY: Plugin com.github.spotbugs:spotbugs-maven-plugin:4.1.4-ZY or one of its dependencies could not be resolved: Failure to find com.github.spotbugs:spotbugs-maven-plugin:jar:4.1.4-ZY in https://repo.maven.apache.org/maven2 was cached in the local repository, resolution will not be reattempted until the update interval of central has elapsed or updates are forced
[INFO] Downloading from www2.ph.ed.ac.uk: https://www2.ph.ed.ac.uk/maven2/mysql/mysql-connector-java/5.1.23/mysql-connector-java-5.1.23.pom
[INFO] Downloading from central: https://repo.maven.apache.org/maven2/mysql/mysql-connector-java/5.1.23/mysql-connector-java-5.1.23.pom
[INFO] Downloaded from central: https://repo.maven.apache.org/maven2/mysql/mysql-connector-java/5.1.23/mysql-connector-java-5.1.23.pom (1.1 kB at 3.0 kB/s)
[INFO] Downloading from www2.ph.ed.ac.uk: https://www2.ph.ed.ac.uk/maven2/postgresql/postgresql/9.1-901.jdbc4/postgresql-9.1-901.jdbc4.pom
[INFO] Downloading from central: https://repo.maven.apache.org/maven2/postgresql/postgresql/9.1-901.jdbc4/postgresql-9.1-901.jdbc4.pom
[INFO] Downloaded from central: https://repo.maven.apache.org/maven2/postgresql/postgresql/9.1-901.jdbc4/postgresql-9.1-901.jdbc4.pom (1.1 kB at 2.9 kB/s)
[INFO] Downloading from www2.ph.ed.ac.uk: https://www2.ph.ed.ac.uk/maven2/mysql/mysql-connector-java/5.1.23/mysql-connector-java-5.1.23.jar
[INFO] Downloading from www2.ph.ed.ac.uk: https://www2.ph.ed.ac.uk/maven2/postgresql/postgresql/9.1-901.jdbc4/postgresql-9.1-901.jdbc4.jar
[INFO] Downloading from central: https://repo.maven.apache.org/maven2/mysql/mysql-connector-java/5.1.23/mysql-connector-java-5.1.23.jar
[INFO] Downloading from central: https://repo.maven.apache.org/maven2/postgresql/postgresql/9.1-901.jdbc4/postgresql-9.1-901.jdbc4.jar
[INFO] Downloaded from central: https://repo.maven.apache.org/maven2/mysql/mysql-connector-java/5.1.23/mysql-connector-java-5.1.23.jar (843 kB at 1.4 MB/s)
[INFO] Downloaded from central: https://repo.maven.apache.org/maven2/postgresql/postgresql/9.1-901.jdbc4/postgresql-9.1-901.jdbc4.jar (540 kB at 812 kB/s)
[INFO] ------------------------------------------------------------------------
[INFO] Reactor Summary for QTIWorks 1.0-SNAPSHOT:
[INFO] 
[INFO] QTIWorks ........................................... SUCCESS [  0.349 s]
[INFO] QTIWorks JQTIPlus .................................. SUCCESS [ 33.013 s]
[INFO] QTIWorks MathAssessTools Glue Module ............... SUCCESS [ 29.866 s]
[INFO] QTIWorks MathAssess QTI Extensions ................. SUCCESS [ 33.561 s]
[INFO] QTIWorks Samples and Integration Tests ............. SUCCESS [ 31.916 s]
[INFO] QTIWorks Delivery Engine ........................... FAILURE [ 41.756 s]
[INFO] QTIWorks Code Examples for Developers .............. FAILURE [  0.399 s]
[INFO] QTIWorks Delivery Engine Offline Manager ........... FAILURE [  3.739 s]
[INFO] ------------------------------------------------------------------------
[INFO] BUILD FAILURE
[INFO] ------------------------------------------------------------------------
[INFO] Total time:  03:00 min
[INFO] Finished at: 2021-03-28T07:26:19+08:00
[INFO] ------------------------------------------------------------------------
[ERROR] Failed to execute goal org.apache.maven.plugins:maven-compiler-plugin:3.1:compile (default-compile) on project qtiworks-engine: Compilation failure: Compilation failure: 
[ERROR] /home/codegex/Documents/workspace/rbugs/experiment/top100repos/qtiworks/qtiworks-engine/src/main/java/uk/ac/ed/ph/qtiworks/services/AssessmentDataService.java:[75,24] package javax.annotation does not exist
[ERROR] /home/codegex/Documents/workspace/rbugs/experiment/top100repos/qtiworks/qtiworks-engine/src/main/java/uk/ac/ed/ph/qtiworks/services/AssessmentPackageFileService.java:[72,24] package javax.activation does not exist
[ERROR] /home/codegex/Documents/workspace/rbugs/experiment/top100repos/qtiworks/qtiworks-engine/src/main/java/uk/ac/ed/ph/qtiworks/services/AssessmentPackageFileService.java:[73,24] package javax.annotation does not exist
[ERROR] /home/codegex/Documents/workspace/rbugs/experiment/top100repos/qtiworks/qtiworks-engine/src/main/java/uk/ac/ed/ph/qtiworks/services/dao/GenericDao.java:[45,24] package javax.annotation does not exist
[ERROR] /home/codegex/Documents/workspace/rbugs/experiment/top100repos/qtiworks/qtiworks-engine/src/main/java/uk/ac/ed/ph/qtiworks/services/FilespaceManager.java:[52,24] package javax.annotation does not exist
[ERROR] /home/codegex/Documents/workspace/rbugs/experiment/top100repos/qtiworks/qtiworks-engine/src/main/java/uk/ac/ed/ph/qtiworks/services/FilespaceManager.java:[53,24] package javax.annotation does not exist
[ERROR] /home/codegex/Documents/workspace/rbugs/experiment/top100repos/qtiworks/qtiworks-engine/src/main/java/uk/ac/ed/ph/qtiworks/services/AssessmentPackageFileService.java:[113,13] cannot find symbol
[ERROR]   symbol:   class FileTypeMap
[ERROR]   location: class uk.ac.ed.ph.qtiworks.services.AssessmentPackageFileService
[ERROR] /home/codegex/Documents/workspace/rbugs/experiment/top100repos/qtiworks/qtiworks-engine/src/main/java/uk/ac/ed/ph/qtiworks/services/candidate/CandidateTestDeliveryService.java:[76,24] package javax.annotation does not exist
[ERROR] /home/codegex/Documents/workspace/rbugs/experiment/top100repos/qtiworks/qtiworks-engine/src/main/java/uk/ac/ed/ph/qtiworks/services/candidate/CandidateServiceBase.java:[47,24] package javax.annotation does not exist
[ERROR] /home/codegex/Documents/workspace/rbugs/experiment/top100repos/qtiworks/qtiworks-engine/src/main/java/uk/ac/ed/ph/qtiworks/services/CandidateSessionFinisher.java:[60,24] package javax.annotation does not exist
[ERROR] /home/codegex/Documents/workspace/rbugs/experiment/top100repos/qtiworks/qtiworks-engine/src/main/java/uk/ac/ed/ph/qtiworks/services/candidate/CandidateUploadService.java:[47,24] package javax.annotation does not exist
[ERROR] /home/codegex/Documents/workspace/rbugs/experiment/top100repos/qtiworks/qtiworks-engine/src/main/java/uk/ac/ed/ph/qtiworks/services/AuditLogger.java:[38,24] package javax.annotation does not exist
[ERROR] /home/codegex/Documents/workspace/rbugs/experiment/top100repos/qtiworks/qtiworks-engine/src/main/java/uk/ac/ed/ph/qtiworks/services/LtiOutcomeService.java:[56,24] package javax.annotation does not exist
[ERROR] /home/codegex/Documents/workspace/rbugs/experiment/top100repos/qtiworks/qtiworks-engine/src/main/java/uk/ac/ed/ph/qtiworks/services/CandidateDataService.java:[99,24] package javax.annotation does not exist
[ERROR] /home/codegex/Documents/workspace/rbugs/experiment/top100repos/qtiworks/qtiworks-engine/src/main/java/uk/ac/ed/ph/qtiworks/services/AssessmentObjectManagementService.java:[51,24] package javax.annotation does not exist
[ERROR] /home/codegex/Documents/workspace/rbugs/experiment/top100repos/qtiworks/qtiworks-engine/src/main/java/uk/ac/ed/ph/qtiworks/web/controller/candidate/CandidateItemController.java:[55,24] package javax.annotation does not exist
[ERROR] /home/codegex/Documents/workspace/rbugs/experiment/top100repos/qtiworks/qtiworks-engine/src/main/java/uk/ac/ed/ph/qtiworks/web/controller/candidate/CandidateControllerBase.java:[59,24] package javax.annotation does not exist
[ERROR] /home/codegex/Documents/workspace/rbugs/experiment/top100repos/qtiworks/qtiworks-engine/src/main/java/uk/ac/ed/ph/qtiworks/services/candidate/CandidateItemDeliveryService.java:[73,24] package javax.annotation does not exist
[ERROR] /home/codegex/Documents/workspace/rbugs/experiment/top100repos/qtiworks/qtiworks-engine/src/main/java/uk/ac/ed/ph/qtiworks/services/candidate/CandidateRenderingService.java:[86,24] package javax.annotation does not exist
[ERROR] /home/codegex/Documents/workspace/rbugs/experiment/top100repos/qtiworks/qtiworks-engine/src/main/java/uk/ac/ed/ph/qtiworks/rendering/AssessmentRenderer.java:[68,24] package javax.annotation does not exist
[ERROR] /home/codegex/Documents/workspace/rbugs/experiment/top100repos/qtiworks/qtiworks-engine/src/main/java/uk/ac/ed/ph/qtiworks/rendering/AssessmentRenderer.java:[69,24] package javax.annotation does not exist
[ERROR] /home/codegex/Documents/workspace/rbugs/experiment/top100repos/qtiworks/qtiworks-engine/src/main/java/uk/ac/ed/ph/qtiworks/services/AssessmentManagementService.java:[78,24] package javax.annotation does not exist
[ERROR] /home/codegex/Documents/workspace/rbugs/experiment/top100repos/qtiworks/qtiworks-engine/src/main/java/uk/ac/ed/ph/qtiworks/services/DataDeletionService.java:[73,24] package javax.annotation does not exist
[ERROR] /home/codegex/Documents/workspace/rbugs/experiment/top100repos/qtiworks/qtiworks-engine/src/main/java/uk/ac/ed/ph/qtiworks/web/controller/lti/LtiInstructorAssessmentReportingController.java:[47,24] package javax.annotation does not exist
[ERROR] /home/codegex/Documents/workspace/rbugs/experiment/top100repos/qtiworks/qtiworks-engine/src/main/java/uk/ac/ed/ph/qtiworks/web/controller/lti/LtiInstructorRouter.java:[50,24] package javax.annotation does not exist
[ERROR] /home/codegex/Documents/workspace/rbugs/experiment/top100repos/qtiworks/qtiworks-engine/src/main/java/uk/ac/ed/ph/qtiworks/web/controller/lti/LtiInstructorModelHelper.java:[56,24] package javax.annotation does not exist
[ERROR] /home/codegex/Documents/workspace/rbugs/experiment/top100repos/qtiworks/qtiworks-engine/src/main/java/uk/ac/ed/ph/qtiworks/services/AssessmentProctoringService.java:[44,24] package javax.annotation does not exist
[ERROR] /home/codegex/Documents/workspace/rbugs/experiment/top100repos/qtiworks/qtiworks-engine/src/main/java/uk/ac/ed/ph/qtiworks/services/AssessmentReportingService.java:[72,24] package javax.annotation does not exist
[ERROR] /home/codegex/Documents/workspace/rbugs/experiment/top100repos/qtiworks/qtiworks-engine/src/main/java/uk/ac/ed/ph/qtiworks/services/StandaloneValidationService.java:[43,24] package javax.annotation does not exist
[ERROR] /home/codegex/Documents/workspace/rbugs/experiment/top100repos/qtiworks/qtiworks-engine/src/main/java/uk/ac/ed/ph/qtiworks/web/controller/anonymous/StandaloneWebValidator.java:[44,24] package javax.annotation does not exist
[ERROR] /home/codegex/Documents/workspace/rbugs/experiment/top100repos/qtiworks/qtiworks-engine/src/main/java/uk/ac/ed/ph/qtiworks/web/controller/instructor/InstructorAssessmentManagementController.java:[69,24] package javax.annotation does not exist
[ERROR] /home/codegex/Documents/workspace/rbugs/experiment/top100repos/qtiworks/qtiworks-engine/src/main/java/uk/ac/ed/ph/qtiworks/web/controller/instructor/InstructorRouter.java:[50,24] package javax.annotation does not exist
[ERROR] /home/codegex/Documents/workspace/rbugs/experiment/top100repos/qtiworks/qtiworks-engine/src/main/java/uk/ac/ed/ph/qtiworks/web/controller/instructor/InstructorModelHelper.java:[52,24] package javax.annotation does not exist
[ERROR] /home/codegex/Documents/workspace/rbugs/experiment/top100repos/qtiworks/qtiworks-engine/src/main/java/uk/ac/ed/ph/qtiworks/web/candidate/CandidateSessionLaunchService.java:[65,24] package javax.annotation does not exist
[ERROR] /home/codegex/Documents/workspace/rbugs/experiment/top100repos/qtiworks/qtiworks-engine/src/main/java/uk/ac/ed/ph/qtiworks/services/MaintenanceJobService.java:[41,24] package javax.annotation does not exist
[ERROR] /home/codegex/Documents/workspace/rbugs/experiment/top100repos/qtiworks/qtiworks-engine/src/main/java/uk/ac/ed/ph/qtiworks/web/controller/anonymous/SimpleRestRunner.java:[57,24] package javax.annotation does not exist
[ERROR] /home/codegex/Documents/workspace/rbugs/experiment/top100repos/qtiworks/qtiworks-engine/src/main/java/uk/ac/ed/ph/qtiworks/web/controller/anonymous/AnonymousStandaloneRunner.java:[56,24] package javax.annotation does not exist
[ERROR] /home/codegex/Documents/workspace/rbugs/experiment/top100repos/qtiworks/qtiworks-engine/src/main/java/uk/ac/ed/ph/qtiworks/web/controller/anonymous/AnonymousRouter.java:[36,24] package javax.annotation does not exist
[ERROR] /home/codegex/Documents/workspace/rbugs/experiment/top100repos/qtiworks/qtiworks-engine/src/main/java/uk/ac/ed/ph/qtiworks/config/ServicesConfiguration.java:[53,24] package javax.activation does not exist
[ERROR] /home/codegex/Documents/workspace/rbugs/experiment/top100repos/qtiworks/qtiworks-engine/src/main/java/uk/ac/ed/ph/qtiworks/config/ServicesConfiguration.java:[54,24] package javax.activation does not exist
[ERROR] /home/codegex/Documents/workspace/rbugs/experiment/top100repos/qtiworks/qtiworks-engine/src/main/java/uk/ac/ed/ph/qtiworks/config/ServicesConfiguration.java:[55,24] package javax.annotation does not exist
[ERROR] /home/codegex/Documents/workspace/rbugs/experiment/top100repos/qtiworks/qtiworks-engine/src/main/java/uk/ac/ed/ph/qtiworks/config/ServicesConfiguration.java:[187,12] cannot find symbol
[ERROR]   symbol:   class FileTypeMap
[ERROR]   location: class uk.ac.ed.ph.qtiworks.config.ServicesConfiguration
[ERROR] /home/codegex/Documents/workspace/rbugs/experiment/top100repos/qtiworks/qtiworks-engine/src/main/java/uk/ac/ed/ph/qtiworks/web/controller/legacy/UniqurateStandaloneRunner.java:[60,24] package javax.annotation does not exist
[ERROR] /home/codegex/Documents/workspace/rbugs/experiment/top100repos/qtiworks/qtiworks-engine/src/main/java/uk/ac/ed/ph/qtiworks/web/controller/candidate/CandidateHelperController.java:[44,24] package javax.annotation does not exist
[ERROR] /home/codegex/Documents/workspace/rbugs/experiment/top100repos/qtiworks/qtiworks-engine/src/main/java/uk/ac/ed/ph/qtiworks/web/lti/LtiLaunchService.java:[69,24] package javax.annotation does not exist
[ERROR] /home/codegex/Documents/workspace/rbugs/experiment/top100repos/qtiworks/qtiworks-engine/src/main/java/uk/ac/ed/ph/qtiworks/services/LtiOauthValidationService.java:[53,24] package javax.annotation does not exist
[ERROR] /home/codegex/Documents/workspace/rbugs/experiment/top100repos/qtiworks/qtiworks-engine/src/main/java/uk/ac/ed/ph/qtiworks/web/controller/instructor/InstructorAssessmentReportingController.java:[48,24] package javax.annotation does not exist
[ERROR] /home/codegex/Documents/workspace/rbugs/experiment/top100repos/qtiworks/qtiworks-engine/src/main/java/uk/ac/ed/ph/qtiworks/config/WebApplicationConfiguration.java:[41,24] package javax.annotation does not exist
[ERROR] /home/codegex/Documents/workspace/rbugs/experiment/top100repos/qtiworks/qtiworks-engine/src/main/java/uk/ac/ed/ph/qtiworks/config/WebApplicationConfiguration.java:[42,24] package javax.annotation does not exist
[ERROR] /home/codegex/Documents/workspace/rbugs/experiment/top100repos/qtiworks/qtiworks-engine/src/main/java/uk/ac/ed/ph/qtiworks/web/controller/lti/LtiInstructorAssessmentManagementController.java:[71,24] package javax.annotation does not exist
[ERROR] /home/codegex/Documents/workspace/rbugs/experiment/top100repos/qtiworks/qtiworks-engine/src/main/java/uk/ac/ed/ph/qtiworks/web/controller/anonymous/SystemSamplesController.java:[52,24] package javax.annotation does not exist
[ERROR] /home/codegex/Documents/workspace/rbugs/experiment/top100repos/qtiworks/qtiworks-engine/src/main/java/uk/ac/ed/ph/qtiworks/services/ScheduledService.java:[41,24] package javax.annotation does not exist
[ERROR] /home/codegex/Documents/workspace/rbugs/experiment/top100repos/qtiworks/qtiworks-engine/src/main/java/uk/ac/ed/ph/qtiworks/web/controller/lti/LtiLaunchController.java:[54,24] package javax.annotation does not exist
[ERROR] /home/codegex/Documents/workspace/rbugs/experiment/top100repos/qtiworks/qtiworks-engine/src/main/java/uk/ac/ed/ph/qtiworks/web/controller/candidate/CandidateTestController.java:[56,24] package javax.annotation does not exist
[ERROR] /home/codegex/Documents/workspace/rbugs/experiment/top100repos/qtiworks/qtiworks-engine/src/main/java/uk/ac/ed/ph/qtiworks/services/AssessmentDataService.java:[93,6] cannot find symbol
[ERROR]   symbol:   class Resource
[ERROR]   location: class uk.ac.ed.ph.qtiworks.services.AssessmentDataService
[ERROR] /home/codegex/Documents/workspace/rbugs/experiment/top100repos/qtiworks/qtiworks-engine/src/main/java/uk/ac/ed/ph/qtiworks/services/AssessmentDataService.java:[96,6] cannot find symbol
[ERROR]   symbol:   class Resource
[ERROR]   location: class uk.ac.ed.ph.qtiworks.services.AssessmentDataService
[ERROR] /home/codegex/Documents/workspace/rbugs/experiment/top100repos/qtiworks/qtiworks-engine/src/main/java/uk/ac/ed/ph/qtiworks/services/AssessmentDataService.java:[99,6] cannot find symbol
[ERROR]   symbol:   class Resource
[ERROR]   location: class uk.ac.ed.ph.qtiworks.services.AssessmentDataService
[ERROR] /home/codegex/Documents/workspace/rbugs/experiment/top100repos/qtiworks/qtiworks-engine/src/main/java/uk/ac/ed/ph/qtiworks/services/AssessmentDataService.java:[102,6] cannot find symbol
[ERROR]   symbol:   class Resource
[ERROR]   location: class uk.ac.ed.ph.qtiworks.services.AssessmentDataService
[ERROR] /home/codegex/Documents/workspace/rbugs/experiment/top100repos/qtiworks/qtiworks-engine/src/main/java/uk/ac/ed/ph/qtiworks/services/AssessmentDataService.java:[105,6] cannot find symbol
[ERROR]   symbol:   class Resource
[ERROR]   location: class uk.ac.ed.ph.qtiworks.services.AssessmentDataService
[ERROR] /home/codegex/Documents/workspace/rbugs/experiment/top100repos/qtiworks/qtiworks-engine/src/main/java/uk/ac/ed/ph/qtiworks/services/AssessmentDataService.java:[108,6] cannot find symbol
[ERROR]   symbol:   class Resource
[ERROR]   location: class uk.ac.ed.ph.qtiworks.services.AssessmentDataService
[ERROR] /home/codegex/Documents/workspace/rbugs/experiment/top100repos/qtiworks/qtiworks-engine/src/main/java/uk/ac/ed/ph/qtiworks/services/AssessmentDataService.java:[111,6] cannot find symbol
[ERROR]   symbol:   class Resource
[ERROR]   location: class uk.ac.ed.ph.qtiworks.services.AssessmentDataService
[ERROR] /home/codegex/Documents/workspace/rbugs/experiment/top100repos/qtiworks/qtiworks-engine/src/main/java/uk/ac/ed/ph/qtiworks/services/dao/GenericDao.java:[77,6] cannot find symbol
[ERROR]   symbol:   class Resource
[ERROR]   location: class uk.ac.ed.ph.qtiworks.services.dao.GenericDao<E>
[ERROR] /home/codegex/Documents/workspace/rbugs/experiment/top100repos/qtiworks/qtiworks-engine/src/main/java/uk/ac/ed/ph/qtiworks/services/AssessmentPackageFileService.java:[103,6] cannot find symbol
[ERROR]   symbol:   class Resource
[ERROR]   location: class uk.ac.ed.ph.qtiworks.services.AssessmentPackageFileService
[ERROR] /home/codegex/Documents/workspace/rbugs/experiment/top100repos/qtiworks/qtiworks-engine/src/main/java/uk/ac/ed/ph/qtiworks/services/AssessmentPackageFileService.java:[106,6] cannot find symbol
[ERROR]   symbol:   class Resource
[ERROR]   location: class uk.ac.ed.ph.qtiworks.services.AssessmentPackageFileService
[ERROR] /home/codegex/Documents/workspace/rbugs/experiment/top100repos/qtiworks/qtiworks-engine/src/main/java/uk/ac/ed/ph/qtiworks/services/AssessmentPackageFileService.java:[109,6] cannot find symbol
[ERROR]   symbol:   class Resource
[ERROR]   location: class uk.ac.ed.ph.qtiworks.services.AssessmentPackageFileService
[ERROR] /home/codegex/Documents/workspace/rbugs/experiment/top100repos/qtiworks/qtiworks-engine/src/main/java/uk/ac/ed/ph/qtiworks/services/AssessmentPackageFileService.java:[112,6] cannot find symbol
[ERROR]   symbol:   class Resource
[ERROR]   location: class uk.ac.ed.ph.qtiworks.services.AssessmentPackageFileService
[ERROR] /home/codegex/Documents/workspace/rbugs/experiment/top100repos/qtiworks/qtiworks-engine/src/main/java/uk/ac/ed/ph/qtiworks/services/FilespaceManager.java:[72,6] cannot find symbol
[ERROR]   symbol:   class Resource
[ERROR]   location: class uk.ac.ed.ph.qtiworks.services.FilespaceManager
[ERROR] /home/codegex/Documents/workspace/rbugs/experiment/top100repos/qtiworks/qtiworks-engine/src/main/java/uk/ac/ed/ph/qtiworks/services/FilespaceManager.java:[75,6] cannot find symbol
[ERROR]   symbol:   class Resource
[ERROR]   location: class uk.ac.ed.ph.qtiworks.services.FilespaceManager
[ERROR] /home/codegex/Documents/workspace/rbugs/experiment/top100repos/qtiworks/qtiworks-engine/src/main/java/uk/ac/ed/ph/qtiworks/services/FilespaceManager.java:[80,6] cannot find symbol
[ERROR]   symbol:   class PostConstruct
[ERROR]   location: class uk.ac.ed.ph.qtiworks.services.FilespaceManager
[ERROR] /home/codegex/Documents/workspace/rbugs/experiment/top100repos/qtiworks/qtiworks-engine/src/main/java/uk/ac/ed/ph/qtiworks/services/candidate/CandidateTestDeliveryService.java:[98,6] cannot find symbol
[ERROR]   symbol:   class Resource
[ERROR]   location: class uk.ac.ed.ph.qtiworks.services.candidate.CandidateTestDeliveryService
[ERROR] /home/codegex/Documents/workspace/rbugs/experiment/top100repos/qtiworks/qtiworks-engine/src/main/java/uk/ac/ed/ph/qtiworks/services/candidate/CandidateTestDeliveryService.java:[101,6] cannot find symbol
[ERROR]   symbol:   class Resource
[ERROR]   location: class uk.ac.ed.ph.qtiworks.services.candidate.CandidateTestDeliveryService
[ERROR] /home/codegex/Documents/workspace/rbugs/experiment/top100repos/qtiworks/qtiworks-engine/src/main/java/uk/ac/ed/ph/qtiworks/services/candidate/CandidateTestDeliveryService.java:[104,6] cannot find symbol
[ERROR]   symbol:   class Resource
[ERROR]   location: class uk.ac.ed.ph.qtiworks.services.candidate.CandidateTestDeliveryService
[ERROR] /home/codegex/Documents/workspace/rbugs/experiment/top100repos/qtiworks/qtiworks-engine/src/main/java/uk/ac/ed/ph/qtiworks/services/candidate/CandidateUploadService.java:[64,6] cannot find symbol
[ERROR]   symbol:   class Resource
[ERROR]   location: class uk.ac.ed.ph.qtiworks.services.candidate.CandidateUploadService
[ERROR] /home/codegex/Documents/workspace/rbugs/experiment/top100repos/qtiworks/qtiworks-engine/src/main/java/uk/ac/ed/ph/qtiworks/services/candidate/CandidateUploadService.java:[67,6] cannot find symbol
[ERROR]   symbol:   class Resource
[ERROR]   location: class uk.ac.ed.ph.qtiworks.services.candidate.CandidateUploadService
[ERROR] /home/codegex/Documents/workspace/rbugs/experiment/top100repos/qtiworks/qtiworks-engine/src/main/java/uk/ac/ed/ph/qtiworks/services/CandidateSessionFinisher.java:[78,6] cannot find symbol
[ERROR]   symbol:   class Resource
[ERROR]   location: class uk.ac.ed.ph.qtiworks.services.CandidateSessionFinisher
[ERROR] /home/codegex/Documents/workspace/rbugs/experiment/top100repos/qtiworks/qtiworks-engine/src/main/java/uk/ac/ed/ph/qtiworks/services/CandidateSessionFinisher.java:[81,6] cannot find symbol
[ERROR]   symbol:   class Resource
[ERROR]   location: class uk.ac.ed.ph.qtiworks.services.CandidateSessionFinisher
[ERROR] /home/codegex/Documents/workspace/rbugs/experiment/top100repos/qtiworks/qtiworks-engine/src/main/java/uk/ac/ed/ph/qtiworks/services/CandidateSessionFinisher.java:[84,6] cannot find symbol
[ERROR]   symbol:   class Resource
[ERROR]   location: class uk.ac.ed.ph.qtiworks.services.CandidateSessionFinisher
[ERROR] /home/codegex/Documents/workspace/rbugs/experiment/top100repos/qtiworks/qtiworks-engine/src/main/java/uk/ac/ed/ph/qtiworks/services/CandidateSessionFinisher.java:[87,6] cannot find symbol
[ERROR]   symbol:   class Resource
[ERROR]   location: class uk.ac.ed.ph.qtiworks.services.CandidateSessionFinisher
[ERROR] /home/codegex/Documents/workspace/rbugs/experiment/top100repos/qtiworks/qtiworks-engine/src/main/java/uk/ac/ed/ph/qtiworks/services/LtiOutcomeService.java:[84,6] cannot find symbol
[ERROR]   symbol:   class Resource
[ERROR]   location: class uk.ac.ed.ph.qtiworks.services.LtiOutcomeService
[ERROR] /home/codegex/Documents/workspace/rbugs/experiment/top100repos/qtiworks/qtiworks-engine/src/main/java/uk/ac/ed/ph/qtiworks/services/LtiOutcomeService.java:[87,6] cannot find symbol
[ERROR]   symbol:   class Resource
[ERROR]   location: class uk.ac.ed.ph.qtiworks.services.LtiOutcomeService
[ERROR] /home/codegex/Documents/workspace/rbugs/experiment/top100repos/qtiworks/qtiworks-engine/src/main/java/uk/ac/ed/ph/qtiworks/services/LtiOutcomeService.java:[90,6] cannot find symbol
[ERROR]   symbol:   class Resource
[ERROR]   location: class uk.ac.ed.ph.qtiworks.services.LtiOutcomeService
[ERROR] /home/codegex/Documents/workspace/rbugs/experiment/top100repos/qtiworks/qtiworks-engine/src/main/java/uk/ac/ed/ph/qtiworks/services/AuditLogger.java:[58,6] cannot find symbol
[ERROR]   symbol:   class Resource
[ERROR]   location: class uk.ac.ed.ph.qtiworks.services.AuditLogger
[ERROR] /home/codegex/Documents/workspace/rbugs/experiment/top100repos/qtiworks/qtiworks-engine/src/main/java/uk/ac/ed/ph/qtiworks/services/candidate/CandidateServiceBase.java:[67,6] cannot find symbol
[ERROR]   symbol:   class Resource
[ERROR]   location: class uk.ac.ed.ph.qtiworks.services.candidate.CandidateServiceBase
[ERROR] /home/codegex/Documents/workspace/rbugs/experiment/top100repos/qtiworks/qtiworks-engine/src/main/java/uk/ac/ed/ph/qtiworks/services/candidate/CandidateServiceBase.java:[70,6] cannot find symbol
[ERROR]   symbol:   class Resource
[ERROR]   location: class uk.ac.ed.ph.qtiworks.services.candidate.CandidateServiceBase
[ERROR] /home/codegex/Documents/workspace/rbugs/experiment/top100repos/qtiworks/qtiworks-engine/src/main/java/uk/ac/ed/ph/qtiworks/services/candidate/CandidateServiceBase.java:[73,6] cannot find symbol
[ERROR]   symbol:   class Resource
[ERROR]   location: class uk.ac.ed.ph.qtiworks.services.candidate.CandidateServiceBase
[ERROR] /home/codegex/Documents/workspace/rbugs/experiment/top100repos/qtiworks/qtiworks-engine/src/main/java/uk/ac/ed/ph/qtiworks/services/candidate/CandidateServiceBase.java:[76,6] cannot find symbol
[ERROR]   symbol:   class Resource
[ERROR]   location: class uk.ac.ed.ph.qtiworks.services.candidate.CandidateServiceBase
[ERROR] /home/codegex/Documents/workspace/rbugs/experiment/top100repos/qtiworks/qtiworks-engine/src/main/java/uk/ac/ed/ph/qtiworks/services/CandidateDataService.java:[124,6] cannot find symbol
[ERROR]   symbol:   class Resource
[ERROR]   location: class uk.ac.ed.ph.qtiworks.services.CandidateDataService
[ERROR] /home/codegex/Documents/workspace/rbugs/experiment/top100repos/qtiworks/qtiworks-engine/src/main/java/uk/ac/ed/ph/qtiworks/services/CandidateDataService.java:[127,6] cannot find symbol
[ERROR]   symbol:   class Resource
[ERROR]   location: class uk.ac.ed.ph.qtiworks.services.CandidateDataService
[ERROR] /home/codegex/Documents/workspace/rbugs/experiment/top100repos/qtiworks/qtiworks-engine/src/main/java/uk/ac/ed/ph/qtiworks/services/CandidateDataService.java:[130,6] cannot find symbol
[ERROR]   symbol:   class Resource
[ERROR]   location: class uk.ac.ed.ph.qtiworks.services.CandidateDataService
[ERROR] /home/codegex/Documents/workspace/rbugs/experiment/top100repos/qtiworks/qtiworks-engine/src/main/java/uk/ac/ed/ph/qtiworks/services/CandidateDataService.java:[133,6] cannot find symbol
[ERROR]   symbol:   class Resource
[ERROR]   location: class uk.ac.ed.ph.qtiworks.services.CandidateDataService
[ERROR] /home/codegex/Documents/workspace/rbugs/experiment/top100repos/qtiworks/qtiworks-engine/src/main/java/uk/ac/ed/ph/qtiworks/services/CandidateDataService.java:[136,6] cannot find symbol
[ERROR]   symbol:   class Resource
[ERROR]   location: class uk.ac.ed.ph.qtiworks.services.CandidateDataService
[ERROR] /home/codegex/Documents/workspace/rbugs/experiment/top100repos/qtiworks/qtiworks-engine/src/main/java/uk/ac/ed/ph/qtiworks/services/CandidateDataService.java:[139,6] cannot find symbol
[ERROR]   symbol:   class Resource
[ERROR]   location: class uk.ac.ed.ph.qtiworks.services.CandidateDataService
[ERROR] /home/codegex/Documents/workspace/rbugs/experiment/top100repos/qtiworks/qtiworks-engine/src/main/java/uk/ac/ed/ph/qtiworks/services/CandidateDataService.java:[142,6] cannot find symbol
[ERROR]   symbol:   class Resource
[ERROR]   location: class uk.ac.ed.ph.qtiworks.services.CandidateDataService
[ERROR] /home/codegex/Documents/workspace/rbugs/experiment/top100repos/qtiworks/qtiworks-engine/src/main/java/uk/ac/ed/ph/qtiworks/services/CandidateDataService.java:[145,6] cannot find symbol
[ERROR]   symbol:   class Resource
[ERROR]   location: class uk.ac.ed.ph.qtiworks.services.CandidateDataService
[ERROR] /home/codegex/Documents/workspace/rbugs/experiment/top100repos/qtiworks/qtiworks-engine/src/main/java/uk/ac/ed/ph/qtiworks/services/CandidateDataService.java:[148,6] cannot find symbol
[ERROR]   symbol:   class Resource
[ERROR]   location: class uk.ac.ed.ph.qtiworks.services.CandidateDataService
[ERROR] /home/codegex/Documents/workspace/rbugs/experiment/top100repos/qtiworks/qtiworks-engine/src/main/java/uk/ac/ed/ph/qtiworks/services/CandidateDataService.java:[151,6] cannot find symbol
[ERROR]   symbol:   class Resource
[ERROR]   location: class uk.ac.ed.ph.qtiworks.services.CandidateDataService
[ERROR] /home/codegex/Documents/workspace/rbugs/experiment/top100repos/qtiworks/qtiworks-engine/src/main/java/uk/ac/ed/ph/qtiworks/services/AssessmentObjectManagementService.java:[75,6] cannot find symbol
[ERROR]   symbol:   class Resource
[ERROR]   location: class uk.ac.ed.ph.qtiworks.services.AssessmentObjectManagementService
[ERROR] /home/codegex/Documents/workspace/rbugs/experiment/top100repos/qtiworks/qtiworks-engine/src/main/java/uk/ac/ed/ph/qtiworks/web/controller/candidate/CandidateItemController.java:[76,6] cannot find symbol
[ERROR]   symbol:   class Resource
[ERROR]   location: class uk.ac.ed.ph.qtiworks.web.controller.candidate.CandidateItemController
[ERROR] /home/codegex/Documents/workspace/rbugs/experiment/top100repos/qtiworks/qtiworks-engine/src/main/java/uk/ac/ed/ph/qtiworks/services/candidate/CandidateItemDeliveryService.java:[96,6] cannot find symbol
[ERROR]   symbol:   class Resource
[ERROR]   location: class uk.ac.ed.ph.qtiworks.services.candidate.CandidateItemDeliveryService
[ERROR] /home/codegex/Documents/workspace/rbugs/experiment/top100repos/qtiworks/qtiworks-engine/src/main/java/uk/ac/ed/ph/qtiworks/services/candidate/CandidateItemDeliveryService.java:[99,6] cannot find symbol
[ERROR]   symbol:   class Resource
[ERROR]   location: class uk.ac.ed.ph.qtiworks.services.candidate.CandidateItemDeliveryService
[ERROR] -> [Help 1]
[ERROR] Failed to execute goal on project qtiworks-code-examples: Could not resolve dependencies for project uk.ac.ed.ph.qtiworks:qtiworks-code-examples:jar:1.0-SNAPSHOT: Could not find artifact uk.ac.ed.ph.qtiworks:qtiworks-engine:jar:classes:1.0-SNAPSHOT in www2.ph.ed.ac.uk (https://www2.ph.ed.ac.uk/maven2) -> [Help 2]
[ERROR] Failed to execute goal on project qtiworks-engine-manager: Could not resolve dependencies for project uk.ac.ed.ph.qtiworks:qtiworks-engine-manager:jar:1.0-SNAPSHOT: Failure to find uk.ac.ed.ph.qtiworks:qtiworks-engine:jar:classes:1.0-SNAPSHOT in https://www2.ph.ed.ac.uk/maven2 was cached in the local repository, resolution will not be reattempted until the update interval of www2.ph.ed.ac.uk has elapsed or updates are forced -> [Help 2]
[ERROR] 
[ERROR] To see the full stack trace of the errors, re-run Maven with the -e switch.
[ERROR] Re-run Maven using the -X switch to enable full debug logging.
[ERROR] 
[ERROR] For more information about the errors and possible solutions, please read the following articles:
[ERROR] [Help 1] http://cwiki.apache.org/confluence/display/MAVEN/MojoFailureException
[ERROR] [Help 2] http://cwiki.apache.org/confluence/display/MAVEN/DependencyResolutionException
[ERROR] 
[ERROR] After correcting the problems, you can resume the build with the command
[ERROR]   mvn <args> -rf :qtiworks-engine
[INFO] Build failures were ignored.
WARNING: An illegal reflective access operation has occurred
WARNING: Illegal reflective access by com.google.inject.internal.cglib.core.$ReflectUtils$1 (file:/usr/share/maven/lib/guice.jar) to method java.lang.ClassLoader.defineClass(java.lang.String,byte[],int,int,java.security.ProtectionDomain)
WARNING: Please consider reporting this to the maintainers of com.google.inject.internal.cglib.core.$ReflectUtils$1
WARNING: Use --illegal-access=warn to enable warnings of further illegal reflective access operations
WARNING: All illegal access operations will be denied in a future release
