WARNING: An illegal reflective access operation has occurred
WARNING: Illegal reflective access by com.google.inject.internal.cglib.core.$ReflectUtils$1 (file:/usr/share/maven/lib/guice.jar) to method java.lang.ClassLoader.defineClass(java.lang.String,byte[],int,int,java.security.ProtectionDomain)
WARNING: Please consider reporting this to the maintainers of com.google.inject.internal.cglib.core.$ReflectUtils$1
WARNING: Use --illegal-access=warn to enable warnings of further illegal reflective access operations
WARNING: All illegal access operations will be denied in a future release
[INFO] Scanning for projects...
[INFO] ------------------------------------------------------------------------
[INFO] Reactor Build Order:
[INFO] 
[INFO] Java Microbenchmark Harness Parent                                 [pom]
[INFO] JMH Core                                                           [jar]
[INFO] JMH Generators: Annotation Processors                              [jar]
[INFO] JMH Core Integration Tests                                         [jar]
[INFO] JMH Generators: Reflection                                         [jar]
[INFO] JMH Generators: ASM                                                [jar]
[INFO] JMH Core Compilation Tests                                         [jar]
[INFO] JMH Core Benchmarks                                                [jar]
[INFO] JMH Samples                                                        [jar]
[INFO] JMH Generators: Bytecode                                           [jar]
[INFO] JMH Archetypes                                                     [pom]
[INFO] JMH Benchmark Archetype: Java                          [maven-archetype]
[INFO] JMH Benchmark Archetype: Scala                         [maven-archetype]
[INFO] JMH Benchmark Archetype: Groovy                        [maven-archetype]
[INFO] JMH Benchmark Archetype: Kotlin                        [maven-archetype]
[INFO] 
[INFO] ---------------------< org.openjdk.jmh:jmh-parent >---------------------
[INFO] Building Java Microbenchmark Harness Parent 1.29-SNAPSHOT         [1/15]
[INFO] --------------------------------[ pom ]---------------------------------
[INFO] 
[INFO] >>> spotbugs-maven-plugin:4.2.3-SNAPSHOT:check (default-cli) > :spotbugs @ jmh-parent >>>
[INFO] 
[INFO] --- spotbugs-maven-plugin:4.2.3-SNAPSHOT:spotbugs (spotbugs) @ jmh-parent ---
[INFO] 
[INFO] <<< spotbugs-maven-plugin:4.2.3-SNAPSHOT:check (default-cli) < :spotbugs @ jmh-parent <<<
[INFO] 
[INFO] 
[INFO] --- spotbugs-maven-plugin:4.2.3-SNAPSHOT:check (default-cli) @ jmh-parent ---
[INFO] 
[INFO] ----------------------< org.openjdk.jmh:jmh-core >----------------------
[INFO] Building JMH Core 1.29-SNAPSHOT                                   [2/15]
[INFO] --------------------------------[ jar ]---------------------------------
[INFO] 
[INFO] >>> spotbugs-maven-plugin:4.2.3-SNAPSHOT:check (default-cli) > :spotbugs @ jmh-core >>>
[INFO] 
[INFO] --- spotbugs-maven-plugin:4.2.3-SNAPSHOT:spotbugs (spotbugs) @ jmh-core ---
[INFO] Fork Value is true
[INFO] Done SpotBugs Analysis....
[INFO] 
[INFO] <<< spotbugs-maven-plugin:4.2.3-SNAPSHOT:check (default-cli) < :spotbugs @ jmh-core <<<
[INFO] 
[INFO] 
[INFO] --- spotbugs-maven-plugin:4.2.3-SNAPSHOT:check (default-cli) @ jmh-core ---
[INFO] BugInstance size is 1
[INFO] Error size is 0
[INFO] Total bugs: 1
[ERROR] High: Incorrect combination of Math.max and Math.min: this code always returns 1.0 [org.openjdk.jmh.profile.LinuxPerfNormProfiler] At LinuxPerfNormProfiler.java:[line 273] DM_INVALID_MIN_MAX
[INFO] 


To see bug detail using the Spotbugs GUI, use the following command "mvn spotbugs:gui"



[INFO] 
[INFO] --------------< org.openjdk.jmh:jmh-generator-annprocess >--------------
[INFO] Building JMH Generators: Annotation Processors 1.29-SNAPSHOT      [3/15]
[INFO] --------------------------------[ jar ]---------------------------------
[INFO] 
[INFO] >>> spotbugs-maven-plugin:4.2.3-SNAPSHOT:check (default-cli) > :spotbugs @ jmh-generator-annprocess >>>
[INFO] 
[INFO] --------------------< org.openjdk.jmh:jmh-core-it >---------------------
[INFO] Building JMH Core Integration Tests 1.29-SNAPSHOT                 [4/15]
[INFO] --------------------------------[ jar ]---------------------------------
[INFO] 
[INFO] >>> spotbugs-maven-plugin:4.2.3-SNAPSHOT:check (default-cli) > :spotbugs @ jmh-core-it >>>
[INFO] 
[INFO] --------------< org.openjdk.jmh:jmh-generator-reflection >--------------
[INFO] Building JMH Generators: Reflection 1.29-SNAPSHOT                 [5/15]
[INFO] --------------------------------[ jar ]---------------------------------
[INFO] 
[INFO] >>> spotbugs-maven-plugin:4.2.3-SNAPSHOT:check (default-cli) > :spotbugs @ jmh-generator-reflection >>>
[INFO] 
[INFO] -----------------< org.openjdk.jmh:jmh-generator-asm >------------------
[INFO] Building JMH Generators: ASM 1.29-SNAPSHOT                        [6/15]
[INFO] --------------------------------[ jar ]---------------------------------
[INFO] 
[INFO] >>> spotbugs-maven-plugin:4.2.3-SNAPSHOT:check (default-cli) > :spotbugs @ jmh-generator-asm >>>
[INFO] 
[INFO] --------------------< org.openjdk.jmh:jmh-core-ct >---------------------
[INFO] Building JMH Core Compilation Tests 1.29-SNAPSHOT                 [7/15]
[INFO] --------------------------------[ jar ]---------------------------------
[INFO] 
[INFO] >>> spotbugs-maven-plugin:4.2.3-SNAPSHOT:check (default-cli) > :spotbugs @ jmh-core-ct >>>
[INFO] 
[INFO] ----------------< org.openjdk.jmh:jmh-core-benchmarks >-----------------
[INFO] Building JMH Core Benchmarks 1.29-SNAPSHOT                        [8/15]
[INFO] --------------------------------[ jar ]---------------------------------
[INFO] 
[INFO] >>> spotbugs-maven-plugin:4.2.3-SNAPSHOT:check (default-cli) > :spotbugs @ jmh-core-benchmarks >>>
[INFO] 
[INFO] --------------------< org.openjdk.jmh:jmh-samples >---------------------
[INFO] Building JMH Samples 1.29-SNAPSHOT                                [9/15]
[INFO] --------------------------------[ jar ]---------------------------------
[INFO] 
[INFO] >>> spotbugs-maven-plugin:4.2.3-SNAPSHOT:check (default-cli) > :spotbugs @ jmh-samples >>>
[INFO] 
[INFO] ---------------< org.openjdk.jmh:jmh-generator-bytecode >---------------
[INFO] Building JMH Generators: Bytecode 1.29-SNAPSHOT                  [10/15]
[INFO] --------------------------------[ jar ]---------------------------------
[INFO] 
[INFO] >>> spotbugs-maven-plugin:4.2.3-SNAPSHOT:check (default-cli) > :spotbugs @ jmh-generator-bytecode >>>
[INFO] 
[INFO] -------------------< org.openjdk.jmh:jmh-archetypes >-------------------
[INFO] Building JMH Archetypes 1.29-SNAPSHOT                            [11/15]
[INFO] --------------------------------[ pom ]---------------------------------
[INFO] 
[INFO] >>> spotbugs-maven-plugin:4.2.3-SNAPSHOT:check (default-cli) > :spotbugs @ jmh-archetypes >>>
[INFO] 
[INFO] --- spotbugs-maven-plugin:4.2.3-SNAPSHOT:spotbugs (spotbugs) @ jmh-archetypes ---
[INFO] 
[INFO] <<< spotbugs-maven-plugin:4.2.3-SNAPSHOT:check (default-cli) < :spotbugs @ jmh-archetypes <<<
[INFO] 
[INFO] 
[INFO] --- spotbugs-maven-plugin:4.2.3-SNAPSHOT:check (default-cli) @ jmh-archetypes ---
[INFO] 
[INFO] ------------< org.openjdk.jmh:jmh-java-benchmark-archetype >------------
[INFO] Building JMH Benchmark Archetype: Java 1.29-SNAPSHOT             [12/15]
[INFO] --------------------------[ maven-archetype ]---------------------------
[INFO] 
[INFO] >>> spotbugs-maven-plugin:4.2.3-SNAPSHOT:check (default-cli) > :spotbugs @ jmh-java-benchmark-archetype >>>
[INFO] 
[INFO] --- spotbugs-maven-plugin:4.2.3-SNAPSHOT:spotbugs (spotbugs) @ jmh-java-benchmark-archetype ---
[INFO] 
[INFO] <<< spotbugs-maven-plugin:4.2.3-SNAPSHOT:check (default-cli) < :spotbugs @ jmh-java-benchmark-archetype <<<
[INFO] 
[INFO] 
[INFO] --- spotbugs-maven-plugin:4.2.3-SNAPSHOT:check (default-cli) @ jmh-java-benchmark-archetype ---
[INFO] 
[INFO] -----------< org.openjdk.jmh:jmh-scala-benchmark-archetype >------------
[INFO] Building JMH Benchmark Archetype: Scala 1.29-SNAPSHOT            [13/15]
[INFO] --------------------------[ maven-archetype ]---------------------------
[INFO] 
[INFO] >>> spotbugs-maven-plugin:4.2.3-SNAPSHOT:check (default-cli) > :spotbugs @ jmh-scala-benchmark-archetype >>>
[INFO] 
[INFO] --- spotbugs-maven-plugin:4.2.3-SNAPSHOT:spotbugs (spotbugs) @ jmh-scala-benchmark-archetype ---
[INFO] 
[INFO] <<< spotbugs-maven-plugin:4.2.3-SNAPSHOT:check (default-cli) < :spotbugs @ jmh-scala-benchmark-archetype <<<
[INFO] 
[INFO] 
[INFO] --- spotbugs-maven-plugin:4.2.3-SNAPSHOT:check (default-cli) @ jmh-scala-benchmark-archetype ---
[INFO] 
[INFO] -----------< org.openjdk.jmh:jmh-groovy-benchmark-archetype >-----------
[INFO] Building JMH Benchmark Archetype: Groovy 1.29-SNAPSHOT           [14/15]
[INFO] --------------------------[ maven-archetype ]---------------------------
[INFO] 
[INFO] >>> spotbugs-maven-plugin:4.2.3-SNAPSHOT:check (default-cli) > :spotbugs @ jmh-groovy-benchmark-archetype >>>
[INFO] 
[INFO] --- spotbugs-maven-plugin:4.2.3-SNAPSHOT:spotbugs (spotbugs) @ jmh-groovy-benchmark-archetype ---
[INFO] 
[INFO] <<< spotbugs-maven-plugin:4.2.3-SNAPSHOT:check (default-cli) < :spotbugs @ jmh-groovy-benchmark-archetype <<<
[INFO] 
[INFO] 
[INFO] --- spotbugs-maven-plugin:4.2.3-SNAPSHOT:check (default-cli) @ jmh-groovy-benchmark-archetype ---
[INFO] 
[INFO] -----------< org.openjdk.jmh:jmh-kotlin-benchmark-archetype >-----------
[INFO] Building JMH Benchmark Archetype: Kotlin 1.29-SNAPSHOT           [15/15]
[INFO] --------------------------[ maven-archetype ]---------------------------
[INFO] 
[INFO] >>> spotbugs-maven-plugin:4.2.3-SNAPSHOT:check (default-cli) > :spotbugs @ jmh-kotlin-benchmark-archetype >>>
[INFO] 
[INFO] --- spotbugs-maven-plugin:4.2.3-SNAPSHOT:spotbugs (spotbugs) @ jmh-kotlin-benchmark-archetype ---
[INFO] 
[INFO] <<< spotbugs-maven-plugin:4.2.3-SNAPSHOT:check (default-cli) < :spotbugs @ jmh-kotlin-benchmark-archetype <<<
[INFO] 
[INFO] 
[INFO] --- spotbugs-maven-plugin:4.2.3-SNAPSHOT:check (default-cli) @ jmh-kotlin-benchmark-archetype ---
[INFO] ------------------------------------------------------------------------
[INFO] Reactor Summary for Java Microbenchmark Harness Parent 1.29-SNAPSHOT:
[INFO] 
[INFO] Java Microbenchmark Harness Parent ................. SUCCESS [  0.892 s]
[INFO] JMH Core ........................................... FAILURE [  6.384 s]
[INFO] JMH Generators: Annotation Processors .............. FAILURE [  0.003 s]
[INFO] JMH Core Integration Tests ......................... FAILURE [  0.003 s]
[INFO] JMH Generators: Reflection ......................... FAILURE [  0.001 s]
[INFO] JMH Generators: ASM ................................ FAILURE [  0.002 s]
[INFO] JMH Core Compilation Tests ......................... FAILURE [  0.003 s]
[INFO] JMH Core Benchmarks ................................ FAILURE [  0.002 s]
[INFO] JMH Samples ........................................ FAILURE [  0.002 s]
[INFO] JMH Generators: Bytecode ........................... FAILURE [  0.002 s]
[INFO] JMH Archetypes ..................................... SUCCESS [  0.004 s]
[INFO] JMH Benchmark Archetype: Java ...................... SUCCESS [  0.366 s]
[INFO] JMH Benchmark Archetype: Scala ..................... SUCCESS [  0.005 s]
[INFO] JMH Benchmark Archetype: Groovy .................... SUCCESS [  0.006 s]
[INFO] JMH Benchmark Archetype: Kotlin .................... SUCCESS [  0.005 s]
[INFO] ------------------------------------------------------------------------
[INFO] BUILD FAILURE
[INFO] ------------------------------------------------------------------------
[INFO] Total time:  7.955 s
[INFO] Finished at: 2021-03-29T15:01:31+08:00
[INFO] ------------------------------------------------------------------------
[ERROR] Failed to execute goal com.github.spotbugs:spotbugs-maven-plugin:4.2.3-SNAPSHOT:check (default-cli) on project jmh-core: failed with 1 bugs and 0 errors -> [Help 1]
[ERROR] Failed to execute goal on project jmh-generator-annprocess: Could not resolve dependencies for project org.openjdk.jmh:jmh-generator-annprocess:jar:1.29-SNAPSHOT: Could not find artifact org.openjdk.jmh:jmh-core:jar:1.29-SNAPSHOT -> [Help 2]
[ERROR] Failed to execute goal on project jmh-core-it: Could not resolve dependencies for project org.openjdk.jmh:jmh-core-it:jar:1.29-SNAPSHOT: The following artifacts could not be resolved: org.openjdk.jmh:jmh-core:jar:1.29-SNAPSHOT, org.openjdk.jmh:jmh-generator-annprocess:jar:1.29-SNAPSHOT: Could not find artifact org.openjdk.jmh:jmh-core:jar:1.29-SNAPSHOT -> [Help 2]
[ERROR] Failed to execute goal on project jmh-generator-reflection: Could not resolve dependencies for project org.openjdk.jmh:jmh-generator-reflection:jar:1.29-SNAPSHOT: Could not find artifact org.openjdk.jmh:jmh-core:jar:1.29-SNAPSHOT -> [Help 2]
[ERROR] Failed to execute goal on project jmh-generator-asm: Could not resolve dependencies for project org.openjdk.jmh:jmh-generator-asm:jar:1.29-SNAPSHOT: The following artifacts could not be resolved: org.openjdk.jmh:jmh-core:jar:1.29-SNAPSHOT, org.openjdk.jmh:jmh-generator-reflection:jar:1.29-SNAPSHOT: Could not find artifact org.openjdk.jmh:jmh-core:jar:1.29-SNAPSHOT -> [Help 2]
[ERROR] Failed to execute goal on project jmh-core-ct: Could not resolve dependencies for project org.openjdk.jmh:jmh-core-ct:jar:1.29-SNAPSHOT: The following artifacts could not be resolved: org.openjdk.jmh:jmh-core:jar:1.29-SNAPSHOT, org.openjdk.jmh:jmh-generator-annprocess:jar:1.29-SNAPSHOT, org.openjdk.jmh:jmh-generator-reflection:jar:1.29-SNAPSHOT, org.openjdk.jmh:jmh-generator-asm:jar:1.29-SNAPSHOT: Could not find artifact org.openjdk.jmh:jmh-core:jar:1.29-SNAPSHOT -> [Help 2]
[ERROR] Failed to execute goal on project jmh-core-benchmarks: Could not resolve dependencies for project org.openjdk.jmh:jmh-core-benchmarks:jar:1.29-SNAPSHOT: The following artifacts could not be resolved: org.openjdk.jmh:jmh-core:jar:1.29-SNAPSHOT, org.openjdk.jmh:jmh-generator-annprocess:jar:1.29-SNAPSHOT: Could not find artifact org.openjdk.jmh:jmh-core:jar:1.29-SNAPSHOT -> [Help 2]
[ERROR] Failed to execute goal on project jmh-samples: Could not resolve dependencies for project org.openjdk.jmh:jmh-samples:jar:1.29-SNAPSHOT: The following artifacts could not be resolved: org.openjdk.jmh:jmh-core:jar:1.29-SNAPSHOT, org.openjdk.jmh:jmh-generator-annprocess:jar:1.29-SNAPSHOT: Could not find artifact org.openjdk.jmh:jmh-core:jar:1.29-SNAPSHOT -> [Help 2]
[ERROR] Failed to execute goal on project jmh-generator-bytecode: Could not resolve dependencies for project org.openjdk.jmh:jmh-generator-bytecode:jar:1.29-SNAPSHOT: The following artifacts could not be resolved: org.openjdk.jmh:jmh-core:jar:1.29-SNAPSHOT, org.openjdk.jmh:jmh-generator-reflection:jar:1.29-SNAPSHOT, org.openjdk.jmh:jmh-generator-asm:jar:1.29-SNAPSHOT: Could not find artifact org.openjdk.jmh:jmh-core:jar:1.29-SNAPSHOT -> [Help 2]
[ERROR] 
[ERROR] To see the full stack trace of the errors, re-run Maven with the -e switch.
[ERROR] Re-run Maven using the -X switch to enable full debug logging.
[ERROR] 
[ERROR] For more information about the errors and possible solutions, please read the following articles:
[ERROR] [Help 1] http://cwiki.apache.org/confluence/display/MAVEN/MojoExecutionException
[ERROR] [Help 2] http://cwiki.apache.org/confluence/display/MAVEN/DependencyResolutionException
[ERROR] 
[ERROR] After correcting the problems, you can resume the build with the command
[ERROR]   mvn <args> -rf :jmh-core
[INFO] Build failures were ignored.
