WARNING: An illegal reflective access operation has occurred
WARNING: Illegal reflective access by com.google.inject.internal.cglib.core.$ReflectUtils$1 (file:/usr/share/maven/lib/guice.jar) to method java.lang.ClassLoader.defineClass(java.lang.String,byte[],int,int,java.security.ProtectionDomain)
WARNING: Please consider reporting this to the maintainers of com.google.inject.internal.cglib.core.$ReflectUtils$1
WARNING: Use --illegal-access=warn to enable warnings of further illegal reflective access operations
WARNING: All illegal access operations will be denied in a future release
[INFO] Scanning for projects...
[INFO] ------------------------------------------------------------------------
[INFO] Reactor Build Order:
[INFO] 
[INFO] wro4j parent                                                       [pom]
[INFO] wro4j core                                                         [jar]
[INFO] wro4j extensions                                                   [jar]
[INFO] wro4j maven plugin                                        [maven-plugin]
[INFO] 
[INFO] ---------------------< ro.isdc.wro4j:wro4j-parent >---------------------
[INFO] Building wro4j parent 1.10.2-SNAPSHOT                              [1/4]
[INFO] --------------------------------[ pom ]---------------------------------
[INFO] 
[INFO] >>> spotbugs-maven-plugin:4.2.3-SNAPSHOT:check (default-cli) > :spotbugs @ wro4j-parent >>>
[INFO] 
[INFO] --- spotbugs-maven-plugin:4.2.3-SNAPSHOT:spotbugs (spotbugs) @ wro4j-parent ---
[INFO] 
[INFO] <<< spotbugs-maven-plugin:4.2.3-SNAPSHOT:check (default-cli) < :spotbugs @ wro4j-parent <<<
[INFO] 
[INFO] 
[INFO] --- spotbugs-maven-plugin:4.2.3-SNAPSHOT:check (default-cli) @ wro4j-parent ---
[INFO] 
[INFO] ----------------------< ro.isdc.wro4j:wro4j-core >----------------------
[INFO] Building wro4j core 1.10.2-SNAPSHOT                                [2/4]
[INFO] --------------------------------[ jar ]---------------------------------
[INFO] 
[INFO] >>> spotbugs-maven-plugin:4.2.3-SNAPSHOT:check (default-cli) > :spotbugs @ wro4j-core >>>
[INFO] 
[INFO] --- spotbugs-maven-plugin:4.2.3-SNAPSHOT:spotbugs (spotbugs) @ wro4j-core ---
[INFO] Fork Value is true
[INFO] Done SpotBugs Analysis....
[INFO] 
[INFO] <<< spotbugs-maven-plugin:4.2.3-SNAPSHOT:check (default-cli) < :spotbugs @ wro4j-core <<<
[INFO] 
[INFO] 
[INFO] --- spotbugs-maven-plugin:4.2.3-SNAPSHOT:check (default-cli) @ wro4j-core ---
[INFO] BugInstance size is 4
[INFO] Error size is 0
[INFO] Total bugs: 4
[ERROR] Low: Usage of GetResource in ro.isdc.wro.model.resource.locator.ClasspathUriLocator.locateWildcardStream(String, String) may be unsafe if class is extended [ro.isdc.wro.model.resource.locator.ClasspathUriLocator] At ClasspathUriLocator.java:[line 110] UI_INHERITANCE_UNSAFE_GETRESOURCE
[ERROR] Low: Check for sign of bitwise operation in ro.isdc.wro.util.Base64.encodeBytesToBytes(byte[], int, int, int) [ro.isdc.wro.util.Base64] At Base64.java:[line 792] BIT_SIGNED_CHECK
[ERROR] Low: Check for sign of bitwise operation in new ro.isdc.wro.util.Base64$InputStream(InputStream, int) [ro.isdc.wro.util.Base64$InputStream] At Base64.java:[line 1187] BIT_SIGNED_CHECK
[ERROR] Low: Check for sign of bitwise operation in new ro.isdc.wro.util.Base64$InputStream(InputStream, int) [ro.isdc.wro.util.Base64$InputStream] At Base64.java:[line 1186] BIT_SIGNED_CHECK
[INFO] 


To see bug detail using the Spotbugs GUI, use the following command "mvn spotbugs:gui"



[INFO] 
[INFO] -------------------< ro.isdc.wro4j:wro4j-extensions >-------------------
[INFO] Building wro4j extensions 1.10.2-SNAPSHOT                          [3/4]
[INFO] --------------------------------[ jar ]---------------------------------
[INFO] 
[INFO] >>> spotbugs-maven-plugin:4.2.3-SNAPSHOT:check (default-cli) > :spotbugs @ wro4j-extensions >>>
[INFO] 
[INFO] ------------------< ro.isdc.wro4j:wro4j-maven-plugin >------------------
[INFO] Building wro4j maven plugin 1.10.2-SNAPSHOT                        [4/4]
[INFO] ----------------------------[ maven-plugin ]----------------------------
[INFO] 
[INFO] >>> spotbugs-maven-plugin:4.2.3-SNAPSHOT:check (default-cli) > :spotbugs @ wro4j-maven-plugin >>>
[INFO] ------------------------------------------------------------------------
[INFO] Reactor Summary for wro4j parent 1.10.2-SNAPSHOT:
[INFO] 
[INFO] wro4j parent ....................................... SUCCESS [  0.961 s]
[INFO] wro4j core ......................................... FAILURE [  4.958 s]
[INFO] wro4j extensions ................................... FAILURE [  0.112 s]
[INFO] wro4j maven plugin ................................. FAILURE [  0.056 s]
[INFO] ------------------------------------------------------------------------
[INFO] BUILD FAILURE
[INFO] ------------------------------------------------------------------------
[INFO] Total time:  6.202 s
[INFO] Finished at: 2021-03-29T15:02:48+08:00
[INFO] ------------------------------------------------------------------------
[ERROR] Failed to execute goal com.github.spotbugs:spotbugs-maven-plugin:4.2.3-SNAPSHOT:check (default-cli) on project wro4j-core: failed with 4 bugs and 0 errors -> [Help 1]
[ERROR] Failed to execute goal on project wro4j-extensions: Could not resolve dependencies for project ro.isdc.wro4j:wro4j-extensions:jar:1.10.2-SNAPSHOT: Failure to find ro.isdc.wro4j:wro4j-core:jar:1.10.2-SNAPSHOT in https://oss.sonatype.org/content/repositories/snapshots was cached in the local repository, resolution will not be reattempted until the update interval of sonatype-nexus-snapshots has elapsed or updates are forced -> [Help 2]
[ERROR] Failed to execute goal on project wro4j-maven-plugin: Could not resolve dependencies for project ro.isdc.wro4j:wro4j-maven-plugin:maven-plugin:1.10.2-SNAPSHOT: The following artifacts could not be resolved: ro.isdc.wro4j:wro4j-core:jar:1.10.2-SNAPSHOT, ro.isdc.wro4j:wro4j-extensions:jar:1.10.2-SNAPSHOT: Failure to find ro.isdc.wro4j:wro4j-core:jar:1.10.2-SNAPSHOT in https://oss.sonatype.org/content/repositories/snapshots was cached in the local repository, resolution will not be reattempted until the update interval of sonatype-nexus-snapshots has elapsed or updates are forced -> [Help 2]
[ERROR] 
[ERROR] To see the full stack trace of the errors, re-run Maven with the -e switch.
[ERROR] Re-run Maven using the -X switch to enable full debug logging.
[ERROR] 
[ERROR] For more information about the errors and possible solutions, please read the following articles:
[ERROR] [Help 1] http://cwiki.apache.org/confluence/display/MAVEN/MojoExecutionException
[ERROR] [Help 2] http://cwiki.apache.org/confluence/display/MAVEN/DependencyResolutionException
[ERROR] 
[ERROR] After correcting the problems, you can resume the build with the command
[ERROR]   mvn <args> -rf :wro4j-core
[INFO] Build failures were ignored.
