WARNING: An illegal reflective access operation has occurred
WARNING: Illegal reflective access by com.google.inject.internal.cglib.core.$ReflectUtils$1 (file:/usr/share/maven/lib/guice.jar) to method java.lang.ClassLoader.defineClass(java.lang.String,byte[],int,int,java.security.ProtectionDomain)
WARNING: Please consider reporting this to the maintainers of com.google.inject.internal.cglib.core.$ReflectUtils$1
WARNING: Use --illegal-access=warn to enable warnings of further illegal reflective access operations
WARNING: All illegal access operations will be denied in a future release
[INFO] Scanning for projects...
[INFO] Inspecting build with total of 5 modules...
[INFO] Installing Nexus Staging features:
[INFO]   ... total of 5 executions of maven-deploy-plugin replaced with nexus-staging-maven-plugin
[INFO] ------------------------------------------------------------------------
[INFO] Reactor Build Order:
[INFO] 
[INFO] code-assert-parent                                                 [pom]
[INFO] code-assert-core                                                   [jar]
[INFO] code-assert                                                        [jar]
[INFO] code-assert-maven-plugin                                  [maven-plugin]
[INFO] code-assert-gui                                                    [jar]
[INFO] Downloading from jcenter: https://jcenter.bintray.com/com/github/spotbugs/spotbugs-maven-plugin/4.2.3-SNAPSHOT/maven-metadata.xml
[INFO] 
[INFO] --------------------< guru.nidi:code-assert-parent >--------------------
[INFO] Building code-assert-parent 0.9.16-SNAPSHOT                        [1/5]
[INFO] --------------------------------[ pom ]---------------------------------
[INFO] 
[INFO] >>> spotbugs-maven-plugin:4.2.3-SNAPSHOT:check (default-cli) > :spotbugs @ code-assert-parent >>>
[INFO] 
[INFO] --- spotbugs-maven-plugin:4.2.3-SNAPSHOT:spotbugs (spotbugs) @ code-assert-parent ---
[INFO] 
[INFO] <<< spotbugs-maven-plugin:4.2.3-SNAPSHOT:check (default-cli) < :spotbugs @ code-assert-parent <<<
[INFO] 
[INFO] 
[INFO] --- spotbugs-maven-plugin:4.2.3-SNAPSHOT:check (default-cli) @ code-assert-parent ---
[INFO] 
[INFO] ---------------------< guru.nidi:code-assert-core >---------------------
[INFO] Building code-assert-core 0.9.16-SNAPSHOT                          [2/5]
[INFO] --------------------------------[ jar ]---------------------------------
[INFO] 
[INFO] >>> spotbugs-maven-plugin:4.2.3-SNAPSHOT:check (default-cli) > :spotbugs @ code-assert-core >>>
[INFO] 
[INFO] --- spotbugs-maven-plugin:4.2.3-SNAPSHOT:spotbugs (spotbugs) @ code-assert-core ---
[INFO] Fork Value is true
[INFO] Done SpotBugs Analysis....
[INFO] 
[INFO] <<< spotbugs-maven-plugin:4.2.3-SNAPSHOT:check (default-cli) < :spotbugs @ code-assert-core <<<
[INFO] 
[INFO] 
[INFO] --- spotbugs-maven-plugin:4.2.3-SNAPSHOT:check (default-cli) @ code-assert-core ---
[INFO] BugInstance size is 8
[INFO] Error size is 0
[INFO] Total bugs: 8
[ERROR] Medium: guru.nidi.codeassert.config.ValuedLocation.getAppliedLimits() may expose internal representation by returning ValuedLocation.appliedLimits [guru.nidi.codeassert.config.ValuedLocation] At ValuedLocation.java:[line 44] EI_EXPOSE_REP
[ERROR] Medium: guru.nidi.codeassert.config.ValuedLocation.getValues() may expose internal representation by returning ValuedLocation.values [guru.nidi.codeassert.config.ValuedLocation] At ValuedLocation.java:[line 40] EI_EXPOSE_REP
[ERROR] Medium: new guru.nidi.codeassert.config.ValuedLocation(String, String, double[]) may expose internal representation by storing an externally mutable object into ValuedLocation.values [guru.nidi.codeassert.config.ValuedLocation] At ValuedLocation.java:[line 27] EI_EXPOSE_REP2
[ERROR] Low: Class guru.nidi.codeassert.dependency.AmbiguousRuleException defines non-transient non-serializable instance field rule [guru.nidi.codeassert.dependency.AmbiguousRuleException] In AmbiguousRuleException.java SE_BAD_FIELD
[ERROR] Medium: guru.nidi.codeassert.dependency.DependencyCycleMatcher$DependencyMapComparator implements Comparator but not Serializable [guru.nidi.codeassert.dependency.DependencyCycleMatcher$DependencyMapComparator] At DependencyCycleMatcher.java:[lines 60-79] SE_COMPARATOR_SHOULD_BE_SERIALIZABLE
[ERROR] Medium: guru.nidi.codeassert.jacoco.Coverage defines compareTo(Coverage) and uses Object.equals() [guru.nidi.codeassert.jacoco.Coverage] At Coverage.java:[line 116] EQ_COMPARETO_USE_OBJECT_EQUALS
[ERROR] Medium: guru.nidi.codeassert.jacoco.JacocoResult.getTypes() may expose internal representation by returning JacocoResult.types [guru.nidi.codeassert.jacoco.JacocoResult] At JacocoResult.java:[line 34] EI_EXPOSE_REP
[ERROR] Low: Unread field: guru.nidi.codeassert.model.Constant.typeIndex [guru.nidi.codeassert.model.Constant] At Constant.java:[line 95] URF_UNREAD_FIELD
[INFO] 


To see bug detail using the Spotbugs GUI, use the following command "mvn spotbugs:gui"



[INFO] 
[INFO] -----------------------< guru.nidi:code-assert >------------------------
[INFO] Building code-assert 0.9.16-SNAPSHOT                               [3/5]
[INFO] --------------------------------[ jar ]---------------------------------
[INFO] 
[INFO] >>> spotbugs-maven-plugin:4.2.3-SNAPSHOT:check (default-cli) > :spotbugs @ code-assert >>>
[INFO] 
[INFO] --- spotbugs-maven-plugin:4.2.3-SNAPSHOT:spotbugs (spotbugs) @ code-assert ---
[INFO] Fork Value is true
[INFO] Done SpotBugs Analysis....
[INFO] 
[INFO] <<< spotbugs-maven-plugin:4.2.3-SNAPSHOT:check (default-cli) < :spotbugs @ code-assert <<<
[INFO] 
[INFO] 
[INFO] --- spotbugs-maven-plugin:4.2.3-SNAPSHOT:check (default-cli) @ code-assert ---
[INFO] BugInstance size is 16
[INFO] Error size is 0
[INFO] Total bugs: 16
[ERROR] Low: Invocation of reflect.Field.setAccessible(boolean), which should be invoked from within a doPrivileged block, in guru.nidi.codeassert.pmd.PmdRuleset.apply(RuleSets) [guru.nidi.codeassert.pmd.PmdRuleset] At PmdRuleset.java:[line 35] DP_DO_INSIDE_DO_PRIVILEGED
[ERROR] Medium: Unread field: guru.nidi.codeassert.pmd.PmdRulesets$Codesize.methodCount [guru.nidi.codeassert.pmd.PmdRulesets$Codesize] At PmdRulesets.java:[line 130] URF_UNREAD_FIELD
[ERROR] Medium: Unread field: guru.nidi.codeassert.pmd.PmdRulesets$Codesize.methodLength [guru.nidi.codeassert.pmd.PmdRulesets$Codesize] At PmdRulesets.java:[line 125] URF_UNREAD_FIELD
[ERROR] Medium: Unread field: guru.nidi.codeassert.pmd.PmdRulesets$Comments.enums [guru.nidi.codeassert.pmd.PmdRulesets$Comments] At PmdRulesets.java:[line 206] URF_UNREAD_FIELD
[ERROR] Medium: Unread field: guru.nidi.codeassert.pmd.PmdRulesets$Comments.field [guru.nidi.codeassert.pmd.PmdRulesets$Comments] At PmdRulesets.java:[line 191] URF_UNREAD_FIELD
[ERROR] Medium: Unread field: guru.nidi.codeassert.pmd.PmdRulesets$Comments.header [guru.nidi.codeassert.pmd.PmdRulesets$Comments] At PmdRulesets.java:[line 186] URF_UNREAD_FIELD
[ERROR] Medium: Unread field: guru.nidi.codeassert.pmd.PmdRulesets$Comments.maxLineLength [guru.nidi.codeassert.pmd.PmdRulesets$Comments] At PmdRulesets.java:[line 221] URF_UNREAD_FIELD
[ERROR] Medium: Unread field: guru.nidi.codeassert.pmd.PmdRulesets$Comments.maxLines [guru.nidi.codeassert.pmd.PmdRulesets$Comments] At PmdRulesets.java:[line 216] URF_UNREAD_FIELD
[ERROR] Medium: Unread field: guru.nidi.codeassert.pmd.PmdRulesets$Comments.protectedMethod [guru.nidi.codeassert.pmd.PmdRulesets$Comments] At PmdRulesets.java:[line 201] URF_UNREAD_FIELD
[ERROR] Medium: Unread field: guru.nidi.codeassert.pmd.PmdRulesets$Comments.publicMethod [guru.nidi.codeassert.pmd.PmdRulesets$Comments] At PmdRulesets.java:[line 196] URF_UNREAD_FIELD
[ERROR] Medium: Unread field: guru.nidi.codeassert.pmd.PmdRulesets$Comments.serialVersionUID [guru.nidi.codeassert.pmd.PmdRulesets$Comments] At PmdRulesets.java:[line 211] URF_UNREAD_FIELD
[ERROR] Medium: Unread field: guru.nidi.codeassert.pmd.PmdRulesets$Empty.allowCommented [guru.nidi.codeassert.pmd.PmdRulesets$Empty] At PmdRulesets.java:[line 144] URF_UNREAD_FIELD
[ERROR] Medium: Unread field: guru.nidi.codeassert.pmd.PmdRulesets$Naming.classMinLen [guru.nidi.codeassert.pmd.PmdRulesets$Naming] At PmdRulesets.java:[line 252] URF_UNREAD_FIELD
[ERROR] Medium: Unread field: guru.nidi.codeassert.pmd.PmdRulesets$Naming.methodMinLen [guru.nidi.codeassert.pmd.PmdRulesets$Naming] At PmdRulesets.java:[line 247] URF_UNREAD_FIELD
[ERROR] Medium: Unread field: guru.nidi.codeassert.pmd.PmdRulesets$Naming.varMaxLen [guru.nidi.codeassert.pmd.PmdRulesets$Naming] At PmdRulesets.java:[line 242] URF_UNREAD_FIELD
[ERROR] Medium: Unread field: guru.nidi.codeassert.pmd.PmdRulesets$Naming.varMinLen [guru.nidi.codeassert.pmd.PmdRulesets$Naming] At PmdRulesets.java:[line 241] URF_UNREAD_FIELD
[INFO] 


To see bug detail using the Spotbugs GUI, use the following command "mvn spotbugs:gui"



[INFO] 
[INFO] -----------------< guru.nidi:code-assert-maven-plugin >-----------------
[INFO] Building code-assert-maven-plugin 0.9.16-SNAPSHOT                  [4/5]
[INFO] ----------------------------[ maven-plugin ]----------------------------
[INFO] 
[INFO] >>> spotbugs-maven-plugin:4.2.3-SNAPSHOT:check (default-cli) > :spotbugs @ code-assert-maven-plugin >>>
[INFO] 
[INFO] --- spotbugs-maven-plugin:4.2.3-SNAPSHOT:spotbugs (spotbugs) @ code-assert-maven-plugin ---
[INFO] Fork Value is true
[INFO] Done SpotBugs Analysis....
[INFO] 
[INFO] <<< spotbugs-maven-plugin:4.2.3-SNAPSHOT:check (default-cli) < :spotbugs @ code-assert-maven-plugin <<<
[INFO] 
[INFO] 
[INFO] --- spotbugs-maven-plugin:4.2.3-SNAPSHOT:check (default-cli) @ code-assert-maven-plugin ---
[INFO] BugInstance size is 1
[INFO] Error size is 0
[INFO] Total bugs: 1
[ERROR] Medium: Exceptional return value of java.io.File.mkdirs() ignored in guru.nidi.codeassert.PrepareMojo.writeArgLineFile() [guru.nidi.codeassert.PrepareMojo] At PrepareMojo.java:[line 67] RV_RETURN_VALUE_IGNORED_BAD_PRACTICE
[INFO] 


To see bug detail using the Spotbugs GUI, use the following command "mvn spotbugs:gui"



[INFO] 
[INFO] ---------------------< guru.nidi:code-assert-gui >----------------------
[INFO] Building code-assert-gui 0.9.16-SNAPSHOT                           [5/5]
[INFO] --------------------------------[ jar ]---------------------------------
[INFO] 
[INFO] >>> spotbugs-maven-plugin:4.2.3-SNAPSHOT:check (default-cli) > :spotbugs @ code-assert-gui >>>
[INFO] 
[INFO] --- spotbugs-maven-plugin:4.2.3-SNAPSHOT:spotbugs (spotbugs) @ code-assert-gui ---
[INFO] Fork Value is true
[INFO] Done SpotBugs Analysis....
[INFO] 
[INFO] <<< spotbugs-maven-plugin:4.2.3-SNAPSHOT:check (default-cli) < :spotbugs @ code-assert-gui <<<
[INFO] 
[INFO] 
[INFO] --- spotbugs-maven-plugin:4.2.3-SNAPSHOT:check (default-cli) @ code-assert-gui ---
[INFO] BugInstance size is 2
[INFO] Error size is 0
[INFO] Total bugs: 2
[ERROR] Low: guru.nidi.codeassert.gui.CodeClassSerializer is Serializable; consider declaring a serialVersionUID [guru.nidi.codeassert.gui.CodeClassSerializer] At CodeClassSerializer.java:[lines 27-49] SE_NO_SERIALVERSIONID
[ERROR] Low: guru.nidi.codeassert.gui.CodePackageSerializer is Serializable; consider declaring a serialVersionUID [guru.nidi.codeassert.gui.CodePackageSerializer] At CodePackageSerializer.java:[lines 26-46] SE_NO_SERIALVERSIONID
[INFO] 


To see bug detail using the Spotbugs GUI, use the following command "mvn spotbugs:gui"



[INFO] ------------------------------------------------------------------------
[INFO] Reactor Summary for code-assert-parent 0.9.16-SNAPSHOT:
[INFO] 
[INFO] code-assert-parent ................................. SUCCESS [  0.793 s]
[INFO] code-assert-core ................................... FAILURE [  4.972 s]
[INFO] code-assert ........................................ FAILURE [  4.997 s]
[INFO] code-assert-maven-plugin ........................... FAILURE [  2.107 s]
[INFO] code-assert-gui .................................... FAILURE [  2.670 s]
[INFO] ------------------------------------------------------------------------
[INFO] BUILD FAILURE
[INFO] ------------------------------------------------------------------------
[INFO] Total time:  16.737 s
[INFO] Finished at: 2021-04-08T23:08:31+08:00
[INFO] ------------------------------------------------------------------------
[ERROR] Failed to execute goal com.github.spotbugs:spotbugs-maven-plugin:4.2.3-SNAPSHOT:check (default-cli) on project code-assert-core: failed with 8 bugs and 0 errors -> [Help 1]
[ERROR] Failed to execute goal com.github.spotbugs:spotbugs-maven-plugin:4.2.3-SNAPSHOT:check (default-cli) on project code-assert: failed with 16 bugs and 0 errors -> [Help 1]
[ERROR] Failed to execute goal com.github.spotbugs:spotbugs-maven-plugin:4.2.3-SNAPSHOT:check (default-cli) on project code-assert-maven-plugin: failed with 1 bugs and 0 errors -> [Help 1]
[ERROR] Failed to execute goal com.github.spotbugs:spotbugs-maven-plugin:4.2.3-SNAPSHOT:check (default-cli) on project code-assert-gui: failed with 2 bugs and 0 errors -> [Help 1]
[ERROR] 
[ERROR] To see the full stack trace of the errors, re-run Maven with the -e switch.
[ERROR] Re-run Maven using the -X switch to enable full debug logging.
[ERROR] 
[ERROR] For more information about the errors and possible solutions, please read the following articles:
[ERROR] [Help 1] http://cwiki.apache.org/confluence/display/MAVEN/MojoExecutionException
[ERROR] 
[ERROR] After correcting the problems, you can resume the build with the command
[ERROR]   mvn <args> -rf :code-assert-core
[INFO] Build failures were ignored.
